2016-11-21 14:21:20,136 [main] INFO  org.springframework.web.context.ContextLoader - Root WebApplicationContext: initialization started
2016-11-21 14:21:20,298 [main] INFO  org.springframework.web.context.support.XmlWebApplicationContext - Refreshing Root WebApplicationContext: startup date [Mon Nov 21 14:21:20 CST 2016]; root of context hierarchy
2016-11-21 14:21:20,348 [main] INFO  org.springframework.beans.factory.xml.XmlBeanDefinitionReader - Loading XML bean definitions from class path resource [spring-mvc.xml]
2016-11-21 14:21:20,979 [main] INFO  org.springframework.beans.factory.config.PropertyPlaceholderConfigurer - Loading properties file from class path resource [config/paoding/paoding-analyzer.properties]
2016-11-21 14:21:20,979 [main] INFO  org.springframework.beans.factory.config.PropertyPlaceholderConfigurer - Loading properties file from class path resource [config/profile/config.properties]
2016-11-21 14:21:20,984 [main] INFO  org.springframework.beans.factory.annotation.AutowiredAnnotationBeanPostProcessor - JSR-330 'javax.inject.Inject' annotation found and supported for autowiring
2016-11-21 14:21:21,835 [main] INFO  io.searchbox.client.AbstractJestClient - Setting server pool to a list of 1 servers: [http://192.168.5.39]
2016-11-21 14:21:21,838 [main] INFO  io.searchbox.client.JestClientFactory - Using multi thread/connection supporting pooling connection manager
2016-11-21 14:21:22,001 [main] INFO  io.searchbox.client.JestClientFactory - Using default GSON instance
2016-11-21 14:21:22,001 [main] INFO  io.searchbox.client.JestClientFactory - Node Discovery disabled...
2016-11-21 14:21:22,001 [main] INFO  io.searchbox.client.JestClientFactory - Idle connection reaping disabled...
2016-11-21 14:21:22,288 [main] INFO  org.springframework.web.servlet.mvc.method.annotation.RequestMappingHandlerMapping - Mapped "{[/page/{path}/{file}],methods=[GET]}" onto public java.lang.String com.icinfo.springmvc.common.controller.CommonController.toPage(java.lang.String,java.lang.String)
2016-11-21 14:21:22,290 [main] INFO  org.springframework.web.servlet.mvc.method.annotation.RequestMappingHandlerMapping - Mapped "{[/es/page],methods=[GET],produces=[text/html;charset=UTF-8]}" onto public java.lang.String com.icinfo.springmvc.elasticsearch.controller.EsController.page(java.lang.String,int,int) throws java.lang.Exception
2016-11-21 14:21:22,291 [main] INFO  org.springframework.web.servlet.mvc.method.annotation.RequestMappingHandlerMapping - Mapped "{[/es/getdocs],methods=[GET],produces=[text/html;charset=UTF-8]}" onto public java.lang.String com.icinfo.springmvc.elasticsearch.controller.EsController.getDocs(java.lang.String,java.lang.String,java.lang.String) throws java.lang.Exception
2016-11-21 14:21:22,294 [main] INFO  org.springframework.web.servlet.mvc.method.annotation.RequestMappingHandlerMapping - Mapped "{[/search],methods=[GET],produces=[text/html;charset=UTF-8]}" onto public java.lang.String com.icinfo.springmvc.elasticsearch.controller.JestClientController.search(java.lang.String) throws java.io.IOException
2016-11-21 14:21:22,295 [main] INFO  org.springframework.web.servlet.mvc.method.annotation.RequestMappingHandlerMapping - Mapped "{[/page],methods=[GET],produces=[text/html;charset=UTF-8]}" onto public java.lang.String com.icinfo.springmvc.elasticsearch.controller.JestClientController.page(java.lang.String,int,int) throws java.lang.Exception
2016-11-21 14:21:22,295 [main] INFO  org.springframework.web.servlet.mvc.method.annotation.RequestMappingHandlerMapping - Mapped "{[/createindex],methods=[GET]}" onto public void com.icinfo.springmvc.elasticsearch.controller.JestClientController.createIndex(java.lang.String,java.lang.String) throws java.lang.Exception
2016-11-21 14:21:22,295 [main] INFO  org.springframework.web.servlet.mvc.method.annotation.RequestMappingHandlerMapping - Mapped "{[/getarticle],methods=[GET],produces=[text/html;charset=UTF-8]}" onto public java.lang.String com.icinfo.springmvc.elasticsearch.controller.JestClientController.getArticle(java.lang.String) throws java.lang.Exception
2016-11-21 14:21:22,314 [main] INFO  org.springframework.web.servlet.mvc.method.annotation.RequestMappingHandlerMapping - Mapped "{[/updatearticle],methods=[GET],produces=[text/html;charset=UTF-8]}" onto public java.lang.String com.icinfo.springmvc.elasticsearch.controller.JestClientController.updateArtcle(java.lang.String,java.lang.String,java.lang.String) throws java.lang.Exception
2016-11-21 14:21:22,314 [main] INFO  org.springframework.web.servlet.mvc.method.annotation.RequestMappingHandlerMapping - Mapped "{[/deletearticle],methods=[GET],produces=[text/html;charset=UTF-8]}" onto public java.lang.String com.icinfo.springmvc.elasticsearch.controller.JestClientController.deleteArticle(java.lang.String,java.lang.String,java.lang.String) throws java.lang.Exception
2016-11-21 14:21:22,317 [main] WARN  org.springframework.web.context.support.XmlWebApplicationContext - Exception encountered during context initialization - cancelling refresh attempt: org.springframework.beans.factory.BeanCreationException: Error creating bean with name 'org.springframework.web.servlet.mvc.method.annotation.RequestMappingHandlerMapping': Invocation of init method failed; nested exception is java.lang.IllegalStateException: Ambiguous mapping. Cannot map 'searchController' method 
public java.lang.String com.icinfo.springmvc.elasticsearch.controller.SearchController.search(java.lang.String)
to {[/search],methods=[GET],produces=[text/html;charset=UTF-8]}: There is already 'jestClientController' bean method
public java.lang.String com.icinfo.springmvc.elasticsearch.controller.JestClientController.search(java.lang.String) throws java.io.IOException mapped.
2016-11-21 14:21:22,323 [main] ERROR org.springframework.web.context.ContextLoader - Context initialization failed
org.springframework.beans.factory.BeanCreationException: Error creating bean with name 'org.springframework.web.servlet.mvc.method.annotation.RequestMappingHandlerMapping': Invocation of init method failed; nested exception is java.lang.IllegalStateException: Ambiguous mapping. Cannot map 'searchController' method 
public java.lang.String com.icinfo.springmvc.elasticsearch.controller.SearchController.search(java.lang.String)
to {[/search],methods=[GET],produces=[text/html;charset=UTF-8]}: There is already 'jestClientController' bean method
public java.lang.String com.icinfo.springmvc.elasticsearch.controller.JestClientController.search(java.lang.String) throws java.io.IOException mapped.
	at org.springframework.beans.factory.support.AbstractAutowireCapableBeanFactory.initializeBean(AbstractAutowireCapableBeanFactory.java:1583) ~[spring-beans-4.3.3.RELEASE.jar:4.3.3.RELEASE]
	at org.springframework.beans.factory.support.AbstractAutowireCapableBeanFactory.doCreateBean(AbstractAutowireCapableBeanFactory.java:545) ~[spring-beans-4.3.3.RELEASE.jar:4.3.3.RELEASE]
	at org.springframework.beans.factory.support.AbstractAutowireCapableBeanFactory.createBean(AbstractAutowireCapableBeanFactory.java:482) ~[spring-beans-4.3.3.RELEASE.jar:4.3.3.RELEASE]
	at org.springframework.beans.factory.support.AbstractBeanFactory$1.getObject(AbstractBeanFactory.java:306) ~[spring-beans-4.3.3.RELEASE.jar:4.3.3.RELEASE]
	at org.springframework.beans.factory.support.DefaultSingletonBeanRegistry.getSingleton(DefaultSingletonBeanRegistry.java:230) ~[spring-beans-4.3.3.RELEASE.jar:4.3.3.RELEASE]
	at org.springframework.beans.factory.support.AbstractBeanFactory.doGetBean(AbstractBeanFactory.java:302) ~[spring-beans-4.3.3.RELEASE.jar:4.3.3.RELEASE]
	at org.springframework.beans.factory.support.AbstractBeanFactory.getBean(AbstractBeanFactory.java:197) ~[spring-beans-4.3.3.RELEASE.jar:4.3.3.RELEASE]
	at org.springframework.beans.factory.support.DefaultListableBeanFactory.preInstantiateSingletons(DefaultListableBeanFactory.java:751) ~[spring-beans-4.3.3.RELEASE.jar:4.3.3.RELEASE]
	at org.springframework.context.support.AbstractApplicationContext.finishBeanFactoryInitialization(AbstractApplicationContext.java:861) ~[spring-context-4.3.3.RELEASE.jar:4.3.3.RELEASE]
	at org.springframework.context.support.AbstractApplicationContext.refresh(AbstractApplicationContext.java:541) ~[spring-context-4.3.3.RELEASE.jar:4.3.3.RELEASE]
	at org.springframework.web.context.ContextLoader.configureAndRefreshWebApplicationContext(ContextLoader.java:444) ~[spring-web-4.2.6.RELEASE.jar:4.2.6.RELEASE]
	at org.springframework.web.context.ContextLoader.initWebApplicationContext(ContextLoader.java:326) ~[spring-web-4.2.6.RELEASE.jar:4.2.6.RELEASE]
	at org.springframework.web.context.ContextLoaderListener.contextInitialized(ContextLoaderListener.java:107) [spring-web-4.2.6.RELEASE.jar:4.2.6.RELEASE]
	at org.eclipse.jetty.server.handler.ContextHandler.callContextInitialized(ContextHandler.java:843) [jetty-server-9.3.11.v20160721.jar:9.3.11.v20160721]
	at org.eclipse.jetty.servlet.ServletContextHandler.callContextInitialized(ServletContextHandler.java:533) [jetty-servlet-9.3.11.v20160721.jar:9.3.11.v20160721]
	at org.eclipse.jetty.server.handler.ContextHandler.startContext(ContextHandler.java:816) [jetty-server-9.3.11.v20160721.jar:9.3.11.v20160721]
	at org.eclipse.jetty.servlet.ServletContextHandler.startContext(ServletContextHandler.java:345) [jetty-servlet-9.3.11.v20160721.jar:9.3.11.v20160721]
	at org.eclipse.jetty.webapp.WebAppContext.startWebapp(WebAppContext.java:1404) [jetty-webapp-9.3.11.v20160721.jar:9.3.11.v20160721]
	at org.eclipse.jetty.maven.plugin.JettyWebAppContext.startWebapp(JettyWebAppContext.java:323) [jetty-maven-plugin-9.3.11.v20160721.jar:9.3.11.v20160721]
	at org.eclipse.jetty.webapp.WebAppContext.startContext(WebAppContext.java:1366) [jetty-webapp-9.3.11.v20160721.jar:9.3.11.v20160721]
	at org.eclipse.jetty.server.handler.ContextHandler.doStart(ContextHandler.java:778) [jetty-server-9.3.11.v20160721.jar:9.3.11.v20160721]
	at org.eclipse.jetty.servlet.ServletContextHandler.doStart(ServletContextHandler.java:262) [jetty-servlet-9.3.11.v20160721.jar:9.3.11.v20160721]
	at org.eclipse.jetty.webapp.WebAppContext.doStart(WebAppContext.java:520) [jetty-webapp-9.3.11.v20160721.jar:9.3.11.v20160721]
	at org.eclipse.jetty.maven.plugin.JettyWebAppContext.doStart(JettyWebAppContext.java:398) [jetty-maven-plugin-9.3.11.v20160721.jar:9.3.11.v20160721]
	at org.eclipse.jetty.util.component.AbstractLifeCycle.start(AbstractLifeCycle.java:68) [jetty-util-9.3.11.v20160721.jar:9.3.11.v20160721]
	at org.eclipse.jetty.util.component.ContainerLifeCycle.start(ContainerLifeCycle.java:132) [jetty-util-9.3.11.v20160721.jar:9.3.11.v20160721]
	at org.eclipse.jetty.util.component.ContainerLifeCycle.doStart(ContainerLifeCycle.java:114) [jetty-util-9.3.11.v20160721.jar:9.3.11.v20160721]
	at org.eclipse.jetty.server.handler.AbstractHandler.doStart(AbstractHandler.java:61) [jetty-server-9.3.11.v20160721.jar:9.3.11.v20160721]
	at org.eclipse.jetty.server.handler.ContextHandlerCollection.doStart(ContextHandlerCollection.java:161) [jetty-server-9.3.11.v20160721.jar:9.3.11.v20160721]
	at org.eclipse.jetty.util.component.AbstractLifeCycle.start(AbstractLifeCycle.java:68) [jetty-util-9.3.11.v20160721.jar:9.3.11.v20160721]
	at org.eclipse.jetty.util.component.ContainerLifeCycle.start(ContainerLifeCycle.java:132) [jetty-util-9.3.11.v20160721.jar:9.3.11.v20160721]
	at org.eclipse.jetty.util.component.ContainerLifeCycle.doStart(ContainerLifeCycle.java:114) [jetty-util-9.3.11.v20160721.jar:9.3.11.v20160721]
	at org.eclipse.jetty.server.handler.AbstractHandler.doStart(AbstractHandler.java:61) [jetty-server-9.3.11.v20160721.jar:9.3.11.v20160721]
	at org.eclipse.jetty.util.component.AbstractLifeCycle.start(AbstractLifeCycle.java:68) [jetty-util-9.3.11.v20160721.jar:9.3.11.v20160721]
	at org.eclipse.jetty.util.component.ContainerLifeCycle.start(ContainerLifeCycle.java:132) [jetty-util-9.3.11.v20160721.jar:9.3.11.v20160721]
	at org.eclipse.jetty.server.Server.start(Server.java:411) [jetty-server-9.3.11.v20160721.jar:9.3.11.v20160721]
	at org.eclipse.jetty.util.component.ContainerLifeCycle.doStart(ContainerLifeCycle.java:106) [jetty-util-9.3.11.v20160721.jar:9.3.11.v20160721]
	at org.eclipse.jetty.server.handler.AbstractHandler.doStart(AbstractHandler.java:61) [jetty-server-9.3.11.v20160721.jar:9.3.11.v20160721]
	at org.eclipse.jetty.server.Server.doStart(Server.java:378) [jetty-server-9.3.11.v20160721.jar:9.3.11.v20160721]
	at org.eclipse.jetty.util.component.AbstractLifeCycle.start(AbstractLifeCycle.java:68) [jetty-util-9.3.11.v20160721.jar:9.3.11.v20160721]
	at org.eclipse.jetty.maven.plugin.AbstractJettyMojo.startJetty(AbstractJettyMojo.java:460) [jetty-maven-plugin-9.3.11.v20160721.jar:9.3.11.v20160721]
	at org.eclipse.jetty.maven.plugin.AbstractJettyMojo.execute(AbstractJettyMojo.java:328) [jetty-maven-plugin-9.3.11.v20160721.jar:9.3.11.v20160721]
	at org.eclipse.jetty.maven.plugin.JettyRunMojo.execute(JettyRunMojo.java:170) [jetty-maven-plugin-9.3.11.v20160721.jar:9.3.11.v20160721]
	at org.apache.maven.plugin.DefaultBuildPluginManager.executeMojo(DefaultBuildPluginManager.java:101) [maven-core-3.0.5.jar:3.0.5]
	at org.apache.maven.lifecycle.internal.MojoExecutor.execute(MojoExecutor.java:209) [maven-core-3.0.5.jar:3.0.5]
	at org.apache.maven.lifecycle.internal.MojoExecutor.execute(MojoExecutor.java:153) [maven-core-3.0.5.jar:3.0.5]
	at org.apache.maven.lifecycle.internal.MojoExecutor.execute(MojoExecutor.java:145) [maven-core-3.0.5.jar:3.0.5]
	at org.apache.maven.lifecycle.internal.LifecycleModuleBuilder.buildProject(LifecycleModuleBuilder.java:84) [maven-core-3.0.5.jar:3.0.5]
	at org.apache.maven.lifecycle.internal.LifecycleModuleBuilder.buildProject(LifecycleModuleBuilder.java:59) [maven-core-3.0.5.jar:3.0.5]
	at org.apache.maven.lifecycle.internal.LifecycleStarter.singleThreadedBuild(LifecycleStarter.java:183) [maven-core-3.0.5.jar:3.0.5]
	at org.apache.maven.lifecycle.internal.LifecycleStarter.execute(LifecycleStarter.java:161) [maven-core-3.0.5.jar:3.0.5]
	at org.apache.maven.DefaultMaven.doExecute(DefaultMaven.java:320) [maven-core-3.0.5.jar:3.0.5]
	at org.apache.maven.DefaultMaven.execute(DefaultMaven.java:156) [maven-core-3.0.5.jar:3.0.5]
	at org.apache.maven.cli.MavenCli.execute(MavenCli.java:537) [maven-embedder-3.0.5.jar:3.0.5]
	at org.apache.maven.cli.MavenCli.doMain(MavenCli.java:196) [maven-embedder-3.0.5.jar:3.0.5]
	at org.apache.maven.cli.MavenCli.main(MavenCli.java:141) [maven-embedder-3.0.5.jar:3.0.5]
	at sun.reflect.NativeMethodAccessorImpl.invoke0(Native Method) ~[na:1.8.0_65]
	at sun.reflect.NativeMethodAccessorImpl.invoke(NativeMethodAccessorImpl.java:62) ~[na:1.8.0_65]
	at sun.reflect.DelegatingMethodAccessorImpl.invoke(DelegatingMethodAccessorImpl.java:43) ~[na:1.8.0_65]
	at java.lang.reflect.Method.invoke(Method.java:497) ~[na:1.8.0_65]
	at org.codehaus.plexus.classworlds.launcher.Launcher.launchEnhanced(Launcher.java:290) [plexus-classworlds-2.4.jar:na]
	at org.codehaus.plexus.classworlds.launcher.Launcher.launch(Launcher.java:230) [plexus-classworlds-2.4.jar:na]
	at org.codehaus.plexus.classworlds.launcher.Launcher.mainWithExitCode(Launcher.java:409) [plexus-classworlds-2.4.jar:na]
	at org.codehaus.plexus.classworlds.launcher.Launcher.main(Launcher.java:352) [plexus-classworlds-2.4.jar:na]
	at org.codehaus.classworlds.Launcher.main(Launcher.java:47) [plexus-classworlds-2.4.jar:na]
	at sun.reflect.NativeMethodAccessorImpl.invoke0(Native Method) ~[na:1.8.0_65]
	at sun.reflect.NativeMethodAccessorImpl.invoke(NativeMethodAccessorImpl.java:62) ~[na:1.8.0_65]
	at sun.reflect.DelegatingMethodAccessorImpl.invoke(DelegatingMethodAccessorImpl.java:43) ~[na:1.8.0_65]
	at java.lang.reflect.Method.invoke(Method.java:497) ~[na:1.8.0_65]
	at com.intellij.rt.execution.application.AppMain.main(AppMain.java:144) [idea_rt.jar:na]
Caused by: java.lang.IllegalStateException: Ambiguous mapping. Cannot map 'searchController' method 
public java.lang.String com.icinfo.springmvc.elasticsearch.controller.SearchController.search(java.lang.String)
to {[/search],methods=[GET],produces=[text/html;charset=UTF-8]}: There is already 'jestClientController' bean method
public java.lang.String com.icinfo.springmvc.elasticsearch.controller.JestClientController.search(java.lang.String) throws java.io.IOException mapped.
	at org.springframework.web.servlet.handler.AbstractHandlerMethodMapping$MappingRegistry.assertUniqueMethodMapping(AbstractHandlerMethodMapping.java:567) ~[spring-webmvc-4.2.6.RELEASE.jar:4.2.6.RELEASE]
	at org.springframework.web.servlet.handler.AbstractHandlerMethodMapping$MappingRegistry.register(AbstractHandlerMethodMapping.java:531) ~[spring-webmvc-4.2.6.RELEASE.jar:4.2.6.RELEASE]
	at org.springframework.web.servlet.handler.AbstractHandlerMethodMapping.registerHandlerMethod(AbstractHandlerMethodMapping.java:255) ~[spring-webmvc-4.2.6.RELEASE.jar:4.2.6.RELEASE]
	at org.springframework.web.servlet.handler.AbstractHandlerMethodMapping.detectHandlerMethods(AbstractHandlerMethodMapping.java:241) ~[spring-webmvc-4.2.6.RELEASE.jar:4.2.6.RELEASE]
	at org.springframework.web.servlet.handler.AbstractHandlerMethodMapping.initHandlerMethods(AbstractHandlerMethodMapping.java:213) ~[spring-webmvc-4.2.6.RELEASE.jar:4.2.6.RELEASE]
	at org.springframework.web.servlet.handler.AbstractHandlerMethodMapping.afterPropertiesSet(AbstractHandlerMethodMapping.java:183) ~[spring-webmvc-4.2.6.RELEASE.jar:4.2.6.RELEASE]
	at org.springframework.web.servlet.mvc.method.annotation.RequestMappingHandlerMapping.afterPropertiesSet(RequestMappingHandlerMapping.java:125) ~[spring-webmvc-4.2.6.RELEASE.jar:4.2.6.RELEASE]
	at org.springframework.beans.factory.support.AbstractAutowireCapableBeanFactory.invokeInitMethods(AbstractAutowireCapableBeanFactory.java:1642) ~[spring-beans-4.3.3.RELEASE.jar:4.3.3.RELEASE]
	at org.springframework.beans.factory.support.AbstractAutowireCapableBeanFactory.initializeBean(AbstractAutowireCapableBeanFactory.java:1579) ~[spring-beans-4.3.3.RELEASE.jar:4.3.3.RELEASE]
	... 69 common frames omitted
2016-11-21 14:24:28,833 [main] INFO  org.springframework.web.context.ContextLoader - Root WebApplicationContext: initialization started
2016-11-21 14:24:28,892 [main] INFO  org.springframework.web.context.support.XmlWebApplicationContext - Refreshing Root WebApplicationContext: startup date [Mon Nov 21 14:24:28 CST 2016]; root of context hierarchy
2016-11-21 14:24:28,920 [main] INFO  org.springframework.beans.factory.xml.XmlBeanDefinitionReader - Loading XML bean definitions from class path resource [spring-mvc.xml]
2016-11-21 14:24:29,367 [main] INFO  org.springframework.beans.factory.config.PropertyPlaceholderConfigurer - Loading properties file from class path resource [config/paoding/paoding-analyzer.properties]
2016-11-21 14:24:29,367 [main] INFO  org.springframework.beans.factory.config.PropertyPlaceholderConfigurer - Loading properties file from class path resource [config/profile/config.properties]
2016-11-21 14:24:29,374 [main] INFO  org.springframework.beans.factory.annotation.AutowiredAnnotationBeanPostProcessor - JSR-330 'javax.inject.Inject' annotation found and supported for autowiring
2016-11-21 14:24:30,341 [main] INFO  io.searchbox.client.AbstractJestClient - Setting server pool to a list of 1 servers: [http://192.168.5.39]
2016-11-21 14:24:30,343 [main] INFO  io.searchbox.client.JestClientFactory - Using multi thread/connection supporting pooling connection manager
2016-11-21 14:24:30,419 [main] INFO  io.searchbox.client.JestClientFactory - Using default GSON instance
2016-11-21 14:24:30,420 [main] INFO  io.searchbox.client.JestClientFactory - Node Discovery disabled...
2016-11-21 14:24:30,420 [main] INFO  io.searchbox.client.JestClientFactory - Idle connection reaping disabled...
2016-11-21 14:24:30,607 [main] INFO  org.springframework.web.servlet.mvc.method.annotation.RequestMappingHandlerMapping - Mapped "{[/page/{path}/{file}],methods=[GET]}" onto public java.lang.String com.icinfo.springmvc.common.controller.CommonController.toPage(java.lang.String,java.lang.String)
2016-11-21 14:24:30,609 [main] INFO  org.springframework.web.servlet.mvc.method.annotation.RequestMappingHandlerMapping - Mapped "{[/es/page],methods=[GET],produces=[text/html;charset=UTF-8]}" onto public java.lang.String com.icinfo.springmvc.elasticsearch.controller.EsController.page(java.lang.String,int,int) throws java.lang.Exception
2016-11-21 14:24:30,610 [main] INFO  org.springframework.web.servlet.mvc.method.annotation.RequestMappingHandlerMapping - Mapped "{[/es/getdocs],methods=[GET],produces=[text/html;charset=UTF-8]}" onto public java.lang.String com.icinfo.springmvc.elasticsearch.controller.EsController.getDocs(java.lang.String,java.lang.String,java.lang.String) throws java.lang.Exception
2016-11-21 14:24:30,613 [main] INFO  org.springframework.web.servlet.mvc.method.annotation.RequestMappingHandlerMapping - Mapped "{[/search],methods=[GET],produces=[text/html;charset=UTF-8]}" onto public java.lang.String com.icinfo.springmvc.elasticsearch.controller.JestClientController.search(java.lang.String) throws java.io.IOException
2016-11-21 14:24:30,613 [main] INFO  org.springframework.web.servlet.mvc.method.annotation.RequestMappingHandlerMapping - Mapped "{[/page],methods=[GET],produces=[text/html;charset=UTF-8]}" onto public java.lang.String com.icinfo.springmvc.elasticsearch.controller.JestClientController.page(java.lang.String,int,int) throws java.lang.Exception
2016-11-21 14:24:30,613 [main] INFO  org.springframework.web.servlet.mvc.method.annotation.RequestMappingHandlerMapping - Mapped "{[/createindex],methods=[GET]}" onto public void com.icinfo.springmvc.elasticsearch.controller.JestClientController.createIndex(java.lang.String,java.lang.String) throws java.lang.Exception
2016-11-21 14:24:30,613 [main] INFO  org.springframework.web.servlet.mvc.method.annotation.RequestMappingHandlerMapping - Mapped "{[/getarticle],methods=[GET],produces=[text/html;charset=UTF-8]}" onto public java.lang.String com.icinfo.springmvc.elasticsearch.controller.JestClientController.getArticle(java.lang.String) throws java.lang.Exception
2016-11-21 14:24:30,614 [main] INFO  org.springframework.web.servlet.mvc.method.annotation.RequestMappingHandlerMapping - Mapped "{[/updatearticle],methods=[GET],produces=[text/html;charset=UTF-8]}" onto public java.lang.String com.icinfo.springmvc.elasticsearch.controller.JestClientController.updateArtcle(java.lang.String,java.lang.String,java.lang.String) throws java.lang.Exception
2016-11-21 14:24:30,614 [main] INFO  org.springframework.web.servlet.mvc.method.annotation.RequestMappingHandlerMapping - Mapped "{[/deletearticle],methods=[GET],produces=[text/html;charset=UTF-8]}" onto public java.lang.String com.icinfo.springmvc.elasticsearch.controller.JestClientController.deleteArticle(java.lang.String,java.lang.String,java.lang.String) throws java.lang.Exception
2016-11-21 14:24:30,615 [main] INFO  org.springframework.web.servlet.mvc.method.annotation.RequestMappingHandlerMapping - Mapped "{[/file/upload],methods=[POST]}" onto public java.lang.String com.icinfo.springmvc.file.controller.UploadController.upload(org.springframework.web.multipart.MultipartFile,org.springframework.web.multipart.commons.CommonsMultipartFile,javax.servlet.http.HttpServletRequest,org.springframework.ui.Model)
2016-11-21 14:24:30,615 [main] INFO  org.springframework.web.servlet.mvc.method.annotation.RequestMappingHandlerMapping - Mapped "{[/file/toupload],methods=[GET]}" onto public java.lang.String com.icinfo.springmvc.file.controller.UploadController.toUpload()
2016-11-21 14:24:31,131 [main] INFO  org.springframework.web.servlet.mvc.method.annotation.RequestMappingHandlerAdapter - Looking for @ControllerAdvice: Root WebApplicationContext: startup date [Mon Nov 21 14:24:28 CST 2016]; root of context hierarchy
2016-11-21 14:24:31,175 [main] INFO  org.springframework.web.servlet.mvc.method.annotation.RequestMappingHandlerAdapter - Looking for @ControllerAdvice: Root WebApplicationContext: startup date [Mon Nov 21 14:24:28 CST 2016]; root of context hierarchy
2016-11-21 14:24:31,238 [main] INFO  org.springframework.web.servlet.handler.SimpleUrlHandlerMapping - Mapped URL path [/**] onto handler 'org.springframework.web.servlet.resource.DefaultServletHttpRequestHandler#0'
2016-11-21 14:24:31,253 [main] INFO  org.springframework.web.servlet.handler.SimpleUrlHandlerMapping - Mapped URL path [/css/**] onto handler 'org.springframework.web.servlet.resource.ResourceHttpRequestHandler#0'
2016-11-21 14:24:31,255 [main] INFO  org.springframework.web.servlet.handler.SimpleUrlHandlerMapping - Mapped URL path [/js/**] onto handler 'org.springframework.web.servlet.resource.ResourceHttpRequestHandler#1'
2016-11-21 14:24:31,357 [main] INFO  org.springframework.web.context.ContextLoader - Root WebApplicationContext: initialization completed in 2522 ms
2016-11-21 14:24:31,466 [main] INFO  org.elasticsearch.node - [Woo, Jimmy] {0.19.11}[8840]: initializing ...
2016-11-21 14:24:31,470 [main] INFO  org.elasticsearch.plugins - [Woo, Jimmy] loaded [], sites []
2016-11-21 14:24:32,740 [main] INFO  org.elasticsearch.node - [Woo, Jimmy] {0.19.11}[8840]: initialized
2016-11-21 14:24:32,740 [main] INFO  org.elasticsearch.node - [Woo, Jimmy] {0.19.11}[8840]: starting ...
2016-11-21 14:24:32,894 [main] INFO  org.elasticsearch.transport - [Woo, Jimmy] bound_address {inet[/0:0:0:0:0:0:0:0:9301]}, publish_address {inet[/192.168.5.39:9301]}
2016-11-21 14:24:36,054 [elasticsearch[Woo, Jimmy][clusterService#updateTask][T#1]] INFO  org.elasticsearch.cluster.service - [Woo, Jimmy] new_master [Woo, Jimmy][P3t4Jrz9TYaC91qkNJTaiw][inet[/192.168.5.39:9301]], reason: zen-disco-join (elected_as_master)
2016-11-21 14:24:36,096 [main] INFO  org.elasticsearch.discovery - [Woo, Jimmy] elasticsearch/P3t4Jrz9TYaC91qkNJTaiw
2016-11-21 14:24:36,179 [main] INFO  org.elasticsearch.http - [Woo, Jimmy] bound_address {inet[/0:0:0:0:0:0:0:0:9201]}, publish_address {inet[/192.168.5.39:9201]}
2016-11-21 14:24:36,180 [main] INFO  org.elasticsearch.node - [Woo, Jimmy] {0.19.11}[8840]: started
2016-11-21 14:24:36,805 [elasticsearch[Woo, Jimmy][clusterService#updateTask][T#1]] INFO  org.elasticsearch.gateway - [Woo, Jimmy] recovered [1] indices into cluster_state
2016-11-21 14:26:24,260 [qtp1022830989-17] INFO  org.springframework.web.servlet.DispatcherServlet - FrameworkServlet 'springMVC': initialization started
2016-11-21 14:26:24,262 [qtp1022830989-17] INFO  org.springframework.web.context.support.XmlWebApplicationContext - Refreshing WebApplicationContext for namespace 'springMVC-servlet': startup date [Mon Nov 21 14:26:24 CST 2016]; parent: Root WebApplicationContext
2016-11-21 14:26:24,263 [qtp1022830989-17] INFO  org.springframework.beans.factory.xml.XmlBeanDefinitionReader - Loading XML bean definitions from class path resource [spring-mvc.xml]
2016-11-21 14:26:24,381 [qtp1022830989-17] INFO  org.springframework.beans.factory.config.PropertyPlaceholderConfigurer - Loading properties file from class path resource [config/paoding/paoding-analyzer.properties]
2016-11-21 14:26:24,382 [qtp1022830989-17] INFO  org.springframework.beans.factory.config.PropertyPlaceholderConfigurer - Loading properties file from class path resource [config/profile/config.properties]
2016-11-21 14:26:24,384 [qtp1022830989-17] INFO  org.springframework.beans.factory.annotation.AutowiredAnnotationBeanPostProcessor - JSR-330 'javax.inject.Inject' annotation found and supported for autowiring
2016-11-21 14:26:24,408 [qtp1022830989-17] INFO  io.searchbox.client.AbstractJestClient - Setting server pool to a list of 1 servers: [http://192.168.5.39]
2016-11-21 14:26:24,408 [qtp1022830989-17] INFO  io.searchbox.client.JestClientFactory - Using multi thread/connection supporting pooling connection manager
2016-11-21 14:26:24,413 [qtp1022830989-17] INFO  io.searchbox.client.JestClientFactory - Using default GSON instance
2016-11-21 14:26:24,413 [qtp1022830989-17] INFO  io.searchbox.client.JestClientFactory - Node Discovery disabled...
2016-11-21 14:26:24,413 [qtp1022830989-17] INFO  io.searchbox.client.JestClientFactory - Idle connection reaping disabled...
2016-11-21 14:26:24,459 [qtp1022830989-17] INFO  org.springframework.web.servlet.mvc.method.annotation.RequestMappingHandlerMapping - Mapped "{[/page/{path}/{file}],methods=[GET]}" onto public java.lang.String com.icinfo.springmvc.common.controller.CommonController.toPage(java.lang.String,java.lang.String)
2016-11-21 14:26:24,461 [qtp1022830989-17] INFO  org.springframework.web.servlet.mvc.method.annotation.RequestMappingHandlerMapping - Mapped "{[/es/page],methods=[GET],produces=[text/html;charset=UTF-8]}" onto public java.lang.String com.icinfo.springmvc.elasticsearch.controller.EsController.page(java.lang.String,int,int) throws java.lang.Exception
2016-11-21 14:26:24,461 [qtp1022830989-17] INFO  org.springframework.web.servlet.mvc.method.annotation.RequestMappingHandlerMapping - Mapped "{[/es/getdocs],methods=[GET],produces=[text/html;charset=UTF-8]}" onto public java.lang.String com.icinfo.springmvc.elasticsearch.controller.EsController.getDocs(java.lang.String,java.lang.String,java.lang.String) throws java.lang.Exception
2016-11-21 14:26:24,471 [qtp1022830989-17] INFO  org.springframework.web.servlet.mvc.method.annotation.RequestMappingHandlerMapping - Mapped "{[/search],methods=[GET],produces=[text/html;charset=UTF-8]}" onto public java.lang.String com.icinfo.springmvc.elasticsearch.controller.JestClientController.search(java.lang.String) throws java.io.IOException
2016-11-21 14:26:24,472 [qtp1022830989-17] INFO  org.springframework.web.servlet.mvc.method.annotation.RequestMappingHandlerMapping - Mapped "{[/page],methods=[GET],produces=[text/html;charset=UTF-8]}" onto public java.lang.String com.icinfo.springmvc.elasticsearch.controller.JestClientController.page(java.lang.String,int,int) throws java.lang.Exception
2016-11-21 14:26:24,472 [qtp1022830989-17] INFO  org.springframework.web.servlet.mvc.method.annotation.RequestMappingHandlerMapping - Mapped "{[/createindex],methods=[GET]}" onto public void com.icinfo.springmvc.elasticsearch.controller.JestClientController.createIndex(java.lang.String,java.lang.String) throws java.lang.Exception
2016-11-21 14:26:24,472 [qtp1022830989-17] INFO  org.springframework.web.servlet.mvc.method.annotation.RequestMappingHandlerMapping - Mapped "{[/getarticle],methods=[GET],produces=[text/html;charset=UTF-8]}" onto public java.lang.String com.icinfo.springmvc.elasticsearch.controller.JestClientController.getArticle(java.lang.String) throws java.lang.Exception
2016-11-21 14:26:24,472 [qtp1022830989-17] INFO  org.springframework.web.servlet.mvc.method.annotation.RequestMappingHandlerMapping - Mapped "{[/updatearticle],methods=[GET],produces=[text/html;charset=UTF-8]}" onto public java.lang.String com.icinfo.springmvc.elasticsearch.controller.JestClientController.updateArtcle(java.lang.String,java.lang.String,java.lang.String) throws java.lang.Exception
2016-11-21 14:26:24,472 [qtp1022830989-17] INFO  org.springframework.web.servlet.mvc.method.annotation.RequestMappingHandlerMapping - Mapped "{[/deletearticle],methods=[GET],produces=[text/html;charset=UTF-8]}" onto public java.lang.String com.icinfo.springmvc.elasticsearch.controller.JestClientController.deleteArticle(java.lang.String,java.lang.String,java.lang.String) throws java.lang.Exception
2016-11-21 14:26:24,475 [qtp1022830989-17] INFO  org.springframework.web.servlet.mvc.method.annotation.RequestMappingHandlerMapping - Mapped "{[/file/upload],methods=[POST]}" onto public java.lang.String com.icinfo.springmvc.file.controller.UploadController.upload(org.springframework.web.multipart.MultipartFile,org.springframework.web.multipart.commons.CommonsMultipartFile,javax.servlet.http.HttpServletRequest,org.springframework.ui.Model)
2016-11-21 14:26:24,475 [qtp1022830989-17] INFO  org.springframework.web.servlet.mvc.method.annotation.RequestMappingHandlerMapping - Mapped "{[/file/toupload],methods=[GET]}" onto public java.lang.String com.icinfo.springmvc.file.controller.UploadController.toUpload()
2016-11-21 14:26:24,540 [qtp1022830989-17] INFO  org.springframework.web.servlet.mvc.method.annotation.RequestMappingHandlerAdapter - Looking for @ControllerAdvice: WebApplicationContext for namespace 'springMVC-servlet': startup date [Mon Nov 21 14:26:24 CST 2016]; parent: Root WebApplicationContext
2016-11-21 14:26:24,572 [qtp1022830989-17] INFO  org.springframework.web.servlet.mvc.method.annotation.RequestMappingHandlerAdapter - Looking for @ControllerAdvice: WebApplicationContext for namespace 'springMVC-servlet': startup date [Mon Nov 21 14:26:24 CST 2016]; parent: Root WebApplicationContext
2016-11-21 14:26:24,668 [qtp1022830989-17] INFO  org.springframework.web.servlet.handler.SimpleUrlHandlerMapping - Mapped URL path [/**] onto handler 'org.springframework.web.servlet.resource.DefaultServletHttpRequestHandler#0'
2016-11-21 14:26:24,686 [qtp1022830989-17] INFO  org.springframework.web.servlet.handler.SimpleUrlHandlerMapping - Mapped URL path [/css/**] onto handler 'org.springframework.web.servlet.resource.ResourceHttpRequestHandler#0'
2016-11-21 14:26:24,688 [qtp1022830989-17] INFO  org.springframework.web.servlet.handler.SimpleUrlHandlerMapping - Mapped URL path [/js/**] onto handler 'org.springframework.web.servlet.resource.ResourceHttpRequestHandler#1'
2016-11-21 14:26:24,767 [qtp1022830989-17] INFO  org.springframework.web.servlet.DispatcherServlet - FrameworkServlet 'springMVC': initialization completed in 507 ms
2016-11-21 14:27:44,582 [main] INFO  org.springframework.web.context.ContextLoader - Root WebApplicationContext: initialization started
2016-11-21 14:27:44,660 [main] INFO  org.springframework.web.context.support.XmlWebApplicationContext - Refreshing Root WebApplicationContext: startup date [Mon Nov 21 14:27:44 CST 2016]; root of context hierarchy
2016-11-21 14:27:44,691 [main] INFO  org.springframework.beans.factory.xml.XmlBeanDefinitionReader - Loading XML bean definitions from class path resource [spring-mvc.xml]
2016-11-21 14:27:45,221 [main] INFO  org.springframework.beans.factory.config.PropertyPlaceholderConfigurer - Loading properties file from class path resource [config/paoding/paoding-analyzer.properties]
2016-11-21 14:27:45,222 [main] INFO  org.springframework.beans.factory.config.PropertyPlaceholderConfigurer - Loading properties file from class path resource [config/profile/config.properties]
2016-11-21 14:27:45,229 [main] INFO  org.springframework.beans.factory.annotation.AutowiredAnnotationBeanPostProcessor - JSR-330 'javax.inject.Inject' annotation found and supported for autowiring
2016-11-21 14:27:45,593 [main] INFO  io.searchbox.client.AbstractJestClient - Setting server pool to a list of 1 servers: [http://192.168.5.39:9200]
2016-11-21 14:27:45,596 [main] INFO  io.searchbox.client.JestClientFactory - Using multi thread/connection supporting pooling connection manager
2016-11-21 14:27:45,669 [main] INFO  io.searchbox.client.JestClientFactory - Using default GSON instance
2016-11-21 14:27:45,669 [main] INFO  io.searchbox.client.JestClientFactory - Node Discovery disabled...
2016-11-21 14:27:45,669 [main] INFO  io.searchbox.client.JestClientFactory - Idle connection reaping disabled...
2016-11-21 14:27:45,841 [main] INFO  org.springframework.web.servlet.mvc.method.annotation.RequestMappingHandlerMapping - Mapped "{[/page/{path}/{file}],methods=[GET]}" onto public java.lang.String com.icinfo.springmvc.common.controller.CommonController.toPage(java.lang.String,java.lang.String)
2016-11-21 14:27:45,845 [main] INFO  org.springframework.web.servlet.mvc.method.annotation.RequestMappingHandlerMapping - Mapped "{[/es/page],methods=[GET],produces=[text/html;charset=UTF-8]}" onto public java.lang.String com.icinfo.springmvc.elasticsearch.controller.EsController.page(java.lang.String,int,int) throws java.lang.Exception
2016-11-21 14:27:45,846 [main] INFO  org.springframework.web.servlet.mvc.method.annotation.RequestMappingHandlerMapping - Mapped "{[/es/getdocs],methods=[GET],produces=[text/html;charset=UTF-8]}" onto public java.lang.String com.icinfo.springmvc.elasticsearch.controller.EsController.getDocs(java.lang.String,java.lang.String,java.lang.String) throws java.lang.Exception
2016-11-21 14:27:45,851 [main] INFO  org.springframework.web.servlet.mvc.method.annotation.RequestMappingHandlerMapping - Mapped "{[/search],methods=[GET],produces=[text/html;charset=UTF-8]}" onto public java.lang.String com.icinfo.springmvc.elasticsearch.controller.JestClientController.search(java.lang.String) throws java.io.IOException
2016-11-21 14:27:45,851 [main] INFO  org.springframework.web.servlet.mvc.method.annotation.RequestMappingHandlerMapping - Mapped "{[/page],methods=[GET],produces=[text/html;charset=UTF-8]}" onto public java.lang.String com.icinfo.springmvc.elasticsearch.controller.JestClientController.page(java.lang.String,int,int) throws java.lang.Exception
2016-11-21 14:27:45,852 [main] INFO  org.springframework.web.servlet.mvc.method.annotation.RequestMappingHandlerMapping - Mapped "{[/createindex],methods=[GET]}" onto public void com.icinfo.springmvc.elasticsearch.controller.JestClientController.createIndex(java.lang.String,java.lang.String) throws java.lang.Exception
2016-11-21 14:27:45,852 [main] INFO  org.springframework.web.servlet.mvc.method.annotation.RequestMappingHandlerMapping - Mapped "{[/getarticle],methods=[GET],produces=[text/html;charset=UTF-8]}" onto public java.lang.String com.icinfo.springmvc.elasticsearch.controller.JestClientController.getArticle(java.lang.String) throws java.lang.Exception
2016-11-21 14:27:45,852 [main] INFO  org.springframework.web.servlet.mvc.method.annotation.RequestMappingHandlerMapping - Mapped "{[/updatearticle],methods=[GET],produces=[text/html;charset=UTF-8]}" onto public java.lang.String com.icinfo.springmvc.elasticsearch.controller.JestClientController.updateArtcle(java.lang.String,java.lang.String,java.lang.String) throws java.lang.Exception
2016-11-21 14:27:45,853 [main] INFO  org.springframework.web.servlet.mvc.method.annotation.RequestMappingHandlerMapping - Mapped "{[/deletearticle],methods=[GET],produces=[text/html;charset=UTF-8]}" onto public java.lang.String com.icinfo.springmvc.elasticsearch.controller.JestClientController.deleteArticle(java.lang.String,java.lang.String,java.lang.String) throws java.lang.Exception
2016-11-21 14:27:45,854 [main] INFO  org.springframework.web.servlet.mvc.method.annotation.RequestMappingHandlerMapping - Mapped "{[/file/upload],methods=[POST]}" onto public java.lang.String com.icinfo.springmvc.file.controller.UploadController.upload(org.springframework.web.multipart.MultipartFile,org.springframework.web.multipart.commons.CommonsMultipartFile,javax.servlet.http.HttpServletRequest,org.springframework.ui.Model)
2016-11-21 14:27:45,855 [main] INFO  org.springframework.web.servlet.mvc.method.annotation.RequestMappingHandlerMapping - Mapped "{[/file/toupload],methods=[GET]}" onto public java.lang.String com.icinfo.springmvc.file.controller.UploadController.toUpload()
2016-11-21 14:27:46,319 [main] INFO  org.springframework.web.servlet.mvc.method.annotation.RequestMappingHandlerAdapter - Looking for @ControllerAdvice: Root WebApplicationContext: startup date [Mon Nov 21 14:27:44 CST 2016]; root of context hierarchy
2016-11-21 14:27:46,366 [main] INFO  org.springframework.web.servlet.mvc.method.annotation.RequestMappingHandlerAdapter - Looking for @ControllerAdvice: Root WebApplicationContext: startup date [Mon Nov 21 14:27:44 CST 2016]; root of context hierarchy
2016-11-21 14:27:46,445 [main] INFO  org.springframework.web.servlet.handler.SimpleUrlHandlerMapping - Mapped URL path [/**] onto handler 'org.springframework.web.servlet.resource.DefaultServletHttpRequestHandler#0'
2016-11-21 14:27:46,466 [main] INFO  org.springframework.web.servlet.handler.SimpleUrlHandlerMapping - Mapped URL path [/css/**] onto handler 'org.springframework.web.servlet.resource.ResourceHttpRequestHandler#0'
2016-11-21 14:27:46,469 [main] INFO  org.springframework.web.servlet.handler.SimpleUrlHandlerMapping - Mapped URL path [/js/**] onto handler 'org.springframework.web.servlet.resource.ResourceHttpRequestHandler#1'
2016-11-21 14:27:46,577 [main] INFO  org.springframework.web.context.ContextLoader - Root WebApplicationContext: initialization completed in 1991 ms
2016-11-21 14:27:46,641 [main] INFO  org.elasticsearch.node - [Tyrak] {0.19.11}[3928]: initializing ...
2016-11-21 14:27:46,648 [main] INFO  org.elasticsearch.plugins - [Tyrak] loaded [], sites []
2016-11-21 14:27:47,663 [main] INFO  org.elasticsearch.node - [Tyrak] {0.19.11}[3928]: initialized
2016-11-21 14:27:47,663 [main] INFO  org.elasticsearch.node - [Tyrak] {0.19.11}[3928]: starting ...
2016-11-21 14:27:47,781 [main] INFO  org.elasticsearch.transport - [Tyrak] bound_address {inet[/0:0:0:0:0:0:0:0:9301]}, publish_address {inet[/192.168.5.39:9301]}
2016-11-21 14:27:50,911 [elasticsearch[Tyrak][clusterService#updateTask][T#1]] INFO  org.elasticsearch.cluster.service - [Tyrak] new_master [Tyrak][ebguEG7fRKe5jboKyFZtyA][inet[/192.168.5.39:9301]], reason: zen-disco-join (elected_as_master)
2016-11-21 14:27:50,950 [main] INFO  org.elasticsearch.discovery - [Tyrak] elasticsearch/ebguEG7fRKe5jboKyFZtyA
2016-11-21 14:27:51,043 [main] INFO  org.elasticsearch.http - [Tyrak] bound_address {inet[/0:0:0:0:0:0:0:0:9201]}, publish_address {inet[/192.168.5.39:9201]}
2016-11-21 14:27:51,045 [main] INFO  org.elasticsearch.node - [Tyrak] {0.19.11}[3928]: started
2016-11-21 14:27:51,469 [elasticsearch[Tyrak][clusterService#updateTask][T#1]] INFO  org.elasticsearch.gateway - [Tyrak] recovered [1] indices into cluster_state
2016-11-21 14:35:00,621 [qtp943666520-17] INFO  org.springframework.web.servlet.DispatcherServlet - FrameworkServlet 'springMVC': initialization started
2016-11-21 14:35:00,626 [qtp943666520-17] INFO  org.springframework.web.context.support.XmlWebApplicationContext - Refreshing WebApplicationContext for namespace 'springMVC-servlet': startup date [Mon Nov 21 14:35:00 CST 2016]; parent: Root WebApplicationContext
2016-11-21 14:35:00,626 [qtp943666520-17] INFO  org.springframework.beans.factory.xml.XmlBeanDefinitionReader - Loading XML bean definitions from class path resource [spring-mvc.xml]
2016-11-21 14:35:00,768 [qtp943666520-17] INFO  org.springframework.beans.factory.config.PropertyPlaceholderConfigurer - Loading properties file from class path resource [config/paoding/paoding-analyzer.properties]
2016-11-21 14:35:00,769 [qtp943666520-17] INFO  org.springframework.beans.factory.config.PropertyPlaceholderConfigurer - Loading properties file from class path resource [config/profile/config.properties]
2016-11-21 14:35:00,772 [qtp943666520-17] INFO  org.springframework.beans.factory.annotation.AutowiredAnnotationBeanPostProcessor - JSR-330 'javax.inject.Inject' annotation found and supported for autowiring
2016-11-21 14:35:00,794 [qtp943666520-17] INFO  io.searchbox.client.AbstractJestClient - Setting server pool to a list of 1 servers: [http://192.168.5.39:9200]
2016-11-21 14:35:00,795 [qtp943666520-17] INFO  io.searchbox.client.JestClientFactory - Using multi thread/connection supporting pooling connection manager
2016-11-21 14:35:00,800 [qtp943666520-17] INFO  io.searchbox.client.JestClientFactory - Using default GSON instance
2016-11-21 14:35:00,800 [qtp943666520-17] INFO  io.searchbox.client.JestClientFactory - Node Discovery disabled...
2016-11-21 14:35:00,800 [qtp943666520-17] INFO  io.searchbox.client.JestClientFactory - Idle connection reaping disabled...
2016-11-21 14:35:00,848 [qtp943666520-17] INFO  org.springframework.web.servlet.mvc.method.annotation.RequestMappingHandlerMapping - Mapped "{[/page/{path}/{file}],methods=[GET]}" onto public java.lang.String com.icinfo.springmvc.common.controller.CommonController.toPage(java.lang.String,java.lang.String)
2016-11-21 14:35:00,851 [qtp943666520-17] INFO  org.springframework.web.servlet.mvc.method.annotation.RequestMappingHandlerMapping - Mapped "{[/es/page],methods=[GET],produces=[text/html;charset=UTF-8]}" onto public java.lang.String com.icinfo.springmvc.elasticsearch.controller.EsController.page(java.lang.String,int,int) throws java.lang.Exception
2016-11-21 14:35:00,852 [qtp943666520-17] INFO  org.springframework.web.servlet.mvc.method.annotation.RequestMappingHandlerMapping - Mapped "{[/es/getdocs],methods=[GET],produces=[text/html;charset=UTF-8]}" onto public java.lang.String com.icinfo.springmvc.elasticsearch.controller.EsController.getDocs(java.lang.String,java.lang.String,java.lang.String) throws java.lang.Exception
2016-11-21 14:35:00,872 [qtp943666520-17] INFO  org.springframework.web.servlet.mvc.method.annotation.RequestMappingHandlerMapping - Mapped "{[/search],methods=[GET],produces=[text/html;charset=UTF-8]}" onto public java.lang.String com.icinfo.springmvc.elasticsearch.controller.JestClientController.search(java.lang.String) throws java.io.IOException
2016-11-21 14:35:00,874 [qtp943666520-17] INFO  org.springframework.web.servlet.mvc.method.annotation.RequestMappingHandlerMapping - Mapped "{[/page],methods=[GET],produces=[text/html;charset=UTF-8]}" onto public java.lang.String com.icinfo.springmvc.elasticsearch.controller.JestClientController.page(java.lang.String,int,int) throws java.lang.Exception
2016-11-21 14:35:00,875 [qtp943666520-17] INFO  org.springframework.web.servlet.mvc.method.annotation.RequestMappingHandlerMapping - Mapped "{[/createindex],methods=[GET]}" onto public void com.icinfo.springmvc.elasticsearch.controller.JestClientController.createIndex(java.lang.String,java.lang.String) throws java.lang.Exception
2016-11-21 14:35:00,876 [qtp943666520-17] INFO  org.springframework.web.servlet.mvc.method.annotation.RequestMappingHandlerMapping - Mapped "{[/getarticle],methods=[GET],produces=[text/html;charset=UTF-8]}" onto public java.lang.String com.icinfo.springmvc.elasticsearch.controller.JestClientController.getArticle(java.lang.String) throws java.lang.Exception
2016-11-21 14:35:00,876 [qtp943666520-17] INFO  org.springframework.web.servlet.mvc.method.annotation.RequestMappingHandlerMapping - Mapped "{[/updatearticle],methods=[GET],produces=[text/html;charset=UTF-8]}" onto public java.lang.String com.icinfo.springmvc.elasticsearch.controller.JestClientController.updateArtcle(java.lang.String,java.lang.String,java.lang.String) throws java.lang.Exception
2016-11-21 14:35:00,877 [qtp943666520-17] INFO  org.springframework.web.servlet.mvc.method.annotation.RequestMappingHandlerMapping - Mapped "{[/deletearticle],methods=[GET],produces=[text/html;charset=UTF-8]}" onto public java.lang.String com.icinfo.springmvc.elasticsearch.controller.JestClientController.deleteArticle(java.lang.String,java.lang.String,java.lang.String) throws java.lang.Exception
2016-11-21 14:35:00,881 [qtp943666520-17] INFO  org.springframework.web.servlet.mvc.method.annotation.RequestMappingHandlerMapping - Mapped "{[/file/upload],methods=[POST]}" onto public java.lang.String com.icinfo.springmvc.file.controller.UploadController.upload(org.springframework.web.multipart.MultipartFile,org.springframework.web.multipart.commons.CommonsMultipartFile,javax.servlet.http.HttpServletRequest,org.springframework.ui.Model)
2016-11-21 14:35:00,886 [qtp943666520-17] INFO  org.springframework.web.servlet.mvc.method.annotation.RequestMappingHandlerMapping - Mapped "{[/file/toupload],methods=[GET]}" onto public java.lang.String com.icinfo.springmvc.file.controller.UploadController.toUpload()
2016-11-21 14:35:00,984 [qtp943666520-17] INFO  org.springframework.web.servlet.mvc.method.annotation.RequestMappingHandlerAdapter - Looking for @ControllerAdvice: WebApplicationContext for namespace 'springMVC-servlet': startup date [Mon Nov 21 14:35:00 CST 2016]; parent: Root WebApplicationContext
2016-11-21 14:35:01,015 [qtp943666520-17] INFO  org.springframework.web.servlet.mvc.method.annotation.RequestMappingHandlerAdapter - Looking for @ControllerAdvice: WebApplicationContext for namespace 'springMVC-servlet': startup date [Mon Nov 21 14:35:00 CST 2016]; parent: Root WebApplicationContext
2016-11-21 14:35:01,098 [qtp943666520-17] INFO  org.springframework.web.servlet.handler.SimpleUrlHandlerMapping - Mapped URL path [/**] onto handler 'org.springframework.web.servlet.resource.DefaultServletHttpRequestHandler#0'
2016-11-21 14:35:01,117 [qtp943666520-17] INFO  org.springframework.web.servlet.handler.SimpleUrlHandlerMapping - Mapped URL path [/css/**] onto handler 'org.springframework.web.servlet.resource.ResourceHttpRequestHandler#0'
2016-11-21 14:35:01,120 [qtp943666520-17] INFO  org.springframework.web.servlet.handler.SimpleUrlHandlerMapping - Mapped URL path [/js/**] onto handler 'org.springframework.web.servlet.resource.ResourceHttpRequestHandler#1'
2016-11-21 14:35:01,205 [qtp943666520-17] INFO  org.springframework.web.servlet.DispatcherServlet - FrameworkServlet 'springMVC': initialization completed in 583 ms
2016-11-21 14:36:14,243 [main] INFO  org.elasticsearch.node - [Lasher] {0.19.11}[9028]: initializing ...
2016-11-21 14:36:14,261 [main] INFO  org.elasticsearch.plugins - [Lasher] loaded [], sites []
2016-11-21 14:36:16,607 [main] INFO  org.elasticsearch.node - [Lasher] {0.19.11}[9028]: initialized
2016-11-21 14:36:16,607 [main] INFO  org.elasticsearch.node - [Lasher] {0.19.11}[9028]: starting ...
2016-11-21 14:36:17,084 [main] INFO  org.elasticsearch.transport - [Lasher] bound_address {inet[/0:0:0:0:0:0:0:0:9301]}, publish_address {inet[/192.168.5.39:9301]}
2016-11-21 14:36:20,323 [elasticsearch[Lasher][clusterService#updateTask][T#1]] INFO  org.elasticsearch.cluster.service - [Lasher] new_master [Lasher][jvjm45hdSM-sV-aNIhRlWA][inet[/192.168.5.39:9301]], reason: zen-disco-join (elected_as_master)
2016-11-21 14:36:20,406 [main] INFO  org.elasticsearch.discovery - [Lasher] elasticsearch/jvjm45hdSM-sV-aNIhRlWA
2016-11-21 14:36:20,560 [elasticsearch[Lasher][clusterService#updateTask][T#1]] INFO  org.elasticsearch.gateway - [Lasher] recovered [0] indices into cluster_state
2016-11-21 14:36:20,599 [main] INFO  org.elasticsearch.http - [Lasher] bound_address {inet[/0:0:0:0:0:0:0:0:9201]}, publish_address {inet[/192.168.5.39:9201]}
2016-11-21 14:36:20,599 [main] INFO  org.elasticsearch.node - [Lasher] {0.19.11}[9028]: started
2016-11-21 14:37:05,406 [main] INFO  org.springframework.web.context.ContextLoader - Root WebApplicationContext: initialization started
2016-11-21 14:37:05,895 [main] INFO  org.springframework.web.context.support.XmlWebApplicationContext - Refreshing Root WebApplicationContext: startup date [Mon Nov 21 14:37:05 CST 2016]; root of context hierarchy
2016-11-21 14:37:06,336 [main] INFO  org.springframework.beans.factory.xml.XmlBeanDefinitionReader - Loading XML bean definitions from class path resource [spring-mvc.xml]
2016-11-21 14:37:08,138 [main] INFO  org.springframework.beans.factory.config.PropertyPlaceholderConfigurer - Loading properties file from class path resource [config/paoding/paoding-analyzer.properties]
2016-11-21 14:37:08,139 [main] INFO  org.springframework.beans.factory.config.PropertyPlaceholderConfigurer - Loading properties file from class path resource [config/profile/config.properties]
2016-11-21 14:37:08,155 [main] INFO  org.springframework.beans.factory.annotation.AutowiredAnnotationBeanPostProcessor - JSR-330 'javax.inject.Inject' annotation found and supported for autowiring
2016-11-21 14:37:08,595 [main] INFO  io.searchbox.client.AbstractJestClient - Setting server pool to a list of 1 servers: [http://192.168.5.39:9200]
2016-11-21 14:37:08,602 [main] INFO  io.searchbox.client.JestClientFactory - Using multi thread/connection supporting pooling connection manager
2016-11-21 14:37:08,881 [main] INFO  io.searchbox.client.JestClientFactory - Using default GSON instance
2016-11-21 14:37:08,882 [main] INFO  io.searchbox.client.JestClientFactory - Node Discovery disabled...
2016-11-21 14:37:08,882 [main] INFO  io.searchbox.client.JestClientFactory - Idle connection reaping disabled...
2016-11-21 14:37:09,421 [main] INFO  org.springframework.web.servlet.mvc.method.annotation.RequestMappingHandlerMapping - Mapped "{[/page/{path}/{file}],methods=[GET]}" onto public java.lang.String com.icinfo.springmvc.common.controller.CommonController.toPage(java.lang.String,java.lang.String)
2016-11-21 14:37:09,427 [main] INFO  org.springframework.web.servlet.mvc.method.annotation.RequestMappingHandlerMapping - Mapped "{[/es/page],methods=[GET],produces=[text/html;charset=UTF-8]}" onto public java.lang.String com.icinfo.springmvc.elasticsearch.controller.EsController.page(java.lang.String,int,int) throws java.lang.Exception
2016-11-21 14:37:09,427 [main] INFO  org.springframework.web.servlet.mvc.method.annotation.RequestMappingHandlerMapping - Mapped "{[/es/getdocs],methods=[GET],produces=[text/html;charset=UTF-8]}" onto public java.lang.String com.icinfo.springmvc.elasticsearch.controller.EsController.getDocs(java.lang.String,java.lang.String,java.lang.String) throws java.lang.Exception
2016-11-21 14:37:09,434 [main] INFO  org.springframework.web.servlet.mvc.method.annotation.RequestMappingHandlerMapping - Mapped "{[/search],methods=[GET],produces=[text/html;charset=UTF-8]}" onto public java.lang.String com.icinfo.springmvc.elasticsearch.controller.JestClientController.search(java.lang.String) throws java.io.IOException
2016-11-21 14:37:09,434 [main] INFO  org.springframework.web.servlet.mvc.method.annotation.RequestMappingHandlerMapping - Mapped "{[/page],methods=[GET],produces=[text/html;charset=UTF-8]}" onto public java.lang.String com.icinfo.springmvc.elasticsearch.controller.JestClientController.page(java.lang.String,int,int) throws java.lang.Exception
2016-11-21 14:37:09,435 [main] INFO  org.springframework.web.servlet.mvc.method.annotation.RequestMappingHandlerMapping - Mapped "{[/createindex],methods=[GET]}" onto public void com.icinfo.springmvc.elasticsearch.controller.JestClientController.createIndex(java.lang.String,java.lang.String) throws java.lang.Exception
2016-11-21 14:37:09,435 [main] INFO  org.springframework.web.servlet.mvc.method.annotation.RequestMappingHandlerMapping - Mapped "{[/getarticle],methods=[GET],produces=[text/html;charset=UTF-8]}" onto public java.lang.String com.icinfo.springmvc.elasticsearch.controller.JestClientController.getArticle(java.lang.String) throws java.lang.Exception
2016-11-21 14:37:09,436 [main] INFO  org.springframework.web.servlet.mvc.method.annotation.RequestMappingHandlerMapping - Mapped "{[/updatearticle],methods=[GET],produces=[text/html;charset=UTF-8]}" onto public java.lang.String com.icinfo.springmvc.elasticsearch.controller.JestClientController.updateArtcle(java.lang.String,java.lang.String,java.lang.String) throws java.lang.Exception
2016-11-21 14:37:09,436 [main] INFO  org.springframework.web.servlet.mvc.method.annotation.RequestMappingHandlerMapping - Mapped "{[/deletearticle],methods=[GET],produces=[text/html;charset=UTF-8]}" onto public java.lang.String com.icinfo.springmvc.elasticsearch.controller.JestClientController.deleteArticle(java.lang.String,java.lang.String,java.lang.String) throws java.lang.Exception
2016-11-21 14:37:09,439 [main] INFO  org.springframework.web.servlet.mvc.method.annotation.RequestMappingHandlerMapping - Mapped "{[/file/upload],methods=[POST]}" onto public java.lang.String com.icinfo.springmvc.file.controller.UploadController.upload(org.springframework.web.multipart.MultipartFile,org.springframework.web.multipart.commons.CommonsMultipartFile,javax.servlet.http.HttpServletRequest,org.springframework.ui.Model)
2016-11-21 14:37:09,440 [main] INFO  org.springframework.web.servlet.mvc.method.annotation.RequestMappingHandlerMapping - Mapped "{[/file/toupload],methods=[GET]}" onto public java.lang.String com.icinfo.springmvc.file.controller.UploadController.toUpload()
2016-11-21 14:37:10,493 [main] INFO  org.springframework.web.servlet.mvc.method.annotation.RequestMappingHandlerAdapter - Looking for @ControllerAdvice: Root WebApplicationContext: startup date [Mon Nov 21 14:37:05 CST 2016]; root of context hierarchy
2016-11-21 14:37:10,624 [main] INFO  org.springframework.web.servlet.mvc.method.annotation.RequestMappingHandlerAdapter - Looking for @ControllerAdvice: Root WebApplicationContext: startup date [Mon Nov 21 14:37:05 CST 2016]; root of context hierarchy
2016-11-21 14:37:10,864 [main] INFO  org.springframework.web.servlet.handler.SimpleUrlHandlerMapping - Mapped URL path [/**] onto handler 'org.springframework.web.servlet.resource.DefaultServletHttpRequestHandler#0'
2016-11-21 14:37:10,909 [main] INFO  org.springframework.web.servlet.handler.SimpleUrlHandlerMapping - Mapped URL path [/css/**] onto handler 'org.springframework.web.servlet.resource.ResourceHttpRequestHandler#0'
2016-11-21 14:37:10,914 [main] INFO  org.springframework.web.servlet.handler.SimpleUrlHandlerMapping - Mapped URL path [/js/**] onto handler 'org.springframework.web.servlet.resource.ResourceHttpRequestHandler#1'
2016-11-21 14:37:11,247 [main] INFO  org.springframework.web.context.ContextLoader - Root WebApplicationContext: initialization completed in 5828 ms
2016-11-21 14:37:11,392 [main] INFO  org.elasticsearch.node - [Man-Elephant] {0.19.11}[6244]: initializing ...
2016-11-21 14:37:11,402 [main] INFO  org.elasticsearch.plugins - [Man-Elephant] loaded [], sites []
2016-11-21 14:37:13,888 [main] INFO  org.elasticsearch.node - [Man-Elephant] {0.19.11}[6244]: initialized
2016-11-21 14:37:13,889 [main] INFO  org.elasticsearch.node - [Man-Elephant] {0.19.11}[6244]: starting ...
2016-11-21 14:37:14,108 [main] INFO  org.elasticsearch.transport - [Man-Elephant] bound_address {inet[/0:0:0:0:0:0:0:0:9301]}, publish_address {inet[/192.168.5.39:9301]}
2016-11-21 14:37:17,807 [elasticsearch[Man-Elephant][clusterService#updateTask][T#1]] INFO  org.elasticsearch.cluster.service - [Man-Elephant] new_master [Man-Elephant][zNg8sBP4Q5CeqKQ4wwOxCw][inet[/192.168.5.39:9301]], reason: zen-disco-join (elected_as_master)
2016-11-21 14:37:17,843 [main] INFO  org.elasticsearch.discovery - [Man-Elephant] elasticsearch/zNg8sBP4Q5CeqKQ4wwOxCw
2016-11-21 14:37:17,947 [main] INFO  org.elasticsearch.http - [Man-Elephant] bound_address {inet[/0:0:0:0:0:0:0:0:9201]}, publish_address {inet[/192.168.5.39:9201]}
2016-11-21 14:37:17,948 [main] INFO  org.elasticsearch.node - [Man-Elephant] {0.19.11}[6244]: started
2016-11-21 14:37:20,980 [elasticsearch[Man-Elephant][clusterService#updateTask][T#1]] INFO  org.elasticsearch.gateway - [Man-Elephant] recovered [1] indices into cluster_state
2016-11-21 14:39:38,738 [qtp475526834-48] INFO  org.springframework.web.servlet.DispatcherServlet - FrameworkServlet 'springMVC': initialization started
2016-11-21 14:39:38,743 [qtp475526834-48] INFO  org.springframework.web.context.support.XmlWebApplicationContext - Refreshing WebApplicationContext for namespace 'springMVC-servlet': startup date [Mon Nov 21 14:39:38 CST 2016]; parent: Root WebApplicationContext
2016-11-21 14:39:38,749 [qtp475526834-48] INFO  org.springframework.beans.factory.xml.XmlBeanDefinitionReader - Loading XML bean definitions from class path resource [spring-mvc.xml]
2016-11-21 14:39:38,968 [qtp475526834-48] INFO  org.springframework.beans.factory.config.PropertyPlaceholderConfigurer - Loading properties file from class path resource [config/paoding/paoding-analyzer.properties]
2016-11-21 14:39:38,969 [qtp475526834-48] INFO  org.springframework.beans.factory.config.PropertyPlaceholderConfigurer - Loading properties file from class path resource [config/profile/config.properties]
2016-11-21 14:39:38,976 [qtp475526834-48] INFO  org.springframework.beans.factory.annotation.AutowiredAnnotationBeanPostProcessor - JSR-330 'javax.inject.Inject' annotation found and supported for autowiring
2016-11-21 14:39:39,004 [qtp475526834-48] INFO  io.searchbox.client.AbstractJestClient - Setting server pool to a list of 1 servers: [http://192.168.5.39:9200]
2016-11-21 14:39:39,004 [qtp475526834-48] INFO  io.searchbox.client.JestClientFactory - Using multi thread/connection supporting pooling connection manager
2016-11-21 14:39:39,011 [qtp475526834-48] INFO  io.searchbox.client.JestClientFactory - Using default GSON instance
2016-11-21 14:39:39,011 [qtp475526834-48] INFO  io.searchbox.client.JestClientFactory - Node Discovery disabled...
2016-11-21 14:39:39,011 [qtp475526834-48] INFO  io.searchbox.client.JestClientFactory - Idle connection reaping disabled...
2016-11-21 14:39:39,094 [qtp475526834-48] INFO  org.springframework.web.servlet.mvc.method.annotation.RequestMappingHandlerMapping - Mapped "{[/page/{path}/{file}],methods=[GET]}" onto public java.lang.String com.icinfo.springmvc.common.controller.CommonController.toPage(java.lang.String,java.lang.String)
2016-11-21 14:39:39,097 [qtp475526834-48] INFO  org.springframework.web.servlet.mvc.method.annotation.RequestMappingHandlerMapping - Mapped "{[/es/page],methods=[GET],produces=[text/html;charset=UTF-8]}" onto public java.lang.String com.icinfo.springmvc.elasticsearch.controller.EsController.page(java.lang.String,int,int) throws java.lang.Exception
2016-11-21 14:39:39,098 [qtp475526834-48] INFO  org.springframework.web.servlet.mvc.method.annotation.RequestMappingHandlerMapping - Mapped "{[/es/getdocs],methods=[GET],produces=[text/html;charset=UTF-8]}" onto public java.lang.String com.icinfo.springmvc.elasticsearch.controller.EsController.getDocs(java.lang.String,java.lang.String,java.lang.String) throws java.lang.Exception
2016-11-21 14:39:39,112 [qtp475526834-48] INFO  org.springframework.web.servlet.mvc.method.annotation.RequestMappingHandlerMapping - Mapped "{[/search],methods=[GET],produces=[text/html;charset=UTF-8]}" onto public java.lang.String com.icinfo.springmvc.elasticsearch.controller.JestClientController.search(java.lang.String) throws java.io.IOException
2016-11-21 14:39:39,112 [qtp475526834-48] INFO  org.springframework.web.servlet.mvc.method.annotation.RequestMappingHandlerMapping - Mapped "{[/page],methods=[GET],produces=[text/html;charset=UTF-8]}" onto public java.lang.String com.icinfo.springmvc.elasticsearch.controller.JestClientController.page(java.lang.String,int,int) throws java.lang.Exception
2016-11-21 14:39:39,112 [qtp475526834-48] INFO  org.springframework.web.servlet.mvc.method.annotation.RequestMappingHandlerMapping - Mapped "{[/createindex],methods=[GET]}" onto public void com.icinfo.springmvc.elasticsearch.controller.JestClientController.createIndex(java.lang.String,java.lang.String) throws java.lang.Exception
2016-11-21 14:39:39,113 [qtp475526834-48] INFO  org.springframework.web.servlet.mvc.method.annotation.RequestMappingHandlerMapping - Mapped "{[/getarticle],methods=[GET],produces=[text/html;charset=UTF-8]}" onto public java.lang.String com.icinfo.springmvc.elasticsearch.controller.JestClientController.getArticle(java.lang.String) throws java.lang.Exception
2016-11-21 14:39:39,113 [qtp475526834-48] INFO  org.springframework.web.servlet.mvc.method.annotation.RequestMappingHandlerMapping - Mapped "{[/updatearticle],methods=[GET],produces=[text/html;charset=UTF-8]}" onto public java.lang.String com.icinfo.springmvc.elasticsearch.controller.JestClientController.updateArtcle(java.lang.String,java.lang.String,java.lang.String) throws java.lang.Exception
2016-11-21 14:39:39,113 [qtp475526834-48] INFO  org.springframework.web.servlet.mvc.method.annotation.RequestMappingHandlerMapping - Mapped "{[/deletearticle],methods=[GET],produces=[text/html;charset=UTF-8]}" onto public java.lang.String com.icinfo.springmvc.elasticsearch.controller.JestClientController.deleteArticle(java.lang.String,java.lang.String,java.lang.String) throws java.lang.Exception
2016-11-21 14:39:39,115 [qtp475526834-48] INFO  org.springframework.web.servlet.mvc.method.annotation.RequestMappingHandlerMapping - Mapped "{[/file/upload],methods=[POST]}" onto public java.lang.String com.icinfo.springmvc.file.controller.UploadController.upload(org.springframework.web.multipart.MultipartFile,org.springframework.web.multipart.commons.CommonsMultipartFile,javax.servlet.http.HttpServletRequest,org.springframework.ui.Model)
2016-11-21 14:39:39,115 [qtp475526834-48] INFO  org.springframework.web.servlet.mvc.method.annotation.RequestMappingHandlerMapping - Mapped "{[/file/toupload],methods=[GET]}" onto public java.lang.String com.icinfo.springmvc.file.controller.UploadController.toUpload()
2016-11-21 14:39:39,256 [qtp475526834-48] INFO  org.springframework.web.servlet.mvc.method.annotation.RequestMappingHandlerAdapter - Looking for @ControllerAdvice: WebApplicationContext for namespace 'springMVC-servlet': startup date [Mon Nov 21 14:39:38 CST 2016]; parent: Root WebApplicationContext
2016-11-21 14:39:39,319 [qtp475526834-48] INFO  org.springframework.web.servlet.mvc.method.annotation.RequestMappingHandlerAdapter - Looking for @ControllerAdvice: WebApplicationContext for namespace 'springMVC-servlet': startup date [Mon Nov 21 14:39:38 CST 2016]; parent: Root WebApplicationContext
2016-11-21 14:39:39,436 [qtp475526834-48] INFO  org.springframework.web.servlet.handler.SimpleUrlHandlerMapping - Mapped URL path [/**] onto handler 'org.springframework.web.servlet.resource.DefaultServletHttpRequestHandler#0'
2016-11-21 14:39:39,457 [qtp475526834-48] INFO  org.springframework.web.servlet.handler.SimpleUrlHandlerMapping - Mapped URL path [/css/**] onto handler 'org.springframework.web.servlet.resource.ResourceHttpRequestHandler#0'
2016-11-21 14:39:39,461 [qtp475526834-48] INFO  org.springframework.web.servlet.handler.SimpleUrlHandlerMapping - Mapped URL path [/js/**] onto handler 'org.springframework.web.servlet.resource.ResourceHttpRequestHandler#1'
2016-11-21 14:39:39,698 [qtp475526834-48] INFO  org.springframework.web.servlet.DispatcherServlet - FrameworkServlet 'springMVC': initialization completed in 960 ms
2016-11-21 14:40:15,275 [qtp475526834-51] WARN  org.springframework.context.annotation.ConfigurationClassPostProcessor - Cannot enhance @Configuration bean definition 'springConfiguration' since its singleton instance has been created too early. The typical cause is a non-static @Bean method with a BeanDefinitionRegistryPostProcessor return type: Consider declaring such methods as 'static'.
2016-11-21 14:40:15,393 [qtp475526834-51] WARN  org.springframework.context.annotation.ConfigurationClassPostProcessor - Cannot enhance @Configuration bean definition 'springConfiguration' since its singleton instance has been created too early. The typical cause is a non-static @Bean method with a BeanDefinitionRegistryPostProcessor return type: Consider declaring such methods as 'static'.
2016-11-21 14:40:15,474 [qtp475526834-51] INFO  org.springframework.web.servlet.mvc.method.annotation.RequestMappingHandlerMapping - Mapped "{[/page/{path}/{file}],methods=[GET]}" onto public java.lang.String com.icinfo.springmvc.common.controller.CommonController.toPage(java.lang.String,java.lang.String)
2016-11-21 14:40:15,477 [qtp475526834-51] INFO  org.springframework.web.servlet.mvc.method.annotation.RequestMappingHandlerMapping - Mapped "{[/es/page],methods=[GET],produces=[text/html;charset=UTF-8]}" onto public java.lang.String com.icinfo.springmvc.elasticsearch.controller.EsController.page(java.lang.String,int,int) throws java.lang.Exception
2016-11-21 14:40:15,483 [qtp475526834-51] INFO  org.springframework.web.servlet.mvc.method.annotation.RequestMappingHandlerMapping - Mapped "{[/es/getdocs],methods=[GET],produces=[text/html;charset=UTF-8]}" onto public java.lang.String com.icinfo.springmvc.elasticsearch.controller.EsController.getDocs(java.lang.String,java.lang.String,java.lang.String) throws java.lang.Exception
2016-11-21 14:40:15,504 [qtp475526834-51] INFO  org.springframework.web.servlet.mvc.method.annotation.RequestMappingHandlerMapping - Mapped "{[/search],methods=[GET],produces=[text/html;charset=UTF-8]}" onto public java.lang.String com.icinfo.springmvc.elasticsearch.controller.JestClientController.search(java.lang.String) throws java.io.IOException
2016-11-21 14:40:15,505 [qtp475526834-51] INFO  org.springframework.web.servlet.mvc.method.annotation.RequestMappingHandlerMapping - Mapped "{[/page],methods=[GET],produces=[text/html;charset=UTF-8]}" onto public java.lang.String com.icinfo.springmvc.elasticsearch.controller.JestClientController.page(java.lang.String,int,int) throws java.lang.Exception
2016-11-21 14:40:15,507 [qtp475526834-51] INFO  org.springframework.web.servlet.mvc.method.annotation.RequestMappingHandlerMapping - Mapped "{[/createindex],methods=[GET]}" onto public void com.icinfo.springmvc.elasticsearch.controller.JestClientController.createIndex(java.lang.String,java.lang.String) throws java.lang.Exception
2016-11-21 14:40:15,509 [qtp475526834-51] INFO  org.springframework.web.servlet.mvc.method.annotation.RequestMappingHandlerMapping - Mapped "{[/getarticle],methods=[GET],produces=[text/html;charset=UTF-8]}" onto public java.lang.String com.icinfo.springmvc.elasticsearch.controller.JestClientController.getArticle(java.lang.String) throws java.lang.Exception
2016-11-21 14:40:15,510 [qtp475526834-51] INFO  org.springframework.web.servlet.mvc.method.annotation.RequestMappingHandlerMapping - Mapped "{[/updatearticle],methods=[GET],produces=[text/html;charset=UTF-8]}" onto public java.lang.String com.icinfo.springmvc.elasticsearch.controller.JestClientController.updateArtcle(java.lang.String,java.lang.String,java.lang.String) throws java.lang.Exception
2016-11-21 14:40:15,510 [qtp475526834-51] INFO  org.springframework.web.servlet.mvc.method.annotation.RequestMappingHandlerMapping - Mapped "{[/deletearticle],methods=[GET],produces=[text/html;charset=UTF-8]}" onto public java.lang.String com.icinfo.springmvc.elasticsearch.controller.JestClientController.deleteArticle(java.lang.String,java.lang.String,java.lang.String) throws java.lang.Exception
2016-11-21 14:40:15,512 [qtp475526834-51] INFO  org.springframework.web.servlet.mvc.method.annotation.RequestMappingHandlerMapping - Mapped "{[/file/upload],methods=[POST]}" onto public java.lang.String com.icinfo.springmvc.file.controller.UploadController.upload(org.springframework.web.multipart.MultipartFile,org.springframework.web.multipart.commons.CommonsMultipartFile,javax.servlet.http.HttpServletRequest,org.springframework.ui.Model)
2016-11-21 14:40:15,514 [qtp475526834-51] INFO  org.springframework.web.servlet.mvc.method.annotation.RequestMappingHandlerMapping - Mapped "{[/file/toupload],methods=[GET]}" onto public java.lang.String com.icinfo.springmvc.file.controller.UploadController.toUpload()
