2016-10-28 14:08:40,921 [main] INFO  org.springframework.web.context.ContextLoader - Root WebApplicationContext: initialization started
2016-10-28 14:08:41,617 [main] INFO  org.springframework.web.context.support.XmlWebApplicationContext - Refreshing Root WebApplicationContext: startup date [Fri Oct 28 14:08:41 CST 2016]; root of context hierarchy
2016-10-28 14:08:41,866 [main] INFO  org.springframework.beans.factory.xml.XmlBeanDefinitionReader - Loading XML bean definitions from class path resource [spring-mvc.xml]
2016-10-28 14:08:52,858 [main] INFO  org.springframework.beans.factory.annotation.AutowiredAnnotationBeanPostProcessor - JSR-330 'javax.inject.Inject' annotation found and supported for autowiring
2016-10-28 14:08:54,010 [main] INFO  org.springframework.web.servlet.mvc.method.annotation.RequestMappingHandlerMapping - Mapped "{[/page/{path}/{file}],methods=[GET]}" onto public java.lang.String com.icinfo.springmvc.common.controller.CommonController.toPage(java.lang.String,java.lang.String)
2016-10-28 14:08:54,014 [main] INFO  org.springframework.web.servlet.mvc.method.annotation.RequestMappingHandlerMapping - Mapped "{[/file/upload],methods=[POST]}" onto public java.lang.String com.icinfo.springmvc.file.controller.UploadController.upload(org.springframework.web.multipart.MultipartFile,org.springframework.web.multipart.commons.CommonsMultipartFile,javax.servlet.http.HttpServletRequest,org.springframework.ui.Model)
2016-10-28 14:08:54,014 [main] INFO  org.springframework.web.servlet.mvc.method.annotation.RequestMappingHandlerMapping - Mapped "{[/file/toupload],methods=[GET]}" onto public java.lang.String com.icinfo.springmvc.file.controller.UploadController.toUpload()
2016-10-28 14:08:57,640 [main] INFO  org.springframework.web.servlet.mvc.method.annotation.RequestMappingHandlerAdapter - Looking for @ControllerAdvice: Root WebApplicationContext: startup date [Fri Oct 28 14:08:41 CST 2016]; root of context hierarchy
2016-10-28 14:08:57,680 [main] INFO  org.springframework.web.servlet.mvc.method.annotation.RequestMappingHandlerAdapter - Looking for @ControllerAdvice: Root WebApplicationContext: startup date [Fri Oct 28 14:08:41 CST 2016]; root of context hierarchy
2016-10-28 14:08:57,752 [main] INFO  org.springframework.web.servlet.handler.SimpleUrlHandlerMapping - Mapped URL path [/**] onto handler 'org.springframework.web.servlet.resource.DefaultServletHttpRequestHandler#0'
2016-10-28 14:08:57,767 [main] INFO  org.springframework.web.servlet.handler.SimpleUrlHandlerMapping - Mapped URL path [/css/**] onto handler 'org.springframework.web.servlet.resource.ResourceHttpRequestHandler#0'
2016-10-28 14:08:57,769 [main] INFO  org.springframework.web.servlet.handler.SimpleUrlHandlerMapping - Mapped URL path [/js/**] onto handler 'org.springframework.web.servlet.resource.ResourceHttpRequestHandler#1'
2016-10-28 14:08:57,993 [main] INFO  org.springframework.web.context.ContextLoader - Root WebApplicationContext: initialization completed in 16989 ms
2016-10-28 14:09:12,414 [qtp681639276-13] INFO  org.springframework.web.servlet.DispatcherServlet - FrameworkServlet 'springMVC': initialization started
2016-10-28 14:09:12,417 [qtp681639276-13] INFO  org.springframework.web.context.support.XmlWebApplicationContext - Refreshing WebApplicationContext for namespace 'springMVC-servlet': startup date [Fri Oct 28 14:09:12 CST 2016]; parent: Root WebApplicationContext
2016-10-28 14:09:12,418 [qtp681639276-13] INFO  org.springframework.beans.factory.xml.XmlBeanDefinitionReader - Loading XML bean definitions from class path resource [spring-mvc.xml]
2016-10-28 14:09:12,533 [qtp681639276-13] INFO  org.springframework.beans.factory.annotation.AutowiredAnnotationBeanPostProcessor - JSR-330 'javax.inject.Inject' annotation found and supported for autowiring
2016-10-28 14:09:12,561 [qtp681639276-13] INFO  org.springframework.web.servlet.mvc.method.annotation.RequestMappingHandlerMapping - Mapped "{[/page/{path}/{file}],methods=[GET]}" onto public java.lang.String com.icinfo.springmvc.common.controller.CommonController.toPage(java.lang.String,java.lang.String)
2016-10-28 14:09:12,563 [qtp681639276-13] INFO  org.springframework.web.servlet.mvc.method.annotation.RequestMappingHandlerMapping - Mapped "{[/file/upload],methods=[POST]}" onto public java.lang.String com.icinfo.springmvc.file.controller.UploadController.upload(org.springframework.web.multipart.MultipartFile,org.springframework.web.multipart.commons.CommonsMultipartFile,javax.servlet.http.HttpServletRequest,org.springframework.ui.Model)
2016-10-28 14:09:12,564 [qtp681639276-13] INFO  org.springframework.web.servlet.mvc.method.annotation.RequestMappingHandlerMapping - Mapped "{[/file/toupload],methods=[GET]}" onto public java.lang.String com.icinfo.springmvc.file.controller.UploadController.toUpload()
2016-10-28 14:09:12,595 [qtp681639276-13] INFO  org.springframework.web.servlet.mvc.method.annotation.RequestMappingHandlerAdapter - Looking for @ControllerAdvice: WebApplicationContext for namespace 'springMVC-servlet': startup date [Fri Oct 28 14:09:12 CST 2016]; parent: Root WebApplicationContext
2016-10-28 14:09:12,621 [qtp681639276-13] INFO  org.springframework.web.servlet.mvc.method.annotation.RequestMappingHandlerAdapter - Looking for @ControllerAdvice: WebApplicationContext for namespace 'springMVC-servlet': startup date [Fri Oct 28 14:09:12 CST 2016]; parent: Root WebApplicationContext
2016-10-28 14:09:12,660 [qtp681639276-13] INFO  org.springframework.web.servlet.handler.SimpleUrlHandlerMapping - Mapped URL path [/**] onto handler 'org.springframework.web.servlet.resource.DefaultServletHttpRequestHandler#0'
2016-10-28 14:09:12,666 [qtp681639276-13] INFO  org.springframework.web.servlet.handler.SimpleUrlHandlerMapping - Mapped URL path [/css/**] onto handler 'org.springframework.web.servlet.resource.ResourceHttpRequestHandler#0'
2016-10-28 14:09:12,670 [qtp681639276-13] INFO  org.springframework.web.servlet.handler.SimpleUrlHandlerMapping - Mapped URL path [/js/**] onto handler 'org.springframework.web.servlet.resource.ResourceHttpRequestHandler#1'
2016-10-28 14:09:12,733 [qtp681639276-13] INFO  org.springframework.web.servlet.DispatcherServlet - FrameworkServlet 'springMVC': initialization completed in 318 ms
2016-10-28 14:20:45,220 [main] INFO  org.springframework.web.context.ContextLoader - Root WebApplicationContext: initialization started
2016-10-28 14:20:45,355 [main] INFO  org.springframework.web.context.support.XmlWebApplicationContext - Refreshing Root WebApplicationContext: startup date [Fri Oct 28 14:20:45 CST 2016]; root of context hierarchy
2016-10-28 14:20:45,430 [main] INFO  org.springframework.beans.factory.xml.XmlBeanDefinitionReader - Loading XML bean definitions from class path resource [spring-mvc.xml]
2016-10-28 14:20:45,927 [main] INFO  org.springframework.beans.factory.annotation.AutowiredAnnotationBeanPostProcessor - JSR-330 'javax.inject.Inject' annotation found and supported for autowiring
2016-10-28 14:20:46,195 [main] INFO  org.springframework.web.servlet.mvc.method.annotation.RequestMappingHandlerMapping - Mapped "{[/page/{path}/{file}],methods=[GET]}" onto public java.lang.String com.icinfo.springmvc.common.controller.CommonController.toPage(java.lang.String,java.lang.String)
2016-10-28 14:20:46,197 [main] INFO  org.springframework.web.servlet.mvc.method.annotation.RequestMappingHandlerMapping - Mapped "{[/file/upload],methods=[POST]}" onto public java.lang.String com.icinfo.springmvc.file.controller.UploadController.upload(org.springframework.web.multipart.MultipartFile,org.springframework.web.multipart.commons.CommonsMultipartFile,javax.servlet.http.HttpServletRequest,org.springframework.ui.Model)
2016-10-28 14:20:46,197 [main] INFO  org.springframework.web.servlet.mvc.method.annotation.RequestMappingHandlerMapping - Mapped "{[/file/toupload],methods=[GET]}" onto public java.lang.String com.icinfo.springmvc.file.controller.UploadController.toUpload()
2016-10-28 14:20:46,655 [main] INFO  org.springframework.web.servlet.mvc.method.annotation.RequestMappingHandlerAdapter - Looking for @ControllerAdvice: Root WebApplicationContext: startup date [Fri Oct 28 14:20:45 CST 2016]; root of context hierarchy
2016-10-28 14:20:46,697 [main] INFO  org.springframework.web.servlet.mvc.method.annotation.RequestMappingHandlerAdapter - Looking for @ControllerAdvice: Root WebApplicationContext: startup date [Fri Oct 28 14:20:45 CST 2016]; root of context hierarchy
2016-10-28 14:20:46,739 [main] INFO  org.springframework.web.servlet.handler.SimpleUrlHandlerMapping - Mapped URL path [/**] onto handler 'org.springframework.web.servlet.resource.DefaultServletHttpRequestHandler#0'
2016-10-28 14:20:46,754 [main] INFO  org.springframework.web.servlet.handler.SimpleUrlHandlerMapping - Mapped URL path [/css/**] onto handler 'org.springframework.web.servlet.resource.ResourceHttpRequestHandler#0'
2016-10-28 14:20:46,758 [main] INFO  org.springframework.web.servlet.handler.SimpleUrlHandlerMapping - Mapped URL path [/js/**] onto handler 'org.springframework.web.servlet.resource.ResourceHttpRequestHandler#1'
2016-10-28 14:20:46,845 [main] INFO  org.springframework.web.context.ContextLoader - Root WebApplicationContext: initialization completed in 1603 ms
2016-10-28 14:20:49,963 [qtp681639276-16] INFO  org.springframework.web.servlet.DispatcherServlet - FrameworkServlet 'springMVC': initialization started
2016-10-28 14:20:49,966 [qtp681639276-16] INFO  org.springframework.web.context.support.XmlWebApplicationContext - Refreshing WebApplicationContext for namespace 'springMVC-servlet': startup date [Fri Oct 28 14:20:49 CST 2016]; parent: Root WebApplicationContext
2016-10-28 14:20:49,967 [qtp681639276-16] INFO  org.springframework.beans.factory.xml.XmlBeanDefinitionReader - Loading XML bean definitions from class path resource [spring-mvc.xml]
2016-10-28 14:20:50,034 [qtp681639276-16] INFO  org.springframework.beans.factory.annotation.AutowiredAnnotationBeanPostProcessor - JSR-330 'javax.inject.Inject' annotation found and supported for autowiring
2016-10-28 14:20:50,063 [qtp681639276-16] INFO  org.springframework.web.servlet.mvc.method.annotation.RequestMappingHandlerMapping - Mapped "{[/page/{path}/{file}],methods=[GET]}" onto public java.lang.String com.icinfo.springmvc.common.controller.CommonController.toPage(java.lang.String,java.lang.String)
2016-10-28 14:20:50,066 [qtp681639276-16] INFO  org.springframework.web.servlet.mvc.method.annotation.RequestMappingHandlerMapping - Mapped "{[/file/upload],methods=[POST]}" onto public java.lang.String com.icinfo.springmvc.file.controller.UploadController.upload(org.springframework.web.multipart.MultipartFile,org.springframework.web.multipart.commons.CommonsMultipartFile,javax.servlet.http.HttpServletRequest,org.springframework.ui.Model)
2016-10-28 14:20:50,067 [qtp681639276-16] INFO  org.springframework.web.servlet.mvc.method.annotation.RequestMappingHandlerMapping - Mapped "{[/file/toupload],methods=[GET]}" onto public java.lang.String com.icinfo.springmvc.file.controller.UploadController.toUpload()
2016-10-28 14:20:50,102 [qtp681639276-16] INFO  org.springframework.web.servlet.mvc.method.annotation.RequestMappingHandlerAdapter - Looking for @ControllerAdvice: WebApplicationContext for namespace 'springMVC-servlet': startup date [Fri Oct 28 14:20:49 CST 2016]; parent: Root WebApplicationContext
2016-10-28 14:20:50,127 [qtp681639276-16] INFO  org.springframework.web.servlet.mvc.method.annotation.RequestMappingHandlerAdapter - Looking for @ControllerAdvice: WebApplicationContext for namespace 'springMVC-servlet': startup date [Fri Oct 28 14:20:49 CST 2016]; parent: Root WebApplicationContext
2016-10-28 14:20:50,164 [qtp681639276-16] INFO  org.springframework.web.servlet.handler.SimpleUrlHandlerMapping - Mapped URL path [/**] onto handler 'org.springframework.web.servlet.resource.DefaultServletHttpRequestHandler#0'
2016-10-28 14:20:50,171 [qtp681639276-16] INFO  org.springframework.web.servlet.handler.SimpleUrlHandlerMapping - Mapped URL path [/css/**] onto handler 'org.springframework.web.servlet.resource.ResourceHttpRequestHandler#0'
2016-10-28 14:20:50,178 [qtp681639276-16] INFO  org.springframework.web.servlet.handler.SimpleUrlHandlerMapping - Mapped URL path [/js/**] onto handler 'org.springframework.web.servlet.resource.ResourceHttpRequestHandler#1'
2016-10-28 14:20:50,252 [qtp681639276-16] INFO  org.springframework.web.servlet.DispatcherServlet - FrameworkServlet 'springMVC': initialization completed in 288 ms
2016-10-28 14:25:27,954 [main] INFO  org.springframework.web.context.ContextLoader - Root WebApplicationContext: initialization started
2016-10-28 14:25:28,033 [main] INFO  org.springframework.web.context.support.XmlWebApplicationContext - Refreshing Root WebApplicationContext: startup date [Fri Oct 28 14:25:28 CST 2016]; root of context hierarchy
2016-10-28 14:25:28,079 [main] INFO  org.springframework.beans.factory.xml.XmlBeanDefinitionReader - Loading XML bean definitions from class path resource [spring-mvc.xml]
2016-10-28 14:25:28,540 [main] INFO  org.springframework.beans.factory.annotation.AutowiredAnnotationBeanPostProcessor - JSR-330 'javax.inject.Inject' annotation found and supported for autowiring
2016-10-28 14:25:29,029 [main] INFO  org.springframework.web.servlet.mvc.method.annotation.RequestMappingHandlerMapping - Mapped "{[/page/{path}/{file}],methods=[GET]}" onto public java.lang.String com.icinfo.springmvc.common.controller.CommonController.toPage(java.lang.String,java.lang.String)
2016-10-28 14:25:29,038 [main] INFO  org.springframework.web.servlet.mvc.method.annotation.RequestMappingHandlerMapping - Mapped "{[/file/upload],methods=[POST]}" onto public java.lang.String com.icinfo.springmvc.file.controller.UploadController.upload(org.springframework.web.multipart.MultipartFile,org.springframework.web.multipart.commons.CommonsMultipartFile,javax.servlet.http.HttpServletRequest,org.springframework.ui.Model)
2016-10-28 14:25:29,038 [main] INFO  org.springframework.web.servlet.mvc.method.annotation.RequestMappingHandlerMapping - Mapped "{[/file/toupload],methods=[GET]}" onto public java.lang.String com.icinfo.springmvc.file.controller.UploadController.toUpload()
2016-10-28 14:25:29,630 [main] INFO  org.springframework.web.servlet.mvc.method.annotation.RequestMappingHandlerAdapter - Looking for @ControllerAdvice: Root WebApplicationContext: startup date [Fri Oct 28 14:25:28 CST 2016]; root of context hierarchy
2016-10-28 14:25:29,705 [main] INFO  org.springframework.web.servlet.mvc.method.annotation.RequestMappingHandlerAdapter - Looking for @ControllerAdvice: Root WebApplicationContext: startup date [Fri Oct 28 14:25:28 CST 2016]; root of context hierarchy
2016-10-28 14:25:29,810 [main] INFO  org.springframework.web.servlet.handler.SimpleUrlHandlerMapping - Mapped URL path [/**] onto handler 'org.springframework.web.servlet.resource.DefaultServletHttpRequestHandler#0'
2016-10-28 14:25:29,831 [main] INFO  org.springframework.web.servlet.handler.SimpleUrlHandlerMapping - Mapped URL path [/css/**] onto handler 'org.springframework.web.servlet.resource.ResourceHttpRequestHandler#0'
2016-10-28 14:25:29,842 [main] INFO  org.springframework.web.servlet.handler.SimpleUrlHandlerMapping - Mapped URL path [/js/**] onto handler 'org.springframework.web.servlet.resource.ResourceHttpRequestHandler#1'
2016-10-28 14:25:30,010 [main] INFO  org.springframework.web.context.ContextLoader - Root WebApplicationContext: initialization completed in 2052 ms
2016-10-28 14:25:35,800 [qtp1289563251-22] INFO  org.springframework.web.servlet.DispatcherServlet - FrameworkServlet 'springMVC': initialization started
2016-10-28 14:25:35,805 [qtp1289563251-22] INFO  org.springframework.web.context.support.XmlWebApplicationContext - Refreshing WebApplicationContext for namespace 'springMVC-servlet': startup date [Fri Oct 28 14:25:35 CST 2016]; parent: Root WebApplicationContext
2016-10-28 14:25:35,806 [qtp1289563251-22] INFO  org.springframework.beans.factory.xml.XmlBeanDefinitionReader - Loading XML bean definitions from class path resource [spring-mvc.xml]
2016-10-28 14:25:35,878 [qtp1289563251-22] INFO  org.springframework.beans.factory.annotation.AutowiredAnnotationBeanPostProcessor - JSR-330 'javax.inject.Inject' annotation found and supported for autowiring
2016-10-28 14:25:35,912 [qtp1289563251-22] INFO  org.springframework.web.servlet.mvc.method.annotation.RequestMappingHandlerMapping - Mapped "{[/page/{path}/{file}],methods=[GET]}" onto public java.lang.String com.icinfo.springmvc.common.controller.CommonController.toPage(java.lang.String,java.lang.String)
2016-10-28 14:25:35,914 [qtp1289563251-22] INFO  org.springframework.web.servlet.mvc.method.annotation.RequestMappingHandlerMapping - Mapped "{[/file/upload],methods=[POST]}" onto public java.lang.String com.icinfo.springmvc.file.controller.UploadController.upload(org.springframework.web.multipart.MultipartFile,org.springframework.web.multipart.commons.CommonsMultipartFile,javax.servlet.http.HttpServletRequest,org.springframework.ui.Model)
2016-10-28 14:25:35,915 [qtp1289563251-22] INFO  org.springframework.web.servlet.mvc.method.annotation.RequestMappingHandlerMapping - Mapped "{[/file/toupload],methods=[GET]}" onto public java.lang.String com.icinfo.springmvc.file.controller.UploadController.toUpload()
2016-10-28 14:25:35,970 [qtp1289563251-22] INFO  org.springframework.web.servlet.mvc.method.annotation.RequestMappingHandlerAdapter - Looking for @ControllerAdvice: WebApplicationContext for namespace 'springMVC-servlet': startup date [Fri Oct 28 14:25:35 CST 2016]; parent: Root WebApplicationContext
2016-10-28 14:25:36,009 [qtp1289563251-22] INFO  org.springframework.web.servlet.mvc.method.annotation.RequestMappingHandlerAdapter - Looking for @ControllerAdvice: WebApplicationContext for namespace 'springMVC-servlet': startup date [Fri Oct 28 14:25:35 CST 2016]; parent: Root WebApplicationContext
2016-10-28 14:25:36,078 [qtp1289563251-22] INFO  org.springframework.web.servlet.handler.SimpleUrlHandlerMapping - Mapped URL path [/**] onto handler 'org.springframework.web.servlet.resource.DefaultServletHttpRequestHandler#0'
2016-10-28 14:25:36,086 [qtp1289563251-22] INFO  org.springframework.web.servlet.handler.SimpleUrlHandlerMapping - Mapped URL path [/css/**] onto handler 'org.springframework.web.servlet.resource.ResourceHttpRequestHandler#0'
2016-10-28 14:25:36,089 [qtp1289563251-22] INFO  org.springframework.web.servlet.handler.SimpleUrlHandlerMapping - Mapped URL path [/js/**] onto handler 'org.springframework.web.servlet.resource.ResourceHttpRequestHandler#1'
2016-10-28 14:25:36,232 [qtp1289563251-22] INFO  org.springframework.web.servlet.DispatcherServlet - FrameworkServlet 'springMVC': initialization completed in 430 ms
