2016-10-25 14:08:04,395 [main] INFO  org.springframework.web.context.ContextLoader - Root WebApplicationContext: initialization started
2016-10-25 14:08:04,471 [main] INFO  org.springframework.web.context.support.XmlWebApplicationContext - Refreshing Root WebApplicationContext: startup date [Tue Oct 25 14:08:04 CST 2016]; root of context hierarchy
2016-10-25 14:08:04,506 [main] INFO  org.springframework.beans.factory.xml.XmlBeanDefinitionReader - Loading XML bean definitions from class path resource [spring-mvc.xml]
2016-10-25 14:08:04,879 [main] INFO  org.springframework.beans.factory.annotation.AutowiredAnnotationBeanPostProcessor - JSR-330 'javax.inject.Inject' annotation found and supported for autowiring
2016-10-25 14:08:05,180 [main] INFO  org.springframework.web.servlet.mvc.method.annotation.RequestMappingHandlerMapping - Mapped "{[/file/upload],methods=[POST]}" onto public java.lang.String com.icinfo.springmvc.file.controller.uploadController.upload(org.springframework.web.multipart.MultipartFile,org.springframework.web.multipart.commons.CommonsMultipartFile,javax.servlet.http.HttpServletRequest,org.springframework.ui.Model)
2016-10-25 14:08:05,182 [main] INFO  org.springframework.web.servlet.mvc.method.annotation.RequestMappingHandlerMapping - Mapped "{[/file/toupload],methods=[GET]}" onto public java.lang.String com.icinfo.springmvc.file.controller.uploadController.toUpload()
2016-10-25 14:27:26,837 [main] INFO  org.springframework.web.context.ContextLoader - Root WebApplicationContext: initialization started
2016-10-25 14:27:26,903 [main] INFO  org.springframework.web.context.support.XmlWebApplicationContext - Refreshing Root WebApplicationContext: startup date [Tue Oct 25 14:27:26 CST 2016]; root of context hierarchy
2016-10-25 14:27:26,941 [main] INFO  org.springframework.beans.factory.xml.XmlBeanDefinitionReader - Loading XML bean definitions from class path resource [spring-mvc.xml]
2016-10-25 14:27:27,441 [main] INFO  org.springframework.beans.factory.annotation.AutowiredAnnotationBeanPostProcessor - JSR-330 'javax.inject.Inject' annotation found and supported for autowiring
2016-10-25 14:27:27,686 [main] INFO  org.springframework.web.servlet.mvc.method.annotation.RequestMappingHandlerMapping - Mapped "{[/page/{path}/{file}],methods=[GET]}" onto public java.lang.String com.icinfo.springmvc.common.controller.CommonController.toPage(java.lang.String,java.lang.String)
2016-10-25 14:27:27,689 [main] INFO  org.springframework.web.servlet.mvc.method.annotation.RequestMappingHandlerMapping - Mapped "{[/file/upload],methods=[POST]}" onto public java.lang.String com.icinfo.springmvc.file.controller.UploadController.upload(org.springframework.web.multipart.MultipartFile,org.springframework.web.multipart.commons.CommonsMultipartFile,javax.servlet.http.HttpServletRequest,org.springframework.ui.Model)
2016-10-25 14:27:27,690 [main] INFO  org.springframework.web.servlet.mvc.method.annotation.RequestMappingHandlerMapping - Mapped "{[/file/toupload],methods=[GET]}" onto public java.lang.String com.icinfo.springmvc.file.controller.UploadController.toUpload()
2016-10-25 14:27:28,087 [main] INFO  org.springframework.web.servlet.mvc.method.annotation.RequestMappingHandlerAdapter - Looking for @ControllerAdvice: Root WebApplicationContext: startup date [Tue Oct 25 14:27:26 CST 2016]; root of context hierarchy
2016-10-25 14:27:28,139 [main] INFO  org.springframework.web.servlet.mvc.method.annotation.RequestMappingHandlerAdapter - Looking for @ControllerAdvice: Root WebApplicationContext: startup date [Tue Oct 25 14:27:26 CST 2016]; root of context hierarchy
2016-10-25 14:27:28,200 [main] INFO  org.springframework.web.servlet.handler.SimpleUrlHandlerMapping - Mapped URL path [/**] onto handler 'org.springframework.web.servlet.resource.DefaultServletHttpRequestHandler#0'
2016-10-25 14:27:28,217 [main] INFO  org.springframework.web.servlet.handler.SimpleUrlHandlerMapping - Mapped URL path [/css/**] onto handler 'org.springframework.web.servlet.resource.ResourceHttpRequestHandler#0'
2016-10-25 14:27:28,328 [main] INFO  org.springframework.web.context.ContextLoader - Root WebApplicationContext: initialization completed in 1487 ms
2016-10-25 14:27:56,448 [qtp7395550-17] INFO  org.springframework.web.servlet.DispatcherServlet - FrameworkServlet 'springMVC': initialization started
2016-10-25 14:27:56,451 [qtp7395550-17] INFO  org.springframework.web.context.support.XmlWebApplicationContext - Refreshing WebApplicationContext for namespace 'springMVC-servlet': startup date [Tue Oct 25 14:27:56 CST 2016]; parent: Root WebApplicationContext
2016-10-25 14:27:56,452 [qtp7395550-17] INFO  org.springframework.beans.factory.xml.XmlBeanDefinitionReader - Loading XML bean definitions from class path resource [spring-mvc.xml]
2016-10-25 14:27:56,511 [qtp7395550-17] INFO  org.springframework.beans.factory.annotation.AutowiredAnnotationBeanPostProcessor - JSR-330 'javax.inject.Inject' annotation found and supported for autowiring
2016-10-25 14:27:56,548 [qtp7395550-17] INFO  org.springframework.web.servlet.mvc.method.annotation.RequestMappingHandlerMapping - Mapped "{[/page/{path}/{file}],methods=[GET]}" onto public java.lang.String com.icinfo.springmvc.common.controller.CommonController.toPage(java.lang.String,java.lang.String)
2016-10-25 14:27:56,551 [qtp7395550-17] INFO  org.springframework.web.servlet.mvc.method.annotation.RequestMappingHandlerMapping - Mapped "{[/file/upload],methods=[POST]}" onto public java.lang.String com.icinfo.springmvc.file.controller.UploadController.upload(org.springframework.web.multipart.MultipartFile,org.springframework.web.multipart.commons.CommonsMultipartFile,javax.servlet.http.HttpServletRequest,org.springframework.ui.Model)
2016-10-25 14:27:56,557 [qtp7395550-17] INFO  org.springframework.web.servlet.mvc.method.annotation.RequestMappingHandlerMapping - Mapped "{[/file/toupload],methods=[GET]}" onto public java.lang.String com.icinfo.springmvc.file.controller.UploadController.toUpload()
2016-10-25 14:27:56,585 [qtp7395550-17] INFO  org.springframework.web.servlet.mvc.method.annotation.RequestMappingHandlerAdapter - Looking for @ControllerAdvice: WebApplicationContext for namespace 'springMVC-servlet': startup date [Tue Oct 25 14:27:56 CST 2016]; parent: Root WebApplicationContext
2016-10-25 14:27:56,605 [qtp7395550-17] INFO  org.springframework.web.servlet.mvc.method.annotation.RequestMappingHandlerAdapter - Looking for @ControllerAdvice: WebApplicationContext for namespace 'springMVC-servlet': startup date [Tue Oct 25 14:27:56 CST 2016]; parent: Root WebApplicationContext
2016-10-25 14:27:56,636 [qtp7395550-17] INFO  org.springframework.web.servlet.handler.SimpleUrlHandlerMapping - Mapped URL path [/**] onto handler 'org.springframework.web.servlet.resource.DefaultServletHttpRequestHandler#0'
2016-10-25 14:27:56,642 [qtp7395550-17] INFO  org.springframework.web.servlet.handler.SimpleUrlHandlerMapping - Mapped URL path [/css/**] onto handler 'org.springframework.web.servlet.resource.ResourceHttpRequestHandler#0'
2016-10-25 14:27:56,714 [qtp7395550-17] INFO  org.springframework.web.servlet.DispatcherServlet - FrameworkServlet 'springMVC': initialization completed in 266 ms
2016-10-25 14:30:51,296 [main] INFO  org.springframework.web.context.ContextLoader - Root WebApplicationContext: initialization started
2016-10-25 14:30:51,368 [main] INFO  org.springframework.web.context.support.XmlWebApplicationContext - Refreshing Root WebApplicationContext: startup date [Tue Oct 25 14:30:51 CST 2016]; root of context hierarchy
2016-10-25 14:30:51,400 [main] INFO  org.springframework.beans.factory.xml.XmlBeanDefinitionReader - Loading XML bean definitions from class path resource [spring-mvc.xml]
2016-10-25 14:30:51,878 [main] INFO  org.springframework.beans.factory.annotation.AutowiredAnnotationBeanPostProcessor - JSR-330 'javax.inject.Inject' annotation found and supported for autowiring
2016-10-25 14:30:52,137 [main] INFO  org.springframework.web.servlet.mvc.method.annotation.RequestMappingHandlerMapping - Mapped "{[/page/{path}/{file}],methods=[GET]}" onto public java.lang.String com.icinfo.springmvc.common.controller.CommonController.toPage(java.lang.String,java.lang.String)
2016-10-25 14:30:52,140 [main] INFO  org.springframework.web.servlet.mvc.method.annotation.RequestMappingHandlerMapping - Mapped "{[/file/toupload],methods=[GET]}" onto public java.lang.String com.icinfo.springmvc.file.controller.UploadController.toUpload()
2016-10-25 14:30:52,141 [main] INFO  org.springframework.web.servlet.mvc.method.annotation.RequestMappingHandlerMapping - Mapped "{[/file/upload],methods=[POST]}" onto public java.lang.String com.icinfo.springmvc.file.controller.UploadController.upload(org.springframework.web.multipart.MultipartFile,org.springframework.web.multipart.commons.CommonsMultipartFile,javax.servlet.http.HttpServletRequest,org.springframework.ui.Model)
2016-10-25 14:30:52,514 [main] INFO  org.springframework.web.servlet.mvc.method.annotation.RequestMappingHandlerAdapter - Looking for @ControllerAdvice: Root WebApplicationContext: startup date [Tue Oct 25 14:30:51 CST 2016]; root of context hierarchy
2016-10-25 14:30:52,563 [main] INFO  org.springframework.web.servlet.mvc.method.annotation.RequestMappingHandlerAdapter - Looking for @ControllerAdvice: Root WebApplicationContext: startup date [Tue Oct 25 14:30:51 CST 2016]; root of context hierarchy
2016-10-25 14:30:52,624 [main] INFO  org.springframework.web.servlet.handler.SimpleUrlHandlerMapping - Mapped URL path [/**] onto handler 'org.springframework.web.servlet.resource.DefaultServletHttpRequestHandler#0'
2016-10-25 14:30:52,641 [main] INFO  org.springframework.web.servlet.handler.SimpleUrlHandlerMapping - Mapped URL path [/css/**] onto handler 'org.springframework.web.servlet.resource.ResourceHttpRequestHandler#0'
2016-10-25 14:30:52,749 [main] INFO  org.springframework.web.context.ContextLoader - Root WebApplicationContext: initialization completed in 1450 ms
2016-10-25 14:31:05,788 [qtp1704214570-13] INFO  org.springframework.web.servlet.DispatcherServlet - FrameworkServlet 'springMVC': initialization started
2016-10-25 14:31:05,791 [qtp1704214570-13] INFO  org.springframework.web.context.support.XmlWebApplicationContext - Refreshing WebApplicationContext for namespace 'springMVC-servlet': startup date [Tue Oct 25 14:31:05 CST 2016]; parent: Root WebApplicationContext
2016-10-25 14:31:05,792 [qtp1704214570-13] INFO  org.springframework.beans.factory.xml.XmlBeanDefinitionReader - Loading XML bean definitions from class path resource [spring-mvc.xml]
2016-10-25 14:31:05,871 [qtp1704214570-13] INFO  org.springframework.beans.factory.annotation.AutowiredAnnotationBeanPostProcessor - JSR-330 'javax.inject.Inject' annotation found and supported for autowiring
2016-10-25 14:31:05,893 [qtp1704214570-13] INFO  org.springframework.web.servlet.mvc.method.annotation.RequestMappingHandlerMapping - Mapped "{[/page/{path}/{file}],methods=[GET]}" onto public java.lang.String com.icinfo.springmvc.common.controller.CommonController.toPage(java.lang.String,java.lang.String)
2016-10-25 14:31:05,894 [qtp1704214570-13] INFO  org.springframework.web.servlet.mvc.method.annotation.RequestMappingHandlerMapping - Mapped "{[/file/toupload],methods=[GET]}" onto public java.lang.String com.icinfo.springmvc.file.controller.UploadController.toUpload()
2016-10-25 14:31:05,894 [qtp1704214570-13] INFO  org.springframework.web.servlet.mvc.method.annotation.RequestMappingHandlerMapping - Mapped "{[/file/upload],methods=[POST]}" onto public java.lang.String com.icinfo.springmvc.file.controller.UploadController.upload(org.springframework.web.multipart.MultipartFile,org.springframework.web.multipart.commons.CommonsMultipartFile,javax.servlet.http.HttpServletRequest,org.springframework.ui.Model)
2016-10-25 14:31:05,931 [qtp1704214570-13] INFO  org.springframework.web.servlet.mvc.method.annotation.RequestMappingHandlerAdapter - Looking for @ControllerAdvice: WebApplicationContext for namespace 'springMVC-servlet': startup date [Tue Oct 25 14:31:05 CST 2016]; parent: Root WebApplicationContext
2016-10-25 14:31:05,956 [qtp1704214570-13] INFO  org.springframework.web.servlet.mvc.method.annotation.RequestMappingHandlerAdapter - Looking for @ControllerAdvice: WebApplicationContext for namespace 'springMVC-servlet': startup date [Tue Oct 25 14:31:05 CST 2016]; parent: Root WebApplicationContext
2016-10-25 14:31:05,987 [qtp1704214570-13] INFO  org.springframework.web.servlet.handler.SimpleUrlHandlerMapping - Mapped URL path [/**] onto handler 'org.springframework.web.servlet.resource.DefaultServletHttpRequestHandler#0'
2016-10-25 14:31:05,992 [qtp1704214570-13] INFO  org.springframework.web.servlet.handler.SimpleUrlHandlerMapping - Mapped URL path [/css/**] onto handler 'org.springframework.web.servlet.resource.ResourceHttpRequestHandler#0'
2016-10-25 14:31:06,063 [qtp1704214570-13] INFO  org.springframework.web.servlet.DispatcherServlet - FrameworkServlet 'springMVC': initialization completed in 274 ms
2016-10-25 14:32:01,408 [main] INFO  org.springframework.web.context.ContextLoader - Root WebApplicationContext: initialization started
2016-10-25 14:32:01,460 [main] INFO  org.springframework.web.context.support.XmlWebApplicationContext - Refreshing Root WebApplicationContext: startup date [Tue Oct 25 14:32:01 CST 2016]; root of context hierarchy
2016-10-25 14:32:01,493 [main] INFO  org.springframework.beans.factory.xml.XmlBeanDefinitionReader - Loading XML bean definitions from class path resource [spring-mvc.xml]
2016-10-25 14:32:01,893 [main] INFO  org.springframework.beans.factory.annotation.AutowiredAnnotationBeanPostProcessor - JSR-330 'javax.inject.Inject' annotation found and supported for autowiring
2016-10-25 14:32:02,070 [main] INFO  org.springframework.web.servlet.mvc.method.annotation.RequestMappingHandlerMapping - Mapped "{[/page/{path}/{file}],methods=[GET]}" onto public java.lang.String com.icinfo.springmvc.common.controller.CommonController.toPage(java.lang.String,java.lang.String)
2016-10-25 14:32:02,072 [main] INFO  org.springframework.web.servlet.mvc.method.annotation.RequestMappingHandlerMapping - Mapped "{[/file/upload],methods=[POST]}" onto public java.lang.String com.icinfo.springmvc.file.controller.UploadController.upload(org.springframework.web.multipart.MultipartFile,org.springframework.web.multipart.commons.CommonsMultipartFile,javax.servlet.http.HttpServletRequest,org.springframework.ui.Model)
2016-10-25 14:32:02,073 [main] INFO  org.springframework.web.servlet.mvc.method.annotation.RequestMappingHandlerMapping - Mapped "{[/file/toupload],methods=[GET]}" onto public java.lang.String com.icinfo.springmvc.file.controller.UploadController.toUpload()
2016-10-25 14:32:02,352 [main] INFO  org.springframework.web.servlet.mvc.method.annotation.RequestMappingHandlerAdapter - Looking for @ControllerAdvice: Root WebApplicationContext: startup date [Tue Oct 25 14:32:01 CST 2016]; root of context hierarchy
2016-10-25 14:32:02,387 [main] INFO  org.springframework.web.servlet.mvc.method.annotation.RequestMappingHandlerAdapter - Looking for @ControllerAdvice: Root WebApplicationContext: startup date [Tue Oct 25 14:32:01 CST 2016]; root of context hierarchy
2016-10-25 14:32:02,437 [main] INFO  org.springframework.web.servlet.handler.SimpleUrlHandlerMapping - Mapped URL path [/**] onto handler 'org.springframework.web.servlet.resource.DefaultServletHttpRequestHandler#0'
2016-10-25 14:32:02,455 [main] INFO  org.springframework.web.servlet.handler.SimpleUrlHandlerMapping - Mapped URL path [/css/**] onto handler 'org.springframework.web.servlet.resource.ResourceHttpRequestHandler#0'
2016-10-25 14:32:02,545 [main] INFO  org.springframework.web.context.ContextLoader - Root WebApplicationContext: initialization completed in 1135 ms
2016-10-25 14:32:18,422 [qtp821342630-14] INFO  org.springframework.web.servlet.DispatcherServlet - FrameworkServlet 'springMVC': initialization started
2016-10-25 14:32:18,427 [qtp821342630-14] INFO  org.springframework.web.context.support.XmlWebApplicationContext - Refreshing WebApplicationContext for namespace 'springMVC-servlet': startup date [Tue Oct 25 14:32:18 CST 2016]; parent: Root WebApplicationContext
2016-10-25 14:32:18,428 [qtp821342630-14] INFO  org.springframework.beans.factory.xml.XmlBeanDefinitionReader - Loading XML bean definitions from class path resource [spring-mvc.xml]
2016-10-25 14:32:18,517 [qtp821342630-14] INFO  org.springframework.beans.factory.annotation.AutowiredAnnotationBeanPostProcessor - JSR-330 'javax.inject.Inject' annotation found and supported for autowiring
2016-10-25 14:32:18,544 [qtp821342630-14] INFO  org.springframework.web.servlet.mvc.method.annotation.RequestMappingHandlerMapping - Mapped "{[/page/{path}/{file}],methods=[GET]}" onto public java.lang.String com.icinfo.springmvc.common.controller.CommonController.toPage(java.lang.String,java.lang.String)
2016-10-25 14:32:18,546 [qtp821342630-14] INFO  org.springframework.web.servlet.mvc.method.annotation.RequestMappingHandlerMapping - Mapped "{[/file/upload],methods=[POST]}" onto public java.lang.String com.icinfo.springmvc.file.controller.UploadController.upload(org.springframework.web.multipart.MultipartFile,org.springframework.web.multipart.commons.CommonsMultipartFile,javax.servlet.http.HttpServletRequest,org.springframework.ui.Model)
2016-10-25 14:32:18,546 [qtp821342630-14] INFO  org.springframework.web.servlet.mvc.method.annotation.RequestMappingHandlerMapping - Mapped "{[/file/toupload],methods=[GET]}" onto public java.lang.String com.icinfo.springmvc.file.controller.UploadController.toUpload()
2016-10-25 14:32:18,584 [qtp821342630-14] INFO  org.springframework.web.servlet.mvc.method.annotation.RequestMappingHandlerAdapter - Looking for @ControllerAdvice: WebApplicationContext for namespace 'springMVC-servlet': startup date [Tue Oct 25 14:32:18 CST 2016]; parent: Root WebApplicationContext
2016-10-25 14:32:18,612 [qtp821342630-14] INFO  org.springframework.web.servlet.mvc.method.annotation.RequestMappingHandlerAdapter - Looking for @ControllerAdvice: WebApplicationContext for namespace 'springMVC-servlet': startup date [Tue Oct 25 14:32:18 CST 2016]; parent: Root WebApplicationContext
2016-10-25 14:32:18,662 [qtp821342630-14] INFO  org.springframework.web.servlet.handler.SimpleUrlHandlerMapping - Mapped URL path [/**] onto handler 'org.springframework.web.servlet.resource.DefaultServletHttpRequestHandler#0'
2016-10-25 14:32:18,669 [qtp821342630-14] INFO  org.springframework.web.servlet.handler.SimpleUrlHandlerMapping - Mapped URL path [/css/**] onto handler 'org.springframework.web.servlet.resource.ResourceHttpRequestHandler#0'
2016-10-25 14:32:18,743 [qtp821342630-14] INFO  org.springframework.web.servlet.DispatcherServlet - FrameworkServlet 'springMVC': initialization completed in 318 ms
2016-10-25 14:33:01,488 [main] INFO  org.springframework.web.context.ContextLoader - Root WebApplicationContext: initialization started
2016-10-25 14:33:01,556 [main] INFO  org.springframework.web.context.support.XmlWebApplicationContext - Refreshing Root WebApplicationContext: startup date [Tue Oct 25 14:33:01 CST 2016]; root of context hierarchy
2016-10-25 14:33:01,599 [main] INFO  org.springframework.beans.factory.xml.XmlBeanDefinitionReader - Loading XML bean definitions from class path resource [spring-mvc.xml]
2016-10-25 14:33:02,096 [main] INFO  org.springframework.beans.factory.annotation.AutowiredAnnotationBeanPostProcessor - JSR-330 'javax.inject.Inject' annotation found and supported for autowiring
2016-10-25 14:33:02,371 [main] INFO  org.springframework.web.servlet.mvc.method.annotation.RequestMappingHandlerMapping - Mapped "{[/page/{path}/{file}],methods=[GET]}" onto public java.lang.String com.icinfo.springmvc.common.controller.CommonController.toPage(java.lang.String,java.lang.String)
2016-10-25 14:33:02,374 [main] INFO  org.springframework.web.servlet.mvc.method.annotation.RequestMappingHandlerMapping - Mapped "{[/file/upload],methods=[POST]}" onto public java.lang.String com.icinfo.springmvc.file.controller.UploadController.upload(org.springframework.web.multipart.MultipartFile,org.springframework.web.multipart.commons.CommonsMultipartFile,javax.servlet.http.HttpServletRequest,org.springframework.ui.Model)
2016-10-25 14:33:02,375 [main] INFO  org.springframework.web.servlet.mvc.method.annotation.RequestMappingHandlerMapping - Mapped "{[/file/toupload],methods=[GET]}" onto public java.lang.String com.icinfo.springmvc.file.controller.UploadController.toUpload()
2016-10-25 14:33:02,708 [main] INFO  org.springframework.web.servlet.mvc.method.annotation.RequestMappingHandlerAdapter - Looking for @ControllerAdvice: Root WebApplicationContext: startup date [Tue Oct 25 14:33:01 CST 2016]; root of context hierarchy
2016-10-25 14:33:02,748 [main] INFO  org.springframework.web.servlet.mvc.method.annotation.RequestMappingHandlerAdapter - Looking for @ControllerAdvice: Root WebApplicationContext: startup date [Tue Oct 25 14:33:01 CST 2016]; root of context hierarchy
2016-10-25 14:33:02,799 [main] INFO  org.springframework.web.servlet.handler.SimpleUrlHandlerMapping - Mapped URL path [/**] onto handler 'org.springframework.web.servlet.resource.DefaultServletHttpRequestHandler#0'
2016-10-25 14:33:02,816 [main] INFO  org.springframework.web.servlet.handler.SimpleUrlHandlerMapping - Mapped URL path [/css/**] onto handler 'org.springframework.web.servlet.resource.ResourceHttpRequestHandler#0'
2016-10-25 14:33:02,898 [main] INFO  org.springframework.web.context.ContextLoader - Root WebApplicationContext: initialization completed in 1408 ms
2016-10-25 14:33:05,071 [qtp1704214570-14] INFO  org.springframework.web.servlet.DispatcherServlet - FrameworkServlet 'springMVC': initialization started
2016-10-25 14:33:05,074 [qtp1704214570-14] INFO  org.springframework.web.context.support.XmlWebApplicationContext - Refreshing WebApplicationContext for namespace 'springMVC-servlet': startup date [Tue Oct 25 14:33:05 CST 2016]; parent: Root WebApplicationContext
2016-10-25 14:33:05,075 [qtp1704214570-14] INFO  org.springframework.beans.factory.xml.XmlBeanDefinitionReader - Loading XML bean definitions from class path resource [spring-mvc.xml]
2016-10-25 14:33:05,139 [qtp1704214570-14] INFO  org.springframework.beans.factory.annotation.AutowiredAnnotationBeanPostProcessor - JSR-330 'javax.inject.Inject' annotation found and supported for autowiring
2016-10-25 14:33:05,164 [qtp1704214570-14] INFO  org.springframework.web.servlet.mvc.method.annotation.RequestMappingHandlerMapping - Mapped "{[/page/{path}/{file}],methods=[GET]}" onto public java.lang.String com.icinfo.springmvc.common.controller.CommonController.toPage(java.lang.String,java.lang.String)
2016-10-25 14:33:05,166 [qtp1704214570-14] INFO  org.springframework.web.servlet.mvc.method.annotation.RequestMappingHandlerMapping - Mapped "{[/file/upload],methods=[POST]}" onto public java.lang.String com.icinfo.springmvc.file.controller.UploadController.upload(org.springframework.web.multipart.MultipartFile,org.springframework.web.multipart.commons.CommonsMultipartFile,javax.servlet.http.HttpServletRequest,org.springframework.ui.Model)
2016-10-25 14:33:05,167 [qtp1704214570-14] INFO  org.springframework.web.servlet.mvc.method.annotation.RequestMappingHandlerMapping - Mapped "{[/file/toupload],methods=[GET]}" onto public java.lang.String com.icinfo.springmvc.file.controller.UploadController.toUpload()
2016-10-25 14:33:05,208 [qtp1704214570-14] INFO  org.springframework.web.servlet.mvc.method.annotation.RequestMappingHandlerAdapter - Looking for @ControllerAdvice: WebApplicationContext for namespace 'springMVC-servlet': startup date [Tue Oct 25 14:33:05 CST 2016]; parent: Root WebApplicationContext
2016-10-25 14:33:05,244 [qtp1704214570-14] INFO  org.springframework.web.servlet.mvc.method.annotation.RequestMappingHandlerAdapter - Looking for @ControllerAdvice: WebApplicationContext for namespace 'springMVC-servlet': startup date [Tue Oct 25 14:33:05 CST 2016]; parent: Root WebApplicationContext
2016-10-25 14:33:05,278 [qtp1704214570-14] INFO  org.springframework.web.servlet.handler.SimpleUrlHandlerMapping - Mapped URL path [/**] onto handler 'org.springframework.web.servlet.resource.DefaultServletHttpRequestHandler#0'
2016-10-25 14:33:05,284 [qtp1704214570-14] INFO  org.springframework.web.servlet.handler.SimpleUrlHandlerMapping - Mapped URL path [/css/**] onto handler 'org.springframework.web.servlet.resource.ResourceHttpRequestHandler#0'
2016-10-25 14:33:05,352 [qtp1704214570-14] INFO  org.springframework.web.servlet.DispatcherServlet - FrameworkServlet 'springMVC': initialization completed in 280 ms
2016-10-25 14:36:40,640 [main] INFO  org.springframework.web.context.ContextLoader - Root WebApplicationContext: initialization started
2016-10-25 14:36:40,713 [main] INFO  org.springframework.web.context.support.XmlWebApplicationContext - Refreshing Root WebApplicationContext: startup date [Tue Oct 25 14:36:40 CST 2016]; root of context hierarchy
2016-10-25 14:36:40,753 [main] INFO  org.springframework.beans.factory.xml.XmlBeanDefinitionReader - Loading XML bean definitions from class path resource [spring-mvc.xml]
2016-10-25 14:36:41,133 [main] INFO  org.springframework.beans.factory.annotation.AutowiredAnnotationBeanPostProcessor - JSR-330 'javax.inject.Inject' annotation found and supported for autowiring
2016-10-25 14:36:41,388 [main] INFO  org.springframework.web.servlet.mvc.method.annotation.RequestMappingHandlerMapping - Mapped "{[/page/{path}/{file}],methods=[GET]}" onto public java.lang.String com.icinfo.springmvc.common.controller.CommonController.toPage(java.lang.String,java.lang.String)
2016-10-25 14:36:41,391 [main] INFO  org.springframework.web.servlet.mvc.method.annotation.RequestMappingHandlerMapping - Mapped "{[/file/upload],methods=[POST]}" onto public java.lang.String com.icinfo.springmvc.file.controller.UploadController.upload(org.springframework.web.multipart.MultipartFile,org.springframework.web.multipart.commons.CommonsMultipartFile,javax.servlet.http.HttpServletRequest,org.springframework.ui.Model)
2016-10-25 14:36:41,392 [main] INFO  org.springframework.web.servlet.mvc.method.annotation.RequestMappingHandlerMapping - Mapped "{[/file/toupload],methods=[GET]}" onto public java.lang.String com.icinfo.springmvc.file.controller.UploadController.toUpload()
2016-10-25 14:36:41,991 [main] INFO  org.springframework.web.servlet.mvc.method.annotation.RequestMappingHandlerAdapter - Looking for @ControllerAdvice: Root WebApplicationContext: startup date [Tue Oct 25 14:36:40 CST 2016]; root of context hierarchy
2016-10-25 14:36:42,068 [main] INFO  org.springframework.web.servlet.mvc.method.annotation.RequestMappingHandlerAdapter - Looking for @ControllerAdvice: Root WebApplicationContext: startup date [Tue Oct 25 14:36:40 CST 2016]; root of context hierarchy
2016-10-25 14:36:42,133 [main] INFO  org.springframework.web.servlet.handler.SimpleUrlHandlerMapping - Mapped URL path [/**] onto handler 'org.springframework.web.servlet.resource.DefaultServletHttpRequestHandler#0'
2016-10-25 14:36:42,152 [main] INFO  org.springframework.web.servlet.handler.SimpleUrlHandlerMapping - Mapped URL path [/css/**] onto handler 'org.springframework.web.servlet.resource.ResourceHttpRequestHandler#0'
2016-10-25 14:36:42,156 [main] INFO  org.springframework.web.servlet.handler.SimpleUrlHandlerMapping - Mapped URL path [/js/**] onto handler 'org.springframework.web.servlet.resource.ResourceHttpRequestHandler#1'
2016-10-25 14:36:42,265 [main] INFO  org.springframework.web.context.ContextLoader - Root WebApplicationContext: initialization completed in 1623 ms
2016-10-25 14:36:50,358 [qtp665137804-15] INFO  org.springframework.web.servlet.DispatcherServlet - FrameworkServlet 'springMVC': initialization started
2016-10-25 14:36:50,364 [qtp665137804-15] INFO  org.springframework.web.context.support.XmlWebApplicationContext - Refreshing WebApplicationContext for namespace 'springMVC-servlet': startup date [Tue Oct 25 14:36:50 CST 2016]; parent: Root WebApplicationContext
2016-10-25 14:36:50,364 [qtp665137804-15] INFO  org.springframework.beans.factory.xml.XmlBeanDefinitionReader - Loading XML bean definitions from class path resource [spring-mvc.xml]
2016-10-25 14:36:50,434 [qtp665137804-15] INFO  org.springframework.beans.factory.annotation.AutowiredAnnotationBeanPostProcessor - JSR-330 'javax.inject.Inject' annotation found and supported for autowiring
2016-10-25 14:36:50,464 [qtp665137804-15] INFO  org.springframework.web.servlet.mvc.method.annotation.RequestMappingHandlerMapping - Mapped "{[/page/{path}/{file}],methods=[GET]}" onto public java.lang.String com.icinfo.springmvc.common.controller.CommonController.toPage(java.lang.String,java.lang.String)
2016-10-25 14:36:50,466 [qtp665137804-15] INFO  org.springframework.web.servlet.mvc.method.annotation.RequestMappingHandlerMapping - Mapped "{[/file/upload],methods=[POST]}" onto public java.lang.String com.icinfo.springmvc.file.controller.UploadController.upload(org.springframework.web.multipart.MultipartFile,org.springframework.web.multipart.commons.CommonsMultipartFile,javax.servlet.http.HttpServletRequest,org.springframework.ui.Model)
2016-10-25 14:36:50,467 [qtp665137804-15] INFO  org.springframework.web.servlet.mvc.method.annotation.RequestMappingHandlerMapping - Mapped "{[/file/toupload],methods=[GET]}" onto public java.lang.String com.icinfo.springmvc.file.controller.UploadController.toUpload()
2016-10-25 14:36:50,501 [qtp665137804-15] INFO  org.springframework.web.servlet.mvc.method.annotation.RequestMappingHandlerAdapter - Looking for @ControllerAdvice: WebApplicationContext for namespace 'springMVC-servlet': startup date [Tue Oct 25 14:36:50 CST 2016]; parent: Root WebApplicationContext
2016-10-25 14:36:50,525 [qtp665137804-15] INFO  org.springframework.web.servlet.mvc.method.annotation.RequestMappingHandlerAdapter - Looking for @ControllerAdvice: WebApplicationContext for namespace 'springMVC-servlet': startup date [Tue Oct 25 14:36:50 CST 2016]; parent: Root WebApplicationContext
2016-10-25 14:36:50,557 [qtp665137804-15] INFO  org.springframework.web.servlet.handler.SimpleUrlHandlerMapping - Mapped URL path [/**] onto handler 'org.springframework.web.servlet.resource.DefaultServletHttpRequestHandler#0'
2016-10-25 14:36:50,562 [qtp665137804-15] INFO  org.springframework.web.servlet.handler.SimpleUrlHandlerMapping - Mapped URL path [/css/**] onto handler 'org.springframework.web.servlet.resource.ResourceHttpRequestHandler#0'
2016-10-25 14:36:50,567 [qtp665137804-15] INFO  org.springframework.web.servlet.handler.SimpleUrlHandlerMapping - Mapped URL path [/js/**] onto handler 'org.springframework.web.servlet.resource.ResourceHttpRequestHandler#1'
2016-10-25 14:36:50,631 [qtp665137804-15] INFO  org.springframework.web.servlet.DispatcherServlet - FrameworkServlet 'springMVC': initialization completed in 270 ms
2016-10-25 15:06:17,530 [main] INFO  org.springframework.web.context.ContextLoader - Root WebApplicationContext: initialization started
2016-10-25 15:06:17,632 [main] INFO  org.springframework.web.context.support.XmlWebApplicationContext - Refreshing Root WebApplicationContext: startup date [Tue Oct 25 15:06:17 CST 2016]; root of context hierarchy
2016-10-25 15:06:17,679 [main] INFO  org.springframework.beans.factory.xml.XmlBeanDefinitionReader - Loading XML bean definitions from class path resource [spring-mvc.xml]
2016-10-25 15:06:18,183 [main] INFO  org.springframework.beans.factory.annotation.AutowiredAnnotationBeanPostProcessor - JSR-330 'javax.inject.Inject' annotation found and supported for autowiring
2016-10-25 15:06:18,510 [main] INFO  org.springframework.web.servlet.mvc.method.annotation.RequestMappingHandlerMapping - Mapped "{[/page/{path}/{file}],methods=[GET]}" onto public java.lang.String com.icinfo.springmvc.common.controller.CommonController.toPage(java.lang.String,java.lang.String)
2016-10-25 15:06:18,513 [main] INFO  org.springframework.web.servlet.mvc.method.annotation.RequestMappingHandlerMapping - Mapped "{[/file/upload],methods=[POST]}" onto public java.lang.String com.icinfo.springmvc.file.controller.UploadController.upload(org.springframework.web.multipart.MultipartFile,org.springframework.web.multipart.commons.CommonsMultipartFile,javax.servlet.http.HttpServletRequest,org.springframework.ui.Model)
2016-10-25 15:06:18,513 [main] INFO  org.springframework.web.servlet.mvc.method.annotation.RequestMappingHandlerMapping - Mapped "{[/file/toupload],methods=[GET]}" onto public java.lang.String com.icinfo.springmvc.file.controller.UploadController.toUpload()
2016-10-25 15:06:19,160 [main] INFO  org.springframework.web.servlet.mvc.method.annotation.RequestMappingHandlerAdapter - Looking for @ControllerAdvice: Root WebApplicationContext: startup date [Tue Oct 25 15:06:17 CST 2016]; root of context hierarchy
2016-10-25 15:06:19,200 [main] INFO  org.springframework.web.servlet.mvc.method.annotation.RequestMappingHandlerAdapter - Looking for @ControllerAdvice: Root WebApplicationContext: startup date [Tue Oct 25 15:06:17 CST 2016]; root of context hierarchy
2016-10-25 15:06:19,243 [main] INFO  org.springframework.web.servlet.handler.SimpleUrlHandlerMapping - Mapped URL path [/**] onto handler 'org.springframework.web.servlet.resource.DefaultServletHttpRequestHandler#0'
2016-10-25 15:06:19,266 [main] INFO  org.springframework.web.servlet.handler.SimpleUrlHandlerMapping - Mapped URL path [/css/**] onto handler 'org.springframework.web.servlet.resource.ResourceHttpRequestHandler#0'
2016-10-25 15:06:19,268 [main] INFO  org.springframework.web.servlet.handler.SimpleUrlHandlerMapping - Mapped URL path [/js/**] onto handler 'org.springframework.web.servlet.resource.ResourceHttpRequestHandler#1'
2016-10-25 15:06:19,344 [main] INFO  org.springframework.web.context.ContextLoader - Root WebApplicationContext: initialization completed in 1803 ms
2016-10-25 15:07:04,332 [qtp681639276-22] INFO  org.springframework.web.servlet.DispatcherServlet - FrameworkServlet 'springMVC': initialization started
2016-10-25 15:07:04,335 [qtp681639276-22] INFO  org.springframework.web.context.support.XmlWebApplicationContext - Refreshing WebApplicationContext for namespace 'springMVC-servlet': startup date [Tue Oct 25 15:07:04 CST 2016]; parent: Root WebApplicationContext
2016-10-25 15:07:04,335 [qtp681639276-22] INFO  org.springframework.beans.factory.xml.XmlBeanDefinitionReader - Loading XML bean definitions from class path resource [spring-mvc.xml]
2016-10-25 15:07:04,411 [qtp681639276-22] INFO  org.springframework.beans.factory.annotation.AutowiredAnnotationBeanPostProcessor - JSR-330 'javax.inject.Inject' annotation found and supported for autowiring
2016-10-25 15:07:04,431 [qtp681639276-22] INFO  org.springframework.web.servlet.mvc.method.annotation.RequestMappingHandlerMapping - Mapped "{[/page/{path}/{file}],methods=[GET]}" onto public java.lang.String com.icinfo.springmvc.common.controller.CommonController.toPage(java.lang.String,java.lang.String)
2016-10-25 15:07:04,432 [qtp681639276-22] INFO  org.springframework.web.servlet.mvc.method.annotation.RequestMappingHandlerMapping - Mapped "{[/file/upload],methods=[POST]}" onto public java.lang.String com.icinfo.springmvc.file.controller.UploadController.upload(org.springframework.web.multipart.MultipartFile,org.springframework.web.multipart.commons.CommonsMultipartFile,javax.servlet.http.HttpServletRequest,org.springframework.ui.Model)
2016-10-25 15:07:04,433 [qtp681639276-22] INFO  org.springframework.web.servlet.mvc.method.annotation.RequestMappingHandlerMapping - Mapped "{[/file/toupload],methods=[GET]}" onto public java.lang.String com.icinfo.springmvc.file.controller.UploadController.toUpload()
2016-10-25 15:07:04,453 [qtp681639276-22] INFO  org.springframework.web.servlet.mvc.method.annotation.RequestMappingHandlerAdapter - Looking for @ControllerAdvice: WebApplicationContext for namespace 'springMVC-servlet': startup date [Tue Oct 25 15:07:04 CST 2016]; parent: Root WebApplicationContext
2016-10-25 15:07:04,487 [qtp681639276-22] INFO  org.springframework.web.servlet.mvc.method.annotation.RequestMappingHandlerAdapter - Looking for @ControllerAdvice: WebApplicationContext for namespace 'springMVC-servlet': startup date [Tue Oct 25 15:07:04 CST 2016]; parent: Root WebApplicationContext
2016-10-25 15:07:04,524 [qtp681639276-22] INFO  org.springframework.web.servlet.handler.SimpleUrlHandlerMapping - Mapped URL path [/**] onto handler 'org.springframework.web.servlet.resource.DefaultServletHttpRequestHandler#0'
2016-10-25 15:07:04,530 [qtp681639276-22] INFO  org.springframework.web.servlet.handler.SimpleUrlHandlerMapping - Mapped URL path [/css/**] onto handler 'org.springframework.web.servlet.resource.ResourceHttpRequestHandler#0'
2016-10-25 15:07:04,533 [qtp681639276-22] INFO  org.springframework.web.servlet.handler.SimpleUrlHandlerMapping - Mapped URL path [/js/**] onto handler 'org.springframework.web.servlet.resource.ResourceHttpRequestHandler#1'
2016-10-25 15:07:04,593 [qtp681639276-22] INFO  org.springframework.web.servlet.DispatcherServlet - FrameworkServlet 'springMVC': initialization completed in 260 ms
2016-10-25 15:20:00,583 [main] INFO  org.springframework.web.context.ContextLoader - Root WebApplicationContext: initialization started
2016-10-25 15:20:00,648 [main] INFO  org.springframework.web.context.support.XmlWebApplicationContext - Refreshing Root WebApplicationContext: startup date [Tue Oct 25 15:20:00 CST 2016]; root of context hierarchy
2016-10-25 15:20:00,691 [main] INFO  org.springframework.beans.factory.xml.XmlBeanDefinitionReader - Loading XML bean definitions from class path resource [spring-mvc.xml]
2016-10-25 15:20:01,050 [main] INFO  org.springframework.beans.factory.annotation.AutowiredAnnotationBeanPostProcessor - JSR-330 'javax.inject.Inject' annotation found and supported for autowiring
2016-10-25 15:20:01,296 [main] INFO  org.springframework.web.servlet.mvc.method.annotation.RequestMappingHandlerMapping - Mapped "{[/page/{path}/{file}],methods=[GET]}" onto public java.lang.String com.icinfo.springmvc.common.controller.CommonController.toPage(java.lang.String,java.lang.String)
2016-10-25 15:20:01,300 [main] INFO  org.springframework.web.servlet.mvc.method.annotation.RequestMappingHandlerMapping - Mapped "{[/file/upload],methods=[POST]}" onto public java.lang.String com.icinfo.springmvc.file.controller.UploadController.upload(org.springframework.web.multipart.MultipartFile,org.springframework.web.multipart.commons.CommonsMultipartFile,javax.servlet.http.HttpServletRequest,org.springframework.ui.Model)
2016-10-25 15:20:01,300 [main] INFO  org.springframework.web.servlet.mvc.method.annotation.RequestMappingHandlerMapping - Mapped "{[/file/toupload],methods=[GET]}" onto public java.lang.String com.icinfo.springmvc.file.controller.UploadController.toUpload()
2016-10-25 15:20:01,980 [main] INFO  org.springframework.web.servlet.mvc.method.annotation.RequestMappingHandlerAdapter - Looking for @ControllerAdvice: Root WebApplicationContext: startup date [Tue Oct 25 15:20:00 CST 2016]; root of context hierarchy
2016-10-25 15:20:02,039 [main] INFO  org.springframework.web.servlet.mvc.method.annotation.RequestMappingHandlerAdapter - Looking for @ControllerAdvice: Root WebApplicationContext: startup date [Tue Oct 25 15:20:00 CST 2016]; root of context hierarchy
2016-10-25 15:20:02,104 [main] INFO  org.springframework.web.servlet.handler.SimpleUrlHandlerMapping - Mapped URL path [/**] onto handler 'org.springframework.web.servlet.resource.DefaultServletHttpRequestHandler#0'
2016-10-25 15:20:02,122 [main] INFO  org.springframework.web.servlet.handler.SimpleUrlHandlerMapping - Mapped URL path [/css/**] onto handler 'org.springframework.web.servlet.resource.ResourceHttpRequestHandler#0'
2016-10-25 15:20:02,126 [main] INFO  org.springframework.web.servlet.handler.SimpleUrlHandlerMapping - Mapped URL path [/js/**] onto handler 'org.springframework.web.servlet.resource.ResourceHttpRequestHandler#1'
2016-10-25 15:20:02,242 [main] INFO  org.springframework.web.context.ContextLoader - Root WebApplicationContext: initialization completed in 1656 ms
2016-10-25 15:20:09,386 [qtp681639276-18] INFO  org.springframework.web.servlet.DispatcherServlet - FrameworkServlet 'springMVC': initialization started
2016-10-25 15:20:09,391 [qtp681639276-18] INFO  org.springframework.web.context.support.XmlWebApplicationContext - Refreshing WebApplicationContext for namespace 'springMVC-servlet': startup date [Tue Oct 25 15:20:09 CST 2016]; parent: Root WebApplicationContext
2016-10-25 15:20:09,392 [qtp681639276-18] INFO  org.springframework.beans.factory.xml.XmlBeanDefinitionReader - Loading XML bean definitions from class path resource [spring-mvc.xml]
2016-10-25 15:20:09,468 [qtp681639276-18] INFO  org.springframework.beans.factory.annotation.AutowiredAnnotationBeanPostProcessor - JSR-330 'javax.inject.Inject' annotation found and supported for autowiring
2016-10-25 15:20:09,498 [qtp681639276-18] INFO  org.springframework.web.servlet.mvc.method.annotation.RequestMappingHandlerMapping - Mapped "{[/page/{path}/{file}],methods=[GET]}" onto public java.lang.String com.icinfo.springmvc.common.controller.CommonController.toPage(java.lang.String,java.lang.String)
2016-10-25 15:20:09,500 [qtp681639276-18] INFO  org.springframework.web.servlet.mvc.method.annotation.RequestMappingHandlerMapping - Mapped "{[/file/upload],methods=[POST]}" onto public java.lang.String com.icinfo.springmvc.file.controller.UploadController.upload(org.springframework.web.multipart.MultipartFile,org.springframework.web.multipart.commons.CommonsMultipartFile,javax.servlet.http.HttpServletRequest,org.springframework.ui.Model)
2016-10-25 15:20:09,501 [qtp681639276-18] INFO  org.springframework.web.servlet.mvc.method.annotation.RequestMappingHandlerMapping - Mapped "{[/file/toupload],methods=[GET]}" onto public java.lang.String com.icinfo.springmvc.file.controller.UploadController.toUpload()
2016-10-25 15:20:09,534 [qtp681639276-18] INFO  org.springframework.web.servlet.mvc.method.annotation.RequestMappingHandlerAdapter - Looking for @ControllerAdvice: WebApplicationContext for namespace 'springMVC-servlet': startup date [Tue Oct 25 15:20:09 CST 2016]; parent: Root WebApplicationContext
2016-10-25 15:20:09,560 [qtp681639276-18] INFO  org.springframework.web.servlet.mvc.method.annotation.RequestMappingHandlerAdapter - Looking for @ControllerAdvice: WebApplicationContext for namespace 'springMVC-servlet': startup date [Tue Oct 25 15:20:09 CST 2016]; parent: Root WebApplicationContext
2016-10-25 15:20:09,594 [qtp681639276-18] INFO  org.springframework.web.servlet.handler.SimpleUrlHandlerMapping - Mapped URL path [/**] onto handler 'org.springframework.web.servlet.resource.DefaultServletHttpRequestHandler#0'
2016-10-25 15:20:09,611 [qtp681639276-18] INFO  org.springframework.web.servlet.handler.SimpleUrlHandlerMapping - Mapped URL path [/css/**] onto handler 'org.springframework.web.servlet.resource.ResourceHttpRequestHandler#0'
2016-10-25 15:20:09,616 [qtp681639276-18] INFO  org.springframework.web.servlet.handler.SimpleUrlHandlerMapping - Mapped URL path [/js/**] onto handler 'org.springframework.web.servlet.resource.ResourceHttpRequestHandler#1'
2016-10-25 15:20:09,695 [qtp681639276-18] INFO  org.springframework.web.servlet.DispatcherServlet - FrameworkServlet 'springMVC': initialization completed in 309 ms
2016-10-25 15:37:16,494 [main] INFO  org.springframework.web.context.ContextLoader - Root WebApplicationContext: initialization started
2016-10-25 15:37:16,750 [main] INFO  org.springframework.web.context.support.XmlWebApplicationContext - Refreshing Root WebApplicationContext: startup date [Tue Oct 25 15:37:16 CST 2016]; root of context hierarchy
2016-10-25 15:37:16,808 [main] INFO  org.springframework.beans.factory.xml.XmlBeanDefinitionReader - Loading XML bean definitions from class path resource [spring-mvc.xml]
2016-10-25 15:37:17,280 [main] INFO  org.springframework.beans.factory.annotation.AutowiredAnnotationBeanPostProcessor - JSR-330 'javax.inject.Inject' annotation found and supported for autowiring
2016-10-25 15:37:18,004 [main] INFO  org.springframework.web.servlet.mvc.method.annotation.RequestMappingHandlerMapping - Mapped "{[/page/{path}/{file}],methods=[GET]}" onto public java.lang.String com.icinfo.springmvc.common.controller.CommonController.toPage(java.lang.String,java.lang.String)
2016-10-25 15:37:18,007 [main] INFO  org.springframework.web.servlet.mvc.method.annotation.RequestMappingHandlerMapping - Mapped "{[/file/upload],methods=[POST]}" onto public java.lang.String com.icinfo.springmvc.file.controller.UploadController.upload(org.springframework.web.multipart.MultipartFile,org.springframework.web.multipart.commons.CommonsMultipartFile,javax.servlet.http.HttpServletRequest,org.springframework.ui.Model)
2016-10-25 15:37:18,007 [main] INFO  org.springframework.web.servlet.mvc.method.annotation.RequestMappingHandlerMapping - Mapped "{[/file/toupload],methods=[GET]}" onto public java.lang.String com.icinfo.springmvc.file.controller.UploadController.toUpload()
2016-10-25 15:37:18,643 [main] INFO  org.springframework.web.servlet.mvc.method.annotation.RequestMappingHandlerAdapter - Looking for @ControllerAdvice: Root WebApplicationContext: startup date [Tue Oct 25 15:37:16 CST 2016]; root of context hierarchy
2016-10-25 15:37:18,687 [main] INFO  org.springframework.web.servlet.mvc.method.annotation.RequestMappingHandlerAdapter - Looking for @ControllerAdvice: Root WebApplicationContext: startup date [Tue Oct 25 15:37:16 CST 2016]; root of context hierarchy
2016-10-25 15:37:18,743 [main] INFO  org.springframework.web.servlet.handler.SimpleUrlHandlerMapping - Mapped URL path [/**] onto handler 'org.springframework.web.servlet.resource.DefaultServletHttpRequestHandler#0'
2016-10-25 15:37:18,760 [main] INFO  org.springframework.web.servlet.handler.SimpleUrlHandlerMapping - Mapped URL path [/css/**] onto handler 'org.springframework.web.servlet.resource.ResourceHttpRequestHandler#0'
2016-10-25 15:37:18,764 [main] INFO  org.springframework.web.servlet.handler.SimpleUrlHandlerMapping - Mapped URL path [/js/**] onto handler 'org.springframework.web.servlet.resource.ResourceHttpRequestHandler#1'
2016-10-25 15:37:18,874 [main] INFO  org.springframework.web.context.ContextLoader - Root WebApplicationContext: initialization completed in 2356 ms
2016-10-25 15:37:22,463 [qtp681639276-17] INFO  org.springframework.web.servlet.DispatcherServlet - FrameworkServlet 'springMVC': initialization started
2016-10-25 15:37:22,467 [qtp681639276-17] INFO  org.springframework.web.context.support.XmlWebApplicationContext - Refreshing WebApplicationContext for namespace 'springMVC-servlet': startup date [Tue Oct 25 15:37:22 CST 2016]; parent: Root WebApplicationContext
2016-10-25 15:37:22,468 [qtp681639276-17] INFO  org.springframework.beans.factory.xml.XmlBeanDefinitionReader - Loading XML bean definitions from class path resource [spring-mvc.xml]
2016-10-25 15:37:22,536 [qtp681639276-17] INFO  org.springframework.beans.factory.annotation.AutowiredAnnotationBeanPostProcessor - JSR-330 'javax.inject.Inject' annotation found and supported for autowiring
2016-10-25 15:37:22,562 [qtp681639276-17] INFO  org.springframework.web.servlet.mvc.method.annotation.RequestMappingHandlerMapping - Mapped "{[/page/{path}/{file}],methods=[GET]}" onto public java.lang.String com.icinfo.springmvc.common.controller.CommonController.toPage(java.lang.String,java.lang.String)
2016-10-25 15:37:22,564 [qtp681639276-17] INFO  org.springframework.web.servlet.mvc.method.annotation.RequestMappingHandlerMapping - Mapped "{[/file/upload],methods=[POST]}" onto public java.lang.String com.icinfo.springmvc.file.controller.UploadController.upload(org.springframework.web.multipart.MultipartFile,org.springframework.web.multipart.commons.CommonsMultipartFile,javax.servlet.http.HttpServletRequest,org.springframework.ui.Model)
2016-10-25 15:37:22,564 [qtp681639276-17] INFO  org.springframework.web.servlet.mvc.method.annotation.RequestMappingHandlerMapping - Mapped "{[/file/toupload],methods=[GET]}" onto public java.lang.String com.icinfo.springmvc.file.controller.UploadController.toUpload()
2016-10-25 15:37:22,603 [qtp681639276-17] INFO  org.springframework.web.servlet.mvc.method.annotation.RequestMappingHandlerAdapter - Looking for @ControllerAdvice: WebApplicationContext for namespace 'springMVC-servlet': startup date [Tue Oct 25 15:37:22 CST 2016]; parent: Root WebApplicationContext
2016-10-25 15:37:22,630 [qtp681639276-17] INFO  org.springframework.web.servlet.mvc.method.annotation.RequestMappingHandlerAdapter - Looking for @ControllerAdvice: WebApplicationContext for namespace 'springMVC-servlet': startup date [Tue Oct 25 15:37:22 CST 2016]; parent: Root WebApplicationContext
2016-10-25 15:37:22,663 [qtp681639276-17] INFO  org.springframework.web.servlet.handler.SimpleUrlHandlerMapping - Mapped URL path [/**] onto handler 'org.springframework.web.servlet.resource.DefaultServletHttpRequestHandler#0'
2016-10-25 15:37:22,668 [qtp681639276-17] INFO  org.springframework.web.servlet.handler.SimpleUrlHandlerMapping - Mapped URL path [/css/**] onto handler 'org.springframework.web.servlet.resource.ResourceHttpRequestHandler#0'
2016-10-25 15:37:22,671 [qtp681639276-17] INFO  org.springframework.web.servlet.handler.SimpleUrlHandlerMapping - Mapped URL path [/js/**] onto handler 'org.springframework.web.servlet.resource.ResourceHttpRequestHandler#1'
2016-10-25 15:37:22,736 [qtp681639276-17] INFO  org.springframework.web.servlet.DispatcherServlet - FrameworkServlet 'springMVC': initialization completed in 271 ms
2016-10-25 15:39:50,992 [main] INFO  org.springframework.web.context.ContextLoader - Root WebApplicationContext: initialization started
2016-10-25 15:39:51,142 [main] INFO  org.springframework.web.context.support.XmlWebApplicationContext - Refreshing Root WebApplicationContext: startup date [Tue Oct 25 15:39:51 CST 2016]; root of context hierarchy
2016-10-25 15:39:51,188 [main] INFO  org.springframework.beans.factory.xml.XmlBeanDefinitionReader - Loading XML bean definitions from class path resource [spring-mvc.xml]
2016-10-25 15:39:51,481 [main] INFO  org.springframework.beans.factory.annotation.AutowiredAnnotationBeanPostProcessor - JSR-330 'javax.inject.Inject' annotation found and supported for autowiring
2016-10-25 15:39:51,640 [main] INFO  org.springframework.web.servlet.mvc.method.annotation.RequestMappingHandlerMapping - Mapped "{[/page/{path}/{file}],methods=[GET]}" onto public java.lang.String com.icinfo.springmvc.common.controller.CommonController.toPage(java.lang.String,java.lang.String)
2016-10-25 15:39:51,646 [main] INFO  org.springframework.web.servlet.mvc.method.annotation.RequestMappingHandlerMapping - Mapped "{[/file/upload],methods=[POST]}" onto public java.lang.String com.icinfo.springmvc.file.controller.UploadController.upload(org.springframework.web.multipart.MultipartFile,org.springframework.web.multipart.commons.CommonsMultipartFile,javax.servlet.http.HttpServletRequest,org.springframework.ui.Model)
2016-10-25 15:39:51,647 [main] INFO  org.springframework.web.servlet.mvc.method.annotation.RequestMappingHandlerMapping - Mapped "{[/file/toupload],methods=[GET]}" onto public java.lang.String com.icinfo.springmvc.file.controller.UploadController.toUpload()
2016-10-25 15:39:51,976 [main] INFO  org.springframework.web.servlet.mvc.method.annotation.RequestMappingHandlerAdapter - Looking for @ControllerAdvice: Root WebApplicationContext: startup date [Tue Oct 25 15:39:51 CST 2016]; root of context hierarchy
2016-10-25 15:39:52,013 [main] INFO  org.springframework.web.servlet.mvc.method.annotation.RequestMappingHandlerAdapter - Looking for @ControllerAdvice: Root WebApplicationContext: startup date [Tue Oct 25 15:39:51 CST 2016]; root of context hierarchy
2016-10-25 15:39:52,064 [main] INFO  org.springframework.web.servlet.handler.SimpleUrlHandlerMapping - Mapped URL path [/**] onto handler 'org.springframework.web.servlet.resource.DefaultServletHttpRequestHandler#0'
2016-10-25 15:39:52,079 [main] INFO  org.springframework.web.servlet.handler.SimpleUrlHandlerMapping - Mapped URL path [/css/**] onto handler 'org.springframework.web.servlet.resource.ResourceHttpRequestHandler#0'
2016-10-25 15:39:52,083 [main] INFO  org.springframework.web.servlet.handler.SimpleUrlHandlerMapping - Mapped URL path [/js/**] onto handler 'org.springframework.web.servlet.resource.ResourceHttpRequestHandler#1'
2016-10-25 15:39:52,178 [main] INFO  org.springframework.web.context.ContextLoader - Root WebApplicationContext: initialization completed in 1184 ms
2016-10-25 15:39:56,193 [qtp916958177-13] INFO  org.springframework.web.servlet.DispatcherServlet - FrameworkServlet 'springMVC': initialization started
2016-10-25 15:39:56,196 [qtp916958177-13] INFO  org.springframework.web.context.support.XmlWebApplicationContext - Refreshing WebApplicationContext for namespace 'springMVC-servlet': startup date [Tue Oct 25 15:39:56 CST 2016]; parent: Root WebApplicationContext
2016-10-25 15:39:56,197 [qtp916958177-13] INFO  org.springframework.beans.factory.xml.XmlBeanDefinitionReader - Loading XML bean definitions from class path resource [spring-mvc.xml]
2016-10-25 15:39:56,283 [qtp916958177-13] INFO  org.springframework.beans.factory.annotation.AutowiredAnnotationBeanPostProcessor - JSR-330 'javax.inject.Inject' annotation found and supported for autowiring
2016-10-25 15:39:56,319 [qtp916958177-13] INFO  org.springframework.web.servlet.mvc.method.annotation.RequestMappingHandlerMapping - Mapped "{[/page/{path}/{file}],methods=[GET]}" onto public java.lang.String com.icinfo.springmvc.common.controller.CommonController.toPage(java.lang.String,java.lang.String)
2016-10-25 15:39:56,321 [qtp916958177-13] INFO  org.springframework.web.servlet.mvc.method.annotation.RequestMappingHandlerMapping - Mapped "{[/file/upload],methods=[POST]}" onto public java.lang.String com.icinfo.springmvc.file.controller.UploadController.upload(org.springframework.web.multipart.MultipartFile,org.springframework.web.multipart.commons.CommonsMultipartFile,javax.servlet.http.HttpServletRequest,org.springframework.ui.Model)
2016-10-25 15:39:56,321 [qtp916958177-13] INFO  org.springframework.web.servlet.mvc.method.annotation.RequestMappingHandlerMapping - Mapped "{[/file/toupload],methods=[GET]}" onto public java.lang.String com.icinfo.springmvc.file.controller.UploadController.toUpload()
2016-10-25 15:39:56,353 [qtp916958177-13] INFO  org.springframework.web.servlet.mvc.method.annotation.RequestMappingHandlerAdapter - Looking for @ControllerAdvice: WebApplicationContext for namespace 'springMVC-servlet': startup date [Tue Oct 25 15:39:56 CST 2016]; parent: Root WebApplicationContext
2016-10-25 15:39:56,379 [qtp916958177-13] INFO  org.springframework.web.servlet.mvc.method.annotation.RequestMappingHandlerAdapter - Looking for @ControllerAdvice: WebApplicationContext for namespace 'springMVC-servlet': startup date [Tue Oct 25 15:39:56 CST 2016]; parent: Root WebApplicationContext
2016-10-25 15:39:56,428 [qtp916958177-13] INFO  org.springframework.web.servlet.handler.SimpleUrlHandlerMapping - Mapped URL path [/**] onto handler 'org.springframework.web.servlet.resource.DefaultServletHttpRequestHandler#0'
2016-10-25 15:39:56,434 [qtp916958177-13] INFO  org.springframework.web.servlet.handler.SimpleUrlHandlerMapping - Mapped URL path [/css/**] onto handler 'org.springframework.web.servlet.resource.ResourceHttpRequestHandler#0'
2016-10-25 15:39:56,437 [qtp916958177-13] INFO  org.springframework.web.servlet.handler.SimpleUrlHandlerMapping - Mapped URL path [/js/**] onto handler 'org.springframework.web.servlet.resource.ResourceHttpRequestHandler#1'
2016-10-25 15:39:56,513 [qtp916958177-13] INFO  org.springframework.web.servlet.DispatcherServlet - FrameworkServlet 'springMVC': initialization completed in 319 ms
2016-10-25 15:50:49,674 [main] INFO  org.springframework.web.context.ContextLoader - Root WebApplicationContext: initialization started
2016-10-25 15:50:49,739 [main] INFO  org.springframework.web.context.support.XmlWebApplicationContext - Refreshing Root WebApplicationContext: startup date [Tue Oct 25 15:50:49 CST 2016]; root of context hierarchy
2016-10-25 15:50:49,777 [main] INFO  org.springframework.beans.factory.xml.XmlBeanDefinitionReader - Loading XML bean definitions from class path resource [spring-mvc.xml]
2016-10-25 15:50:50,132 [main] INFO  org.springframework.beans.factory.annotation.AutowiredAnnotationBeanPostProcessor - JSR-330 'javax.inject.Inject' annotation found and supported for autowiring
2016-10-25 15:50:50,379 [main] INFO  org.springframework.web.servlet.mvc.method.annotation.RequestMappingHandlerMapping - Mapped "{[/page/{path}/{file}],methods=[GET]}" onto public java.lang.String com.icinfo.springmvc.common.controller.CommonController.toPage(java.lang.String,java.lang.String)
2016-10-25 15:50:50,382 [main] INFO  org.springframework.web.servlet.mvc.method.annotation.RequestMappingHandlerMapping - Mapped "{[/file/upload],methods=[POST]}" onto public java.lang.String com.icinfo.springmvc.file.controller.UploadController.upload(org.springframework.web.multipart.MultipartFile,org.springframework.web.multipart.commons.CommonsMultipartFile,javax.servlet.http.HttpServletRequest,org.springframework.ui.Model)
2016-10-25 15:50:50,383 [main] INFO  org.springframework.web.servlet.mvc.method.annotation.RequestMappingHandlerMapping - Mapped "{[/file/toupload],methods=[GET]}" onto public java.lang.String com.icinfo.springmvc.file.controller.UploadController.toUpload()
2016-10-25 15:50:50,920 [main] INFO  org.springframework.web.servlet.mvc.method.annotation.RequestMappingHandlerAdapter - Looking for @ControllerAdvice: Root WebApplicationContext: startup date [Tue Oct 25 15:50:49 CST 2016]; root of context hierarchy
2016-10-25 15:50:50,970 [main] INFO  org.springframework.web.servlet.mvc.method.annotation.RequestMappingHandlerAdapter - Looking for @ControllerAdvice: Root WebApplicationContext: startup date [Tue Oct 25 15:50:49 CST 2016]; root of context hierarchy
2016-10-25 15:50:51,023 [main] INFO  org.springframework.web.servlet.handler.SimpleUrlHandlerMapping - Mapped URL path [/**] onto handler 'org.springframework.web.servlet.resource.DefaultServletHttpRequestHandler#0'
2016-10-25 15:50:51,037 [main] INFO  org.springframework.web.servlet.handler.SimpleUrlHandlerMapping - Mapped URL path [/css/**] onto handler 'org.springframework.web.servlet.resource.ResourceHttpRequestHandler#0'
2016-10-25 15:50:51,041 [main] INFO  org.springframework.web.servlet.handler.SimpleUrlHandlerMapping - Mapped URL path [/js/**] onto handler 'org.springframework.web.servlet.resource.ResourceHttpRequestHandler#1'
2016-10-25 15:50:51,154 [main] INFO  org.springframework.web.context.ContextLoader - Root WebApplicationContext: initialization completed in 1477 ms
2016-10-25 15:50:59,537 [qtp681639276-13] INFO  org.springframework.web.servlet.DispatcherServlet - FrameworkServlet 'springMVC': initialization started
2016-10-25 15:50:59,542 [qtp681639276-13] INFO  org.springframework.web.context.support.XmlWebApplicationContext - Refreshing WebApplicationContext for namespace 'springMVC-servlet': startup date [Tue Oct 25 15:50:59 CST 2016]; parent: Root WebApplicationContext
2016-10-25 15:50:59,543 [qtp681639276-13] INFO  org.springframework.beans.factory.xml.XmlBeanDefinitionReader - Loading XML bean definitions from class path resource [spring-mvc.xml]
2016-10-25 15:50:59,627 [qtp681639276-13] INFO  org.springframework.beans.factory.annotation.AutowiredAnnotationBeanPostProcessor - JSR-330 'javax.inject.Inject' annotation found and supported for autowiring
2016-10-25 15:50:59,655 [qtp681639276-13] INFO  org.springframework.web.servlet.mvc.method.annotation.RequestMappingHandlerMapping - Mapped "{[/page/{path}/{file}],methods=[GET]}" onto public java.lang.String com.icinfo.springmvc.common.controller.CommonController.toPage(java.lang.String,java.lang.String)
2016-10-25 15:50:59,656 [qtp681639276-13] INFO  org.springframework.web.servlet.mvc.method.annotation.RequestMappingHandlerMapping - Mapped "{[/file/upload],methods=[POST]}" onto public java.lang.String com.icinfo.springmvc.file.controller.UploadController.upload(org.springframework.web.multipart.MultipartFile,org.springframework.web.multipart.commons.CommonsMultipartFile,javax.servlet.http.HttpServletRequest,org.springframework.ui.Model)
2016-10-25 15:50:59,657 [qtp681639276-13] INFO  org.springframework.web.servlet.mvc.method.annotation.RequestMappingHandlerMapping - Mapped "{[/file/toupload],methods=[GET]}" onto public java.lang.String com.icinfo.springmvc.file.controller.UploadController.toUpload()
2016-10-25 15:50:59,690 [qtp681639276-13] INFO  org.springframework.web.servlet.mvc.method.annotation.RequestMappingHandlerAdapter - Looking for @ControllerAdvice: WebApplicationContext for namespace 'springMVC-servlet': startup date [Tue Oct 25 15:50:59 CST 2016]; parent: Root WebApplicationContext
2016-10-25 15:50:59,717 [qtp681639276-13] INFO  org.springframework.web.servlet.mvc.method.annotation.RequestMappingHandlerAdapter - Looking for @ControllerAdvice: WebApplicationContext for namespace 'springMVC-servlet': startup date [Tue Oct 25 15:50:59 CST 2016]; parent: Root WebApplicationContext
2016-10-25 15:50:59,750 [qtp681639276-13] INFO  org.springframework.web.servlet.handler.SimpleUrlHandlerMapping - Mapped URL path [/**] onto handler 'org.springframework.web.servlet.resource.DefaultServletHttpRequestHandler#0'
2016-10-25 15:50:59,755 [qtp681639276-13] INFO  org.springframework.web.servlet.handler.SimpleUrlHandlerMapping - Mapped URL path [/css/**] onto handler 'org.springframework.web.servlet.resource.ResourceHttpRequestHandler#0'
2016-10-25 15:50:59,757 [qtp681639276-13] INFO  org.springframework.web.servlet.handler.SimpleUrlHandlerMapping - Mapped URL path [/js/**] onto handler 'org.springframework.web.servlet.resource.ResourceHttpRequestHandler#1'
2016-10-25 15:50:59,834 [qtp681639276-13] INFO  org.springframework.web.servlet.DispatcherServlet - FrameworkServlet 'springMVC': initialization completed in 296 ms
2016-10-25 15:51:50,380 [main] INFO  org.springframework.web.context.ContextLoader - Root WebApplicationContext: initialization started
2016-10-25 15:51:50,442 [main] INFO  org.springframework.web.context.support.XmlWebApplicationContext - Refreshing Root WebApplicationContext: startup date [Tue Oct 25 15:51:50 CST 2016]; root of context hierarchy
2016-10-25 15:51:50,483 [main] INFO  org.springframework.beans.factory.xml.XmlBeanDefinitionReader - Loading XML bean definitions from class path resource [spring-mvc.xml]
2016-10-25 15:51:50,892 [main] INFO  org.springframework.beans.factory.annotation.AutowiredAnnotationBeanPostProcessor - JSR-330 'javax.inject.Inject' annotation found and supported for autowiring
2016-10-25 15:51:51,144 [main] INFO  org.springframework.web.servlet.mvc.method.annotation.RequestMappingHandlerMapping - Mapped "{[/page/{path}/{file}],methods=[GET]}" onto public java.lang.String com.icinfo.springmvc.common.controller.CommonController.toPage(java.lang.String,java.lang.String)
2016-10-25 15:51:51,147 [main] INFO  org.springframework.web.servlet.mvc.method.annotation.RequestMappingHandlerMapping - Mapped "{[/file/upload],methods=[POST]}" onto public java.lang.String com.icinfo.springmvc.file.controller.UploadController.upload(org.springframework.web.multipart.MultipartFile,org.springframework.web.multipart.commons.CommonsMultipartFile,javax.servlet.http.HttpServletRequest,org.springframework.ui.Model)
2016-10-25 15:51:51,147 [main] INFO  org.springframework.web.servlet.mvc.method.annotation.RequestMappingHandlerMapping - Mapped "{[/file/toupload],methods=[GET]}" onto public java.lang.String com.icinfo.springmvc.file.controller.UploadController.toUpload()
2016-10-25 15:51:51,639 [main] INFO  org.springframework.web.servlet.mvc.method.annotation.RequestMappingHandlerAdapter - Looking for @ControllerAdvice: Root WebApplicationContext: startup date [Tue Oct 25 15:51:50 CST 2016]; root of context hierarchy
2016-10-25 15:51:51,684 [main] INFO  org.springframework.web.servlet.mvc.method.annotation.RequestMappingHandlerAdapter - Looking for @ControllerAdvice: Root WebApplicationContext: startup date [Tue Oct 25 15:51:50 CST 2016]; root of context hierarchy
2016-10-25 15:51:51,738 [main] INFO  org.springframework.web.servlet.handler.SimpleUrlHandlerMapping - Mapped URL path [/**] onto handler 'org.springframework.web.servlet.resource.DefaultServletHttpRequestHandler#0'
2016-10-25 15:51:51,755 [main] INFO  org.springframework.web.servlet.handler.SimpleUrlHandlerMapping - Mapped URL path [/css/**] onto handler 'org.springframework.web.servlet.resource.ResourceHttpRequestHandler#0'
2016-10-25 15:51:51,759 [main] INFO  org.springframework.web.servlet.handler.SimpleUrlHandlerMapping - Mapped URL path [/js/**] onto handler 'org.springframework.web.servlet.resource.ResourceHttpRequestHandler#1'
2016-10-25 15:51:51,869 [main] INFO  org.springframework.web.context.ContextLoader - Root WebApplicationContext: initialization completed in 1487 ms
2016-10-25 15:54:48,567 [qtp681639276-19] INFO  org.springframework.web.servlet.DispatcherServlet - FrameworkServlet 'springMVC': initialization started
2016-10-25 15:54:48,570 [qtp681639276-19] INFO  org.springframework.web.context.support.XmlWebApplicationContext - Refreshing WebApplicationContext for namespace 'springMVC-servlet': startup date [Tue Oct 25 15:54:48 CST 2016]; parent: Root WebApplicationContext
2016-10-25 15:54:48,571 [qtp681639276-19] INFO  org.springframework.beans.factory.xml.XmlBeanDefinitionReader - Loading XML bean definitions from class path resource [spring-mvc.xml]
2016-10-25 15:54:48,654 [qtp681639276-19] INFO  org.springframework.beans.factory.annotation.AutowiredAnnotationBeanPostProcessor - JSR-330 'javax.inject.Inject' annotation found and supported for autowiring
2016-10-25 15:54:48,682 [qtp681639276-19] INFO  org.springframework.web.servlet.mvc.method.annotation.RequestMappingHandlerMapping - Mapped "{[/page/{path}/{file}],methods=[GET]}" onto public java.lang.String com.icinfo.springmvc.common.controller.CommonController.toPage(java.lang.String,java.lang.String)
2016-10-25 15:54:48,683 [qtp681639276-19] INFO  org.springframework.web.servlet.mvc.method.annotation.RequestMappingHandlerMapping - Mapped "{[/file/upload],methods=[POST]}" onto public java.lang.String com.icinfo.springmvc.file.controller.UploadController.upload(org.springframework.web.multipart.MultipartFile,org.springframework.web.multipart.commons.CommonsMultipartFile,javax.servlet.http.HttpServletRequest,org.springframework.ui.Model)
2016-10-25 15:54:48,684 [qtp681639276-19] INFO  org.springframework.web.servlet.mvc.method.annotation.RequestMappingHandlerMapping - Mapped "{[/file/toupload],methods=[GET]}" onto public java.lang.String com.icinfo.springmvc.file.controller.UploadController.toUpload()
2016-10-25 15:54:48,718 [qtp681639276-19] INFO  org.springframework.web.servlet.mvc.method.annotation.RequestMappingHandlerAdapter - Looking for @ControllerAdvice: WebApplicationContext for namespace 'springMVC-servlet': startup date [Tue Oct 25 15:54:48 CST 2016]; parent: Root WebApplicationContext
2016-10-25 15:54:48,744 [qtp681639276-19] INFO  org.springframework.web.servlet.mvc.method.annotation.RequestMappingHandlerAdapter - Looking for @ControllerAdvice: WebApplicationContext for namespace 'springMVC-servlet': startup date [Tue Oct 25 15:54:48 CST 2016]; parent: Root WebApplicationContext
2016-10-25 15:54:48,778 [qtp681639276-19] INFO  org.springframework.web.servlet.handler.SimpleUrlHandlerMapping - Mapped URL path [/**] onto handler 'org.springframework.web.servlet.resource.DefaultServletHttpRequestHandler#0'
2016-10-25 15:54:48,785 [qtp681639276-19] INFO  org.springframework.web.servlet.handler.SimpleUrlHandlerMapping - Mapped URL path [/css/**] onto handler 'org.springframework.web.servlet.resource.ResourceHttpRequestHandler#0'
2016-10-25 15:54:48,789 [qtp681639276-19] INFO  org.springframework.web.servlet.handler.SimpleUrlHandlerMapping - Mapped URL path [/js/**] onto handler 'org.springframework.web.servlet.resource.ResourceHttpRequestHandler#1'
2016-10-25 15:54:48,864 [qtp681639276-19] INFO  org.springframework.web.servlet.DispatcherServlet - FrameworkServlet 'springMVC': initialization completed in 296 ms
2016-10-25 16:42:37,665 [main] INFO  org.springframework.web.context.ContextLoader - Root WebApplicationContext: initialization started
2016-10-25 16:42:37,766 [main] INFO  org.springframework.web.context.support.XmlWebApplicationContext - Refreshing Root WebApplicationContext: startup date [Tue Oct 25 16:42:37 CST 2016]; root of context hierarchy
2016-10-25 16:42:37,825 [main] INFO  org.springframework.beans.factory.xml.XmlBeanDefinitionReader - Loading XML bean definitions from class path resource [spring-mvc.xml]
2016-10-25 16:42:38,323 [main] INFO  org.springframework.beans.factory.annotation.AutowiredAnnotationBeanPostProcessor - JSR-330 'javax.inject.Inject' annotation found and supported for autowiring
2016-10-25 16:42:38,595 [main] INFO  org.springframework.web.servlet.mvc.method.annotation.RequestMappingHandlerMapping - Mapped "{[/page/{path}/{file}],methods=[GET]}" onto public java.lang.String com.icinfo.springmvc.common.controller.CommonController.toPage(java.lang.String,java.lang.String)
2016-10-25 16:42:38,598 [main] INFO  org.springframework.web.servlet.mvc.method.annotation.RequestMappingHandlerMapping - Mapped "{[/file/upload],methods=[POST]}" onto public java.lang.String com.icinfo.springmvc.file.controller.UploadController.upload(org.springframework.web.multipart.MultipartFile,org.springframework.web.multipart.commons.CommonsMultipartFile,javax.servlet.http.HttpServletRequest,org.springframework.ui.Model)
2016-10-25 16:42:38,599 [main] INFO  org.springframework.web.servlet.mvc.method.annotation.RequestMappingHandlerMapping - Mapped "{[/file/toupload],methods=[GET]}" onto public java.lang.String com.icinfo.springmvc.file.controller.UploadController.toUpload()
2016-10-25 16:42:39,218 [main] INFO  org.springframework.web.servlet.mvc.method.annotation.RequestMappingHandlerAdapter - Looking for @ControllerAdvice: Root WebApplicationContext: startup date [Tue Oct 25 16:42:37 CST 2016]; root of context hierarchy
2016-10-25 16:42:39,257 [main] INFO  org.springframework.web.servlet.mvc.method.annotation.RequestMappingHandlerAdapter - Looking for @ControllerAdvice: Root WebApplicationContext: startup date [Tue Oct 25 16:42:37 CST 2016]; root of context hierarchy
2016-10-25 16:42:39,302 [main] INFO  org.springframework.web.servlet.handler.SimpleUrlHandlerMapping - Mapped URL path [/**] onto handler 'org.springframework.web.servlet.resource.DefaultServletHttpRequestHandler#0'
2016-10-25 16:42:39,316 [main] INFO  org.springframework.web.servlet.handler.SimpleUrlHandlerMapping - Mapped URL path [/css/**] onto handler 'org.springframework.web.servlet.resource.ResourceHttpRequestHandler#0'
2016-10-25 16:42:39,320 [main] INFO  org.springframework.web.servlet.handler.SimpleUrlHandlerMapping - Mapped URL path [/js/**] onto handler 'org.springframework.web.servlet.resource.ResourceHttpRequestHandler#1'
2016-10-25 16:42:39,419 [main] INFO  org.springframework.web.context.ContextLoader - Root WebApplicationContext: initialization completed in 1740 ms
2016-10-25 16:42:47,968 [qtp681639276-23] INFO  org.springframework.web.servlet.DispatcherServlet - FrameworkServlet 'springMVC': initialization started
2016-10-25 16:42:47,971 [qtp681639276-23] INFO  org.springframework.web.context.support.XmlWebApplicationContext - Refreshing WebApplicationContext for namespace 'springMVC-servlet': startup date [Tue Oct 25 16:42:47 CST 2016]; parent: Root WebApplicationContext
2016-10-25 16:42:47,972 [qtp681639276-23] INFO  org.springframework.beans.factory.xml.XmlBeanDefinitionReader - Loading XML bean definitions from class path resource [spring-mvc.xml]
2016-10-25 16:42:48,091 [qtp681639276-23] INFO  org.springframework.beans.factory.annotation.AutowiredAnnotationBeanPostProcessor - JSR-330 'javax.inject.Inject' annotation found and supported for autowiring
2016-10-25 16:42:48,121 [qtp681639276-23] INFO  org.springframework.web.servlet.mvc.method.annotation.RequestMappingHandlerMapping - Mapped "{[/page/{path}/{file}],methods=[GET]}" onto public java.lang.String com.icinfo.springmvc.common.controller.CommonController.toPage(java.lang.String,java.lang.String)
2016-10-25 16:42:48,123 [qtp681639276-23] INFO  org.springframework.web.servlet.mvc.method.annotation.RequestMappingHandlerMapping - Mapped "{[/file/upload],methods=[POST]}" onto public java.lang.String com.icinfo.springmvc.file.controller.UploadController.upload(org.springframework.web.multipart.MultipartFile,org.springframework.web.multipart.commons.CommonsMultipartFile,javax.servlet.http.HttpServletRequest,org.springframework.ui.Model)
2016-10-25 16:42:48,123 [qtp681639276-23] INFO  org.springframework.web.servlet.mvc.method.annotation.RequestMappingHandlerMapping - Mapped "{[/file/toupload],methods=[GET]}" onto public java.lang.String com.icinfo.springmvc.file.controller.UploadController.toUpload()
2016-10-25 16:42:48,153 [qtp681639276-23] INFO  org.springframework.web.servlet.mvc.method.annotation.RequestMappingHandlerAdapter - Looking for @ControllerAdvice: WebApplicationContext for namespace 'springMVC-servlet': startup date [Tue Oct 25 16:42:47 CST 2016]; parent: Root WebApplicationContext
2016-10-25 16:42:48,182 [qtp681639276-23] INFO  org.springframework.web.servlet.mvc.method.annotation.RequestMappingHandlerAdapter - Looking for @ControllerAdvice: WebApplicationContext for namespace 'springMVC-servlet': startup date [Tue Oct 25 16:42:47 CST 2016]; parent: Root WebApplicationContext
2016-10-25 16:42:48,214 [qtp681639276-23] INFO  org.springframework.web.servlet.handler.SimpleUrlHandlerMapping - Mapped URL path [/**] onto handler 'org.springframework.web.servlet.resource.DefaultServletHttpRequestHandler#0'
2016-10-25 16:42:48,219 [qtp681639276-23] INFO  org.springframework.web.servlet.handler.SimpleUrlHandlerMapping - Mapped URL path [/css/**] onto handler 'org.springframework.web.servlet.resource.ResourceHttpRequestHandler#0'
2016-10-25 16:42:48,223 [qtp681639276-23] INFO  org.springframework.web.servlet.handler.SimpleUrlHandlerMapping - Mapped URL path [/js/**] onto handler 'org.springframework.web.servlet.resource.ResourceHttpRequestHandler#1'
2016-10-25 16:42:48,275 [qtp681639276-23] INFO  org.springframework.web.servlet.DispatcherServlet - FrameworkServlet 'springMVC': initialization completed in 306 ms
2016-10-25 16:43:55,396 [main] INFO  org.springframework.web.context.ContextLoader - Root WebApplicationContext: initialization started
2016-10-25 16:43:55,453 [main] INFO  org.springframework.web.context.support.XmlWebApplicationContext - Refreshing Root WebApplicationContext: startup date [Tue Oct 25 16:43:55 CST 2016]; root of context hierarchy
2016-10-25 16:43:55,482 [main] INFO  org.springframework.beans.factory.xml.XmlBeanDefinitionReader - Loading XML bean definitions from class path resource [spring-mvc.xml]
2016-10-25 16:43:55,896 [main] INFO  org.springframework.beans.factory.annotation.AutowiredAnnotationBeanPostProcessor - JSR-330 'javax.inject.Inject' annotation found and supported for autowiring
2016-10-25 16:43:56,078 [main] INFO  org.springframework.web.servlet.mvc.method.annotation.RequestMappingHandlerMapping - Mapped "{[/page/{path}/{file}],methods=[GET]}" onto public java.lang.String com.icinfo.springmvc.common.controller.CommonController.toPage(java.lang.String,java.lang.String)
2016-10-25 16:43:56,080 [main] INFO  org.springframework.web.servlet.mvc.method.annotation.RequestMappingHandlerMapping - Mapped "{[/file/upload],methods=[POST]}" onto public java.lang.String com.icinfo.springmvc.file.controller.UploadController.upload(org.springframework.web.multipart.MultipartFile,org.springframework.web.multipart.commons.CommonsMultipartFile,javax.servlet.http.HttpServletRequest,org.springframework.ui.Model)
2016-10-25 16:43:56,081 [main] INFO  org.springframework.web.servlet.mvc.method.annotation.RequestMappingHandlerMapping - Mapped "{[/file/toupload],methods=[GET]}" onto public java.lang.String com.icinfo.springmvc.file.controller.UploadController.toUpload()
2016-10-25 16:43:56,369 [main] INFO  org.springframework.web.servlet.mvc.method.annotation.RequestMappingHandlerAdapter - Looking for @ControllerAdvice: Root WebApplicationContext: startup date [Tue Oct 25 16:43:55 CST 2016]; root of context hierarchy
2016-10-25 16:43:56,413 [main] INFO  org.springframework.web.servlet.mvc.method.annotation.RequestMappingHandlerAdapter - Looking for @ControllerAdvice: Root WebApplicationContext: startup date [Tue Oct 25 16:43:55 CST 2016]; root of context hierarchy
2016-10-25 16:43:56,456 [main] INFO  org.springframework.web.servlet.handler.SimpleUrlHandlerMapping - Mapped URL path [/**] onto handler 'org.springframework.web.servlet.resource.DefaultServletHttpRequestHandler#0'
2016-10-25 16:43:56,470 [main] INFO  org.springframework.web.servlet.handler.SimpleUrlHandlerMapping - Mapped URL path [/css/**] onto handler 'org.springframework.web.servlet.resource.ResourceHttpRequestHandler#0'
2016-10-25 16:43:56,473 [main] INFO  org.springframework.web.servlet.handler.SimpleUrlHandlerMapping - Mapped URL path [/js/**] onto handler 'org.springframework.web.servlet.resource.ResourceHttpRequestHandler#1'
2016-10-25 16:43:56,563 [main] INFO  org.springframework.web.context.ContextLoader - Root WebApplicationContext: initialization completed in 1164 ms
2016-10-25 16:44:00,129 [qtp916958177-14] INFO  org.springframework.web.servlet.DispatcherServlet - FrameworkServlet 'springMVC': initialization started
2016-10-25 16:44:00,133 [qtp916958177-14] INFO  org.springframework.web.context.support.XmlWebApplicationContext - Refreshing WebApplicationContext for namespace 'springMVC-servlet': startup date [Tue Oct 25 16:44:00 CST 2016]; parent: Root WebApplicationContext
2016-10-25 16:44:00,134 [qtp916958177-14] INFO  org.springframework.beans.factory.xml.XmlBeanDefinitionReader - Loading XML bean definitions from class path resource [spring-mvc.xml]
2016-10-25 16:44:00,204 [qtp916958177-14] INFO  org.springframework.beans.factory.annotation.AutowiredAnnotationBeanPostProcessor - JSR-330 'javax.inject.Inject' annotation found and supported for autowiring
2016-10-25 16:44:00,233 [qtp916958177-14] INFO  org.springframework.web.servlet.mvc.method.annotation.RequestMappingHandlerMapping - Mapped "{[/page/{path}/{file}],methods=[GET]}" onto public java.lang.String com.icinfo.springmvc.common.controller.CommonController.toPage(java.lang.String,java.lang.String)
2016-10-25 16:44:00,235 [qtp916958177-14] INFO  org.springframework.web.servlet.mvc.method.annotation.RequestMappingHandlerMapping - Mapped "{[/file/upload],methods=[POST]}" onto public java.lang.String com.icinfo.springmvc.file.controller.UploadController.upload(org.springframework.web.multipart.MultipartFile,org.springframework.web.multipart.commons.CommonsMultipartFile,javax.servlet.http.HttpServletRequest,org.springframework.ui.Model)
2016-10-25 16:44:00,235 [qtp916958177-14] INFO  org.springframework.web.servlet.mvc.method.annotation.RequestMappingHandlerMapping - Mapped "{[/file/toupload],methods=[GET]}" onto public java.lang.String com.icinfo.springmvc.file.controller.UploadController.toUpload()
2016-10-25 16:44:00,269 [qtp916958177-14] INFO  org.springframework.web.servlet.mvc.method.annotation.RequestMappingHandlerAdapter - Looking for @ControllerAdvice: WebApplicationContext for namespace 'springMVC-servlet': startup date [Tue Oct 25 16:44:00 CST 2016]; parent: Root WebApplicationContext
2016-10-25 16:44:00,295 [qtp916958177-14] INFO  org.springframework.web.servlet.mvc.method.annotation.RequestMappingHandlerAdapter - Looking for @ControllerAdvice: WebApplicationContext for namespace 'springMVC-servlet': startup date [Tue Oct 25 16:44:00 CST 2016]; parent: Root WebApplicationContext
2016-10-25 16:44:00,326 [qtp916958177-14] INFO  org.springframework.web.servlet.handler.SimpleUrlHandlerMapping - Mapped URL path [/**] onto handler 'org.springframework.web.servlet.resource.DefaultServletHttpRequestHandler#0'
2016-10-25 16:44:00,331 [qtp916958177-14] INFO  org.springframework.web.servlet.handler.SimpleUrlHandlerMapping - Mapped URL path [/css/**] onto handler 'org.springframework.web.servlet.resource.ResourceHttpRequestHandler#0'
2016-10-25 16:44:00,335 [qtp916958177-14] INFO  org.springframework.web.servlet.handler.SimpleUrlHandlerMapping - Mapped URL path [/js/**] onto handler 'org.springframework.web.servlet.resource.ResourceHttpRequestHandler#1'
2016-10-25 16:44:00,398 [qtp916958177-14] INFO  org.springframework.web.servlet.DispatcherServlet - FrameworkServlet 'springMVC': initialization completed in 268 ms
