2016-10-26 12:06:47,389 [main] INFO  org.springframework.web.context.ContextLoader - Root WebApplicationContext: initialization started
2016-10-26 12:06:47,604 [main] INFO  org.springframework.web.context.support.XmlWebApplicationContext - Refreshing Root WebApplicationContext: startup date [Wed Oct 26 12:06:47 CST 2016]; root of context hierarchy
2016-10-26 12:06:47,703 [main] INFO  org.springframework.beans.factory.xml.XmlBeanDefinitionReader - Loading XML bean definitions from class path resource [spring-mvc.xml]
2016-10-26 12:06:48,629 [main] INFO  org.springframework.beans.factory.annotation.AutowiredAnnotationBeanPostProcessor - JSR-330 'javax.inject.Inject' annotation found and supported for autowiring
2016-10-26 12:06:48,855 [main] INFO  org.springframework.web.servlet.mvc.method.annotation.RequestMappingHandlerMapping - Mapped "{[/page/{path}/{file}],methods=[GET]}" onto public java.lang.String com.icinfo.springmvc.common.controller.CommonController.toPage(java.lang.String,java.lang.String)
2016-10-26 12:06:48,859 [main] INFO  org.springframework.web.servlet.mvc.method.annotation.RequestMappingHandlerMapping - Mapped "{[/file/upload],methods=[POST]}" onto public java.lang.String com.icinfo.springmvc.file.controller.UploadController.upload(org.springframework.web.multipart.MultipartFile,org.springframework.web.multipart.commons.CommonsMultipartFile,javax.servlet.http.HttpServletRequest,org.springframework.ui.Model)
2016-10-26 12:06:48,859 [main] INFO  org.springframework.web.servlet.mvc.method.annotation.RequestMappingHandlerMapping - Mapped "{[/file/toupload],methods=[GET]}" onto public java.lang.String com.icinfo.springmvc.file.controller.UploadController.toUpload()
2016-10-26 12:06:49,342 [main] INFO  org.springframework.web.servlet.mvc.method.annotation.RequestMappingHandlerAdapter - Looking for @ControllerAdvice: Root WebApplicationContext: startup date [Wed Oct 26 12:06:47 CST 2016]; root of context hierarchy
2016-10-26 12:06:49,385 [main] INFO  org.springframework.web.servlet.mvc.method.annotation.RequestMappingHandlerAdapter - Looking for @ControllerAdvice: Root WebApplicationContext: startup date [Wed Oct 26 12:06:47 CST 2016]; root of context hierarchy
2016-10-26 12:06:49,436 [main] INFO  org.springframework.web.servlet.handler.SimpleUrlHandlerMapping - Mapped URL path [/**] onto handler 'org.springframework.web.servlet.resource.DefaultServletHttpRequestHandler#0'
2016-10-26 12:06:49,454 [main] INFO  org.springframework.web.servlet.handler.SimpleUrlHandlerMapping - Mapped URL path [/css/**] onto handler 'org.springframework.web.servlet.resource.ResourceHttpRequestHandler#0'
2016-10-26 12:06:49,458 [main] INFO  org.springframework.web.servlet.handler.SimpleUrlHandlerMapping - Mapped URL path [/js/**] onto handler 'org.springframework.web.servlet.resource.ResourceHttpRequestHandler#1'
2016-10-26 12:06:49,545 [main] INFO  org.springframework.web.context.ContextLoader - Root WebApplicationContext: initialization completed in 2146 ms
2016-10-26 12:08:43,333 [qtp681639276-13] INFO  org.springframework.web.servlet.DispatcherServlet - FrameworkServlet 'springMVC': initialization started
2016-10-26 12:08:43,336 [qtp681639276-13] INFO  org.springframework.web.context.support.XmlWebApplicationContext - Refreshing WebApplicationContext for namespace 'springMVC-servlet': startup date [Wed Oct 26 12:08:43 CST 2016]; parent: Root WebApplicationContext
2016-10-26 12:08:43,337 [qtp681639276-13] INFO  org.springframework.beans.factory.xml.XmlBeanDefinitionReader - Loading XML bean definitions from class path resource [spring-mvc.xml]
2016-10-26 12:08:43,396 [qtp681639276-13] INFO  org.springframework.beans.factory.annotation.AutowiredAnnotationBeanPostProcessor - JSR-330 'javax.inject.Inject' annotation found and supported for autowiring
2016-10-26 12:08:43,416 [qtp681639276-13] INFO  org.springframework.web.servlet.mvc.method.annotation.RequestMappingHandlerMapping - Mapped "{[/page/{path}/{file}],methods=[GET]}" onto public java.lang.String com.icinfo.springmvc.common.controller.CommonController.toPage(java.lang.String,java.lang.String)
2016-10-26 12:08:43,417 [qtp681639276-13] INFO  org.springframework.web.servlet.mvc.method.annotation.RequestMappingHandlerMapping - Mapped "{[/file/upload],methods=[POST]}" onto public java.lang.String com.icinfo.springmvc.file.controller.UploadController.upload(org.springframework.web.multipart.MultipartFile,org.springframework.web.multipart.commons.CommonsMultipartFile,javax.servlet.http.HttpServletRequest,org.springframework.ui.Model)
2016-10-26 12:08:43,417 [qtp681639276-13] INFO  org.springframework.web.servlet.mvc.method.annotation.RequestMappingHandlerMapping - Mapped "{[/file/toupload],methods=[GET]}" onto public java.lang.String com.icinfo.springmvc.file.controller.UploadController.toUpload()
2016-10-26 12:08:43,444 [qtp681639276-13] INFO  org.springframework.web.servlet.mvc.method.annotation.RequestMappingHandlerAdapter - Looking for @ControllerAdvice: WebApplicationContext for namespace 'springMVC-servlet': startup date [Wed Oct 26 12:08:43 CST 2016]; parent: Root WebApplicationContext
2016-10-26 12:08:43,470 [qtp681639276-13] INFO  org.springframework.web.servlet.mvc.method.annotation.RequestMappingHandlerAdapter - Looking for @ControllerAdvice: WebApplicationContext for namespace 'springMVC-servlet': startup date [Wed Oct 26 12:08:43 CST 2016]; parent: Root WebApplicationContext
2016-10-26 12:08:43,506 [qtp681639276-13] INFO  org.springframework.web.servlet.handler.SimpleUrlHandlerMapping - Mapped URL path [/**] onto handler 'org.springframework.web.servlet.resource.DefaultServletHttpRequestHandler#0'
2016-10-26 12:08:43,512 [qtp681639276-13] INFO  org.springframework.web.servlet.handler.SimpleUrlHandlerMapping - Mapped URL path [/css/**] onto handler 'org.springframework.web.servlet.resource.ResourceHttpRequestHandler#0'
2016-10-26 12:08:43,515 [qtp681639276-13] INFO  org.springframework.web.servlet.handler.SimpleUrlHandlerMapping - Mapped URL path [/js/**] onto handler 'org.springframework.web.servlet.resource.ResourceHttpRequestHandler#1'
2016-10-26 12:08:43,585 [qtp681639276-13] INFO  org.springframework.web.servlet.DispatcherServlet - FrameworkServlet 'springMVC': initialization completed in 251 ms
2016-10-26 15:29:22,487 [main] INFO  org.springframework.web.context.ContextLoader - Root WebApplicationContext: initialization started
2016-10-26 15:29:23,472 [main] INFO  org.springframework.web.context.support.XmlWebApplicationContext - Refreshing Root WebApplicationContext: startup date [Wed Oct 26 15:29:23 CST 2016]; root of context hierarchy
2016-10-26 15:29:23,824 [main] INFO  org.springframework.beans.factory.xml.XmlBeanDefinitionReader - Loading XML bean definitions from class path resource [spring-mvc.xml]
2016-10-26 15:29:26,371 [main] INFO  org.springframework.beans.factory.annotation.AutowiredAnnotationBeanPostProcessor - JSR-330 'javax.inject.Inject' annotation found and supported for autowiring
2016-10-26 15:29:26,615 [main] INFO  org.springframework.web.servlet.mvc.method.annotation.RequestMappingHandlerMapping - Mapped "{[/page/{path}/{file}],methods=[GET]}" onto public java.lang.String com.icinfo.springmvc.common.controller.CommonController.toPage(java.lang.String,java.lang.String)
2016-10-26 15:29:26,617 [main] INFO  org.springframework.web.servlet.mvc.method.annotation.RequestMappingHandlerMapping - Mapped "{[/file/upload],methods=[POST]}" onto public java.lang.String com.icinfo.springmvc.file.controller.UploadController.upload(org.springframework.web.multipart.MultipartFile,org.springframework.web.multipart.commons.CommonsMultipartFile,javax.servlet.http.HttpServletRequest,org.springframework.ui.Model)
2016-10-26 15:29:26,618 [main] INFO  org.springframework.web.servlet.mvc.method.annotation.RequestMappingHandlerMapping - Mapped "{[/file/toupload],methods=[GET]}" onto public java.lang.String com.icinfo.springmvc.file.controller.UploadController.toUpload()
2016-10-26 15:29:27,223 [main] INFO  org.springframework.web.servlet.mvc.method.annotation.RequestMappingHandlerAdapter - Looking for @ControllerAdvice: Root WebApplicationContext: startup date [Wed Oct 26 15:29:23 CST 2016]; root of context hierarchy
2016-10-26 15:29:27,266 [main] INFO  org.springframework.web.servlet.mvc.method.annotation.RequestMappingHandlerAdapter - Looking for @ControllerAdvice: Root WebApplicationContext: startup date [Wed Oct 26 15:29:23 CST 2016]; root of context hierarchy
2016-10-26 15:29:27,315 [main] INFO  org.springframework.web.servlet.handler.SimpleUrlHandlerMapping - Mapped URL path [/**] onto handler 'org.springframework.web.servlet.resource.DefaultServletHttpRequestHandler#0'
2016-10-26 15:29:27,329 [main] INFO  org.springframework.web.servlet.handler.SimpleUrlHandlerMapping - Mapped URL path [/css/**] onto handler 'org.springframework.web.servlet.resource.ResourceHttpRequestHandler#0'
2016-10-26 15:29:27,336 [main] INFO  org.springframework.web.servlet.handler.SimpleUrlHandlerMapping - Mapped URL path [/js/**] onto handler 'org.springframework.web.servlet.resource.ResourceHttpRequestHandler#1'
2016-10-26 15:29:27,433 [main] INFO  org.springframework.web.context.ContextLoader - Root WebApplicationContext: initialization completed in 4883 ms
2016-10-26 15:29:49,019 [qtp681639276-13] INFO  org.springframework.web.servlet.DispatcherServlet - FrameworkServlet 'springMVC': initialization started
2016-10-26 15:29:49,022 [qtp681639276-13] INFO  org.springframework.web.context.support.XmlWebApplicationContext - Refreshing WebApplicationContext for namespace 'springMVC-servlet': startup date [Wed Oct 26 15:29:49 CST 2016]; parent: Root WebApplicationContext
2016-10-26 15:29:49,023 [qtp681639276-13] INFO  org.springframework.beans.factory.xml.XmlBeanDefinitionReader - Loading XML bean definitions from class path resource [spring-mvc.xml]
2016-10-26 15:29:49,095 [qtp681639276-13] INFO  org.springframework.beans.factory.annotation.AutowiredAnnotationBeanPostProcessor - JSR-330 'javax.inject.Inject' annotation found and supported for autowiring
2016-10-26 15:29:49,125 [qtp681639276-13] INFO  org.springframework.web.servlet.mvc.method.annotation.RequestMappingHandlerMapping - Mapped "{[/page/{path}/{file}],methods=[GET]}" onto public java.lang.String com.icinfo.springmvc.common.controller.CommonController.toPage(java.lang.String,java.lang.String)
2016-10-26 15:29:49,126 [qtp681639276-13] INFO  org.springframework.web.servlet.mvc.method.annotation.RequestMappingHandlerMapping - Mapped "{[/file/upload],methods=[POST]}" onto public java.lang.String com.icinfo.springmvc.file.controller.UploadController.upload(org.springframework.web.multipart.MultipartFile,org.springframework.web.multipart.commons.CommonsMultipartFile,javax.servlet.http.HttpServletRequest,org.springframework.ui.Model)
2016-10-26 15:29:49,127 [qtp681639276-13] INFO  org.springframework.web.servlet.mvc.method.annotation.RequestMappingHandlerMapping - Mapped "{[/file/toupload],methods=[GET]}" onto public java.lang.String com.icinfo.springmvc.file.controller.UploadController.toUpload()
2016-10-26 15:29:49,159 [qtp681639276-13] INFO  org.springframework.web.servlet.mvc.method.annotation.RequestMappingHandlerAdapter - Looking for @ControllerAdvice: WebApplicationContext for namespace 'springMVC-servlet': startup date [Wed Oct 26 15:29:49 CST 2016]; parent: Root WebApplicationContext
2016-10-26 15:29:49,186 [qtp681639276-13] INFO  org.springframework.web.servlet.mvc.method.annotation.RequestMappingHandlerAdapter - Looking for @ControllerAdvice: WebApplicationContext for namespace 'springMVC-servlet': startup date [Wed Oct 26 15:29:49 CST 2016]; parent: Root WebApplicationContext
2016-10-26 15:29:49,217 [qtp681639276-13] INFO  org.springframework.web.servlet.handler.SimpleUrlHandlerMapping - Mapped URL path [/**] onto handler 'org.springframework.web.servlet.resource.DefaultServletHttpRequestHandler#0'
2016-10-26 15:29:49,223 [qtp681639276-13] INFO  org.springframework.web.servlet.handler.SimpleUrlHandlerMapping - Mapped URL path [/css/**] onto handler 'org.springframework.web.servlet.resource.ResourceHttpRequestHandler#0'
2016-10-26 15:29:49,226 [qtp681639276-13] INFO  org.springframework.web.servlet.handler.SimpleUrlHandlerMapping - Mapped URL path [/js/**] onto handler 'org.springframework.web.servlet.resource.ResourceHttpRequestHandler#1'
2016-10-26 15:29:49,287 [qtp681639276-13] INFO  org.springframework.web.servlet.DispatcherServlet - FrameworkServlet 'springMVC': initialization completed in 268 ms
2016-10-26 15:41:59,171 [main] INFO  org.springframework.web.context.ContextLoader - Root WebApplicationContext: initialization started
2016-10-26 15:41:59,242 [main] INFO  org.springframework.web.context.support.XmlWebApplicationContext - Refreshing Root WebApplicationContext: startup date [Wed Oct 26 15:41:59 CST 2016]; root of context hierarchy
2016-10-26 15:41:59,289 [main] INFO  org.springframework.beans.factory.xml.XmlBeanDefinitionReader - Loading XML bean definitions from class path resource [spring-mvc.xml]
2016-10-26 15:41:59,779 [main] INFO  org.springframework.beans.factory.annotation.AutowiredAnnotationBeanPostProcessor - JSR-330 'javax.inject.Inject' annotation found and supported for autowiring
2016-10-26 15:42:00,063 [main] INFO  org.springframework.web.servlet.mvc.method.annotation.RequestMappingHandlerMapping - Mapped "{[/page/{path}/{file}],methods=[GET]}" onto public java.lang.String com.icinfo.springmvc.common.controller.CommonController.toPage(java.lang.String,java.lang.String)
2016-10-26 15:42:00,066 [main] INFO  org.springframework.web.servlet.mvc.method.annotation.RequestMappingHandlerMapping - Mapped "{[/file/upload],methods=[POST]}" onto public java.lang.String com.icinfo.springmvc.file.controller.UploadController.upload(org.springframework.web.multipart.MultipartFile,org.springframework.web.multipart.commons.CommonsMultipartFile,javax.servlet.http.HttpServletRequest,org.springframework.ui.Model)
2016-10-26 15:42:00,066 [main] INFO  org.springframework.web.servlet.mvc.method.annotation.RequestMappingHandlerMapping - Mapped "{[/file/toupload],methods=[GET]}" onto public java.lang.String com.icinfo.springmvc.file.controller.UploadController.toUpload()
2016-10-26 15:42:00,587 [main] INFO  org.springframework.web.servlet.mvc.method.annotation.RequestMappingHandlerAdapter - Looking for @ControllerAdvice: Root WebApplicationContext: startup date [Wed Oct 26 15:41:59 CST 2016]; root of context hierarchy
2016-10-26 15:42:00,637 [main] INFO  org.springframework.web.servlet.mvc.method.annotation.RequestMappingHandlerAdapter - Looking for @ControllerAdvice: Root WebApplicationContext: startup date [Wed Oct 26 15:41:59 CST 2016]; root of context hierarchy
2016-10-26 15:42:00,699 [main] INFO  org.springframework.web.servlet.handler.SimpleUrlHandlerMapping - Mapped URL path [/**] onto handler 'org.springframework.web.servlet.resource.DefaultServletHttpRequestHandler#0'
2016-10-26 15:42:00,716 [main] INFO  org.springframework.web.servlet.handler.SimpleUrlHandlerMapping - Mapped URL path [/css/**] onto handler 'org.springframework.web.servlet.resource.ResourceHttpRequestHandler#0'
2016-10-26 15:42:00,719 [main] INFO  org.springframework.web.servlet.handler.SimpleUrlHandlerMapping - Mapped URL path [/js/**] onto handler 'org.springframework.web.servlet.resource.ResourceHttpRequestHandler#1'
2016-10-26 15:42:00,829 [main] INFO  org.springframework.web.context.ContextLoader - Root WebApplicationContext: initialization completed in 1654 ms
2016-10-26 15:42:03,631 [qtp681639276-22] INFO  org.springframework.web.servlet.DispatcherServlet - FrameworkServlet 'springMVC': initialization started
2016-10-26 15:42:03,637 [qtp681639276-22] INFO  org.springframework.web.context.support.XmlWebApplicationContext - Refreshing WebApplicationContext for namespace 'springMVC-servlet': startup date [Wed Oct 26 15:42:03 CST 2016]; parent: Root WebApplicationContext
2016-10-26 15:42:03,638 [qtp681639276-22] INFO  org.springframework.beans.factory.xml.XmlBeanDefinitionReader - Loading XML bean definitions from class path resource [spring-mvc.xml]
2016-10-26 15:42:03,724 [qtp681639276-22] INFO  org.springframework.beans.factory.annotation.AutowiredAnnotationBeanPostProcessor - JSR-330 'javax.inject.Inject' annotation found and supported for autowiring
2016-10-26 15:42:03,758 [qtp681639276-22] INFO  org.springframework.web.servlet.mvc.method.annotation.RequestMappingHandlerMapping - Mapped "{[/page/{path}/{file}],methods=[GET]}" onto public java.lang.String com.icinfo.springmvc.common.controller.CommonController.toPage(java.lang.String,java.lang.String)
2016-10-26 15:42:03,760 [qtp681639276-22] INFO  org.springframework.web.servlet.mvc.method.annotation.RequestMappingHandlerMapping - Mapped "{[/file/upload],methods=[POST]}" onto public java.lang.String com.icinfo.springmvc.file.controller.UploadController.upload(org.springframework.web.multipart.MultipartFile,org.springframework.web.multipart.commons.CommonsMultipartFile,javax.servlet.http.HttpServletRequest,org.springframework.ui.Model)
2016-10-26 15:42:03,761 [qtp681639276-22] INFO  org.springframework.web.servlet.mvc.method.annotation.RequestMappingHandlerMapping - Mapped "{[/file/toupload],methods=[GET]}" onto public java.lang.String com.icinfo.springmvc.file.controller.UploadController.toUpload()
2016-10-26 15:42:03,798 [qtp681639276-22] INFO  org.springframework.web.servlet.mvc.method.annotation.RequestMappingHandlerAdapter - Looking for @ControllerAdvice: WebApplicationContext for namespace 'springMVC-servlet': startup date [Wed Oct 26 15:42:03 CST 2016]; parent: Root WebApplicationContext
2016-10-26 15:42:03,823 [qtp681639276-22] INFO  org.springframework.web.servlet.mvc.method.annotation.RequestMappingHandlerAdapter - Looking for @ControllerAdvice: WebApplicationContext for namespace 'springMVC-servlet': startup date [Wed Oct 26 15:42:03 CST 2016]; parent: Root WebApplicationContext
2016-10-26 15:42:03,863 [qtp681639276-22] INFO  org.springframework.web.servlet.handler.SimpleUrlHandlerMapping - Mapped URL path [/**] onto handler 'org.springframework.web.servlet.resource.DefaultServletHttpRequestHandler#0'
2016-10-26 15:42:03,871 [qtp681639276-22] INFO  org.springframework.web.servlet.handler.SimpleUrlHandlerMapping - Mapped URL path [/css/**] onto handler 'org.springframework.web.servlet.resource.ResourceHttpRequestHandler#0'
2016-10-26 15:42:03,874 [qtp681639276-22] INFO  org.springframework.web.servlet.handler.SimpleUrlHandlerMapping - Mapped URL path [/js/**] onto handler 'org.springframework.web.servlet.resource.ResourceHttpRequestHandler#1'
2016-10-26 15:42:03,945 [qtp681639276-22] INFO  org.springframework.web.servlet.DispatcherServlet - FrameworkServlet 'springMVC': initialization completed in 313 ms
2016-10-26 16:24:28,252 [main] INFO  org.springframework.web.context.ContextLoader - Root WebApplicationContext: initialization started
2016-10-26 16:24:29,456 [main] INFO  org.springframework.web.context.support.XmlWebApplicationContext - Refreshing Root WebApplicationContext: startup date [Wed Oct 26 16:24:29 CST 2016]; root of context hierarchy
2016-10-26 16:24:29,624 [main] INFO  org.springframework.beans.factory.xml.XmlBeanDefinitionReader - Loading XML bean definitions from class path resource [spring-mvc.xml]
2016-10-26 16:24:30,493 [main] INFO  org.springframework.beans.factory.annotation.AutowiredAnnotationBeanPostProcessor - JSR-330 'javax.inject.Inject' annotation found and supported for autowiring
2016-10-26 16:24:30,887 [main] INFO  org.springframework.web.servlet.mvc.method.annotation.RequestMappingHandlerMapping - Mapped "{[/page/{path}/{file}],methods=[GET]}" onto public java.lang.String com.icinfo.springmvc.common.controller.CommonController.toPage(java.lang.String,java.lang.String)
2016-10-26 16:24:30,890 [main] INFO  org.springframework.web.servlet.mvc.method.annotation.RequestMappingHandlerMapping - Mapped "{[/file/upload],methods=[POST]}" onto public java.lang.String com.icinfo.springmvc.file.controller.UploadController.upload(org.springframework.web.multipart.MultipartFile,org.springframework.web.multipart.commons.CommonsMultipartFile,javax.servlet.http.HttpServletRequest,org.springframework.ui.Model)
2016-10-26 16:24:30,892 [main] INFO  org.springframework.web.servlet.mvc.method.annotation.RequestMappingHandlerMapping - Mapped "{[/file/toupload],methods=[GET]}" onto public java.lang.String com.icinfo.springmvc.file.controller.UploadController.toUpload()
2016-10-26 16:24:31,388 [main] INFO  org.springframework.web.servlet.mvc.method.annotation.RequestMappingHandlerAdapter - Looking for @ControllerAdvice: Root WebApplicationContext: startup date [Wed Oct 26 16:24:29 CST 2016]; root of context hierarchy
2016-10-26 16:24:31,427 [main] INFO  org.springframework.web.servlet.mvc.method.annotation.RequestMappingHandlerAdapter - Looking for @ControllerAdvice: Root WebApplicationContext: startup date [Wed Oct 26 16:24:29 CST 2016]; root of context hierarchy
2016-10-26 16:24:31,483 [main] INFO  org.springframework.web.servlet.handler.SimpleUrlHandlerMapping - Mapped URL path [/**] onto handler 'org.springframework.web.servlet.resource.DefaultServletHttpRequestHandler#0'
2016-10-26 16:24:31,498 [main] INFO  org.springframework.web.servlet.handler.SimpleUrlHandlerMapping - Mapped URL path [/css/**] onto handler 'org.springframework.web.servlet.resource.ResourceHttpRequestHandler#0'
2016-10-26 16:24:31,503 [main] INFO  org.springframework.web.servlet.handler.SimpleUrlHandlerMapping - Mapped URL path [/js/**] onto handler 'org.springframework.web.servlet.resource.ResourceHttpRequestHandler#1'
2016-10-26 16:24:31,602 [main] INFO  org.springframework.web.context.ContextLoader - Root WebApplicationContext: initialization completed in 3284 ms
2016-10-26 16:24:43,653 [qtp681639276-20] INFO  org.springframework.web.servlet.DispatcherServlet - FrameworkServlet 'springMVC': initialization started
2016-10-26 16:24:43,657 [qtp681639276-20] INFO  org.springframework.web.context.support.XmlWebApplicationContext - Refreshing WebApplicationContext for namespace 'springMVC-servlet': startup date [Wed Oct 26 16:24:43 CST 2016]; parent: Root WebApplicationContext
2016-10-26 16:24:43,657 [qtp681639276-20] INFO  org.springframework.beans.factory.xml.XmlBeanDefinitionReader - Loading XML bean definitions from class path resource [spring-mvc.xml]
2016-10-26 16:24:43,785 [qtp681639276-20] INFO  org.springframework.beans.factory.annotation.AutowiredAnnotationBeanPostProcessor - JSR-330 'javax.inject.Inject' annotation found and supported for autowiring
2016-10-26 16:24:43,815 [qtp681639276-20] INFO  org.springframework.web.servlet.mvc.method.annotation.RequestMappingHandlerMapping - Mapped "{[/page/{path}/{file}],methods=[GET]}" onto public java.lang.String com.icinfo.springmvc.common.controller.CommonController.toPage(java.lang.String,java.lang.String)
2016-10-26 16:24:43,817 [qtp681639276-20] INFO  org.springframework.web.servlet.mvc.method.annotation.RequestMappingHandlerMapping - Mapped "{[/file/upload],methods=[POST]}" onto public java.lang.String com.icinfo.springmvc.file.controller.UploadController.upload(org.springframework.web.multipart.MultipartFile,org.springframework.web.multipart.commons.CommonsMultipartFile,javax.servlet.http.HttpServletRequest,org.springframework.ui.Model)
2016-10-26 16:24:43,817 [qtp681639276-20] INFO  org.springframework.web.servlet.mvc.method.annotation.RequestMappingHandlerMapping - Mapped "{[/file/toupload],methods=[GET]}" onto public java.lang.String com.icinfo.springmvc.file.controller.UploadController.toUpload()
2016-10-26 16:24:43,848 [qtp681639276-20] INFO  org.springframework.web.servlet.mvc.method.annotation.RequestMappingHandlerAdapter - Looking for @ControllerAdvice: WebApplicationContext for namespace 'springMVC-servlet': startup date [Wed Oct 26 16:24:43 CST 2016]; parent: Root WebApplicationContext
2016-10-26 16:24:43,874 [qtp681639276-20] INFO  org.springframework.web.servlet.mvc.method.annotation.RequestMappingHandlerAdapter - Looking for @ControllerAdvice: WebApplicationContext for namespace 'springMVC-servlet': startup date [Wed Oct 26 16:24:43 CST 2016]; parent: Root WebApplicationContext
2016-10-26 16:24:43,915 [qtp681639276-20] INFO  org.springframework.web.servlet.handler.SimpleUrlHandlerMapping - Mapped URL path [/**] onto handler 'org.springframework.web.servlet.resource.DefaultServletHttpRequestHandler#0'
2016-10-26 16:24:43,922 [qtp681639276-20] INFO  org.springframework.web.servlet.handler.SimpleUrlHandlerMapping - Mapped URL path [/css/**] onto handler 'org.springframework.web.servlet.resource.ResourceHttpRequestHandler#0'
2016-10-26 16:24:43,933 [qtp681639276-20] INFO  org.springframework.web.servlet.handler.SimpleUrlHandlerMapping - Mapped URL path [/js/**] onto handler 'org.springframework.web.servlet.resource.ResourceHttpRequestHandler#1'
2016-10-26 16:24:43,996 [qtp681639276-20] INFO  org.springframework.web.servlet.DispatcherServlet - FrameworkServlet 'springMVC': initialization completed in 341 ms
