2016-11-21 14:21:22,323 [main] ERROR org.springframework.web.context.ContextLoader - Context initialization failed
org.springframework.beans.factory.BeanCreationException: Error creating bean with name 'org.springframework.web.servlet.mvc.method.annotation.RequestMappingHandlerMapping': Invocation of init method failed; nested exception is java.lang.IllegalStateException: Ambiguous mapping. Cannot map 'searchController' method 
public java.lang.String com.icinfo.springmvc.elasticsearch.controller.SearchController.search(java.lang.String)
to {[/search],methods=[GET],produces=[text/html;charset=UTF-8]}: There is already 'jestClientController' bean method
public java.lang.String com.icinfo.springmvc.elasticsearch.controller.JestClientController.search(java.lang.String) throws java.io.IOException mapped.
	at org.springframework.beans.factory.support.AbstractAutowireCapableBeanFactory.initializeBean(AbstractAutowireCapableBeanFactory.java:1583) ~[spring-beans-4.3.3.RELEASE.jar:4.3.3.RELEASE]
	at org.springframework.beans.factory.support.AbstractAutowireCapableBeanFactory.doCreateBean(AbstractAutowireCapableBeanFactory.java:545) ~[spring-beans-4.3.3.RELEASE.jar:4.3.3.RELEASE]
	at org.springframework.beans.factory.support.AbstractAutowireCapableBeanFactory.createBean(AbstractAutowireCapableBeanFactory.java:482) ~[spring-beans-4.3.3.RELEASE.jar:4.3.3.RELEASE]
	at org.springframework.beans.factory.support.AbstractBeanFactory$1.getObject(AbstractBeanFactory.java:306) ~[spring-beans-4.3.3.RELEASE.jar:4.3.3.RELEASE]
	at org.springframework.beans.factory.support.DefaultSingletonBeanRegistry.getSingleton(DefaultSingletonBeanRegistry.java:230) ~[spring-beans-4.3.3.RELEASE.jar:4.3.3.RELEASE]
	at org.springframework.beans.factory.support.AbstractBeanFactory.doGetBean(AbstractBeanFactory.java:302) ~[spring-beans-4.3.3.RELEASE.jar:4.3.3.RELEASE]
	at org.springframework.beans.factory.support.AbstractBeanFactory.getBean(AbstractBeanFactory.java:197) ~[spring-beans-4.3.3.RELEASE.jar:4.3.3.RELEASE]
	at org.springframework.beans.factory.support.DefaultListableBeanFactory.preInstantiateSingletons(DefaultListableBeanFactory.java:751) ~[spring-beans-4.3.3.RELEASE.jar:4.3.3.RELEASE]
	at org.springframework.context.support.AbstractApplicationContext.finishBeanFactoryInitialization(AbstractApplicationContext.java:861) ~[spring-context-4.3.3.RELEASE.jar:4.3.3.RELEASE]
	at org.springframework.context.support.AbstractApplicationContext.refresh(AbstractApplicationContext.java:541) ~[spring-context-4.3.3.RELEASE.jar:4.3.3.RELEASE]
	at org.springframework.web.context.ContextLoader.configureAndRefreshWebApplicationContext(ContextLoader.java:444) ~[spring-web-4.2.6.RELEASE.jar:4.2.6.RELEASE]
	at org.springframework.web.context.ContextLoader.initWebApplicationContext(ContextLoader.java:326) ~[spring-web-4.2.6.RELEASE.jar:4.2.6.RELEASE]
	at org.springframework.web.context.ContextLoaderListener.contextInitialized(ContextLoaderListener.java:107) [spring-web-4.2.6.RELEASE.jar:4.2.6.RELEASE]
	at org.eclipse.jetty.server.handler.ContextHandler.callContextInitialized(ContextHandler.java:843) [jetty-server-9.3.11.v20160721.jar:9.3.11.v20160721]
	at org.eclipse.jetty.servlet.ServletContextHandler.callContextInitialized(ServletContextHandler.java:533) [jetty-servlet-9.3.11.v20160721.jar:9.3.11.v20160721]
	at org.eclipse.jetty.server.handler.ContextHandler.startContext(ContextHandler.java:816) [jetty-server-9.3.11.v20160721.jar:9.3.11.v20160721]
	at org.eclipse.jetty.servlet.ServletContextHandler.startContext(ServletContextHandler.java:345) [jetty-servlet-9.3.11.v20160721.jar:9.3.11.v20160721]
	at org.eclipse.jetty.webapp.WebAppContext.startWebapp(WebAppContext.java:1404) [jetty-webapp-9.3.11.v20160721.jar:9.3.11.v20160721]
	at org.eclipse.jetty.maven.plugin.JettyWebAppContext.startWebapp(JettyWebAppContext.java:323) [jetty-maven-plugin-9.3.11.v20160721.jar:9.3.11.v20160721]
	at org.eclipse.jetty.webapp.WebAppContext.startContext(WebAppContext.java:1366) [jetty-webapp-9.3.11.v20160721.jar:9.3.11.v20160721]
	at org.eclipse.jetty.server.handler.ContextHandler.doStart(ContextHandler.java:778) [jetty-server-9.3.11.v20160721.jar:9.3.11.v20160721]
	at org.eclipse.jetty.servlet.ServletContextHandler.doStart(ServletContextHandler.java:262) [jetty-servlet-9.3.11.v20160721.jar:9.3.11.v20160721]
	at org.eclipse.jetty.webapp.WebAppContext.doStart(WebAppContext.java:520) [jetty-webapp-9.3.11.v20160721.jar:9.3.11.v20160721]
	at org.eclipse.jetty.maven.plugin.JettyWebAppContext.doStart(JettyWebAppContext.java:398) [jetty-maven-plugin-9.3.11.v20160721.jar:9.3.11.v20160721]
	at org.eclipse.jetty.util.component.AbstractLifeCycle.start(AbstractLifeCycle.java:68) [jetty-util-9.3.11.v20160721.jar:9.3.11.v20160721]
	at org.eclipse.jetty.util.component.ContainerLifeCycle.start(ContainerLifeCycle.java:132) [jetty-util-9.3.11.v20160721.jar:9.3.11.v20160721]
	at org.eclipse.jetty.util.component.ContainerLifeCycle.doStart(ContainerLifeCycle.java:114) [jetty-util-9.3.11.v20160721.jar:9.3.11.v20160721]
	at org.eclipse.jetty.server.handler.AbstractHandler.doStart(AbstractHandler.java:61) [jetty-server-9.3.11.v20160721.jar:9.3.11.v20160721]
	at org.eclipse.jetty.server.handler.ContextHandlerCollection.doStart(ContextHandlerCollection.java:161) [jetty-server-9.3.11.v20160721.jar:9.3.11.v20160721]
	at org.eclipse.jetty.util.component.AbstractLifeCycle.start(AbstractLifeCycle.java:68) [jetty-util-9.3.11.v20160721.jar:9.3.11.v20160721]
	at org.eclipse.jetty.util.component.ContainerLifeCycle.start(ContainerLifeCycle.java:132) [jetty-util-9.3.11.v20160721.jar:9.3.11.v20160721]
	at org.eclipse.jetty.util.component.ContainerLifeCycle.doStart(ContainerLifeCycle.java:114) [jetty-util-9.3.11.v20160721.jar:9.3.11.v20160721]
	at org.eclipse.jetty.server.handler.AbstractHandler.doStart(AbstractHandler.java:61) [jetty-server-9.3.11.v20160721.jar:9.3.11.v20160721]
	at org.eclipse.jetty.util.component.AbstractLifeCycle.start(AbstractLifeCycle.java:68) [jetty-util-9.3.11.v20160721.jar:9.3.11.v20160721]
	at org.eclipse.jetty.util.component.ContainerLifeCycle.start(ContainerLifeCycle.java:132) [jetty-util-9.3.11.v20160721.jar:9.3.11.v20160721]
	at org.eclipse.jetty.server.Server.start(Server.java:411) [jetty-server-9.3.11.v20160721.jar:9.3.11.v20160721]
	at org.eclipse.jetty.util.component.ContainerLifeCycle.doStart(ContainerLifeCycle.java:106) [jetty-util-9.3.11.v20160721.jar:9.3.11.v20160721]
	at org.eclipse.jetty.server.handler.AbstractHandler.doStart(AbstractHandler.java:61) [jetty-server-9.3.11.v20160721.jar:9.3.11.v20160721]
	at org.eclipse.jetty.server.Server.doStart(Server.java:378) [jetty-server-9.3.11.v20160721.jar:9.3.11.v20160721]
	at org.eclipse.jetty.util.component.AbstractLifeCycle.start(AbstractLifeCycle.java:68) [jetty-util-9.3.11.v20160721.jar:9.3.11.v20160721]
	at org.eclipse.jetty.maven.plugin.AbstractJettyMojo.startJetty(AbstractJettyMojo.java:460) [jetty-maven-plugin-9.3.11.v20160721.jar:9.3.11.v20160721]
	at org.eclipse.jetty.maven.plugin.AbstractJettyMojo.execute(AbstractJettyMojo.java:328) [jetty-maven-plugin-9.3.11.v20160721.jar:9.3.11.v20160721]
	at org.eclipse.jetty.maven.plugin.JettyRunMojo.execute(JettyRunMojo.java:170) [jetty-maven-plugin-9.3.11.v20160721.jar:9.3.11.v20160721]
	at org.apache.maven.plugin.DefaultBuildPluginManager.executeMojo(DefaultBuildPluginManager.java:101) [maven-core-3.0.5.jar:3.0.5]
	at org.apache.maven.lifecycle.internal.MojoExecutor.execute(MojoExecutor.java:209) [maven-core-3.0.5.jar:3.0.5]
	at org.apache.maven.lifecycle.internal.MojoExecutor.execute(MojoExecutor.java:153) [maven-core-3.0.5.jar:3.0.5]
	at org.apache.maven.lifecycle.internal.MojoExecutor.execute(MojoExecutor.java:145) [maven-core-3.0.5.jar:3.0.5]
	at org.apache.maven.lifecycle.internal.LifecycleModuleBuilder.buildProject(LifecycleModuleBuilder.java:84) [maven-core-3.0.5.jar:3.0.5]
	at org.apache.maven.lifecycle.internal.LifecycleModuleBuilder.buildProject(LifecycleModuleBuilder.java:59) [maven-core-3.0.5.jar:3.0.5]
	at org.apache.maven.lifecycle.internal.LifecycleStarter.singleThreadedBuild(LifecycleStarter.java:183) [maven-core-3.0.5.jar:3.0.5]
	at org.apache.maven.lifecycle.internal.LifecycleStarter.execute(LifecycleStarter.java:161) [maven-core-3.0.5.jar:3.0.5]
	at org.apache.maven.DefaultMaven.doExecute(DefaultMaven.java:320) [maven-core-3.0.5.jar:3.0.5]
	at org.apache.maven.DefaultMaven.execute(DefaultMaven.java:156) [maven-core-3.0.5.jar:3.0.5]
	at org.apache.maven.cli.MavenCli.execute(MavenCli.java:537) [maven-embedder-3.0.5.jar:3.0.5]
	at org.apache.maven.cli.MavenCli.doMain(MavenCli.java:196) [maven-embedder-3.0.5.jar:3.0.5]
	at org.apache.maven.cli.MavenCli.main(MavenCli.java:141) [maven-embedder-3.0.5.jar:3.0.5]
	at sun.reflect.NativeMethodAccessorImpl.invoke0(Native Method) ~[na:1.8.0_65]
	at sun.reflect.NativeMethodAccessorImpl.invoke(NativeMethodAccessorImpl.java:62) ~[na:1.8.0_65]
	at sun.reflect.DelegatingMethodAccessorImpl.invoke(DelegatingMethodAccessorImpl.java:43) ~[na:1.8.0_65]
	at java.lang.reflect.Method.invoke(Method.java:497) ~[na:1.8.0_65]
	at org.codehaus.plexus.classworlds.launcher.Launcher.launchEnhanced(Launcher.java:290) [plexus-classworlds-2.4.jar:na]
	at org.codehaus.plexus.classworlds.launcher.Launcher.launch(Launcher.java:230) [plexus-classworlds-2.4.jar:na]
	at org.codehaus.plexus.classworlds.launcher.Launcher.mainWithExitCode(Launcher.java:409) [plexus-classworlds-2.4.jar:na]
	at org.codehaus.plexus.classworlds.launcher.Launcher.main(Launcher.java:352) [plexus-classworlds-2.4.jar:na]
	at org.codehaus.classworlds.Launcher.main(Launcher.java:47) [plexus-classworlds-2.4.jar:na]
	at sun.reflect.NativeMethodAccessorImpl.invoke0(Native Method) ~[na:1.8.0_65]
	at sun.reflect.NativeMethodAccessorImpl.invoke(NativeMethodAccessorImpl.java:62) ~[na:1.8.0_65]
	at sun.reflect.DelegatingMethodAccessorImpl.invoke(DelegatingMethodAccessorImpl.java:43) ~[na:1.8.0_65]
	at java.lang.reflect.Method.invoke(Method.java:497) ~[na:1.8.0_65]
	at com.intellij.rt.execution.application.AppMain.main(AppMain.java:144) [idea_rt.jar:na]
Caused by: java.lang.IllegalStateException: Ambiguous mapping. Cannot map 'searchController' method 
public java.lang.String com.icinfo.springmvc.elasticsearch.controller.SearchController.search(java.lang.String)
to {[/search],methods=[GET],produces=[text/html;charset=UTF-8]}: There is already 'jestClientController' bean method
public java.lang.String com.icinfo.springmvc.elasticsearch.controller.JestClientController.search(java.lang.String) throws java.io.IOException mapped.
	at org.springframework.web.servlet.handler.AbstractHandlerMethodMapping$MappingRegistry.assertUniqueMethodMapping(AbstractHandlerMethodMapping.java:567) ~[spring-webmvc-4.2.6.RELEASE.jar:4.2.6.RELEASE]
	at org.springframework.web.servlet.handler.AbstractHandlerMethodMapping$MappingRegistry.register(AbstractHandlerMethodMapping.java:531) ~[spring-webmvc-4.2.6.RELEASE.jar:4.2.6.RELEASE]
	at org.springframework.web.servlet.handler.AbstractHandlerMethodMapping.registerHandlerMethod(AbstractHandlerMethodMapping.java:255) ~[spring-webmvc-4.2.6.RELEASE.jar:4.2.6.RELEASE]
	at org.springframework.web.servlet.handler.AbstractHandlerMethodMapping.detectHandlerMethods(AbstractHandlerMethodMapping.java:241) ~[spring-webmvc-4.2.6.RELEASE.jar:4.2.6.RELEASE]
	at org.springframework.web.servlet.handler.AbstractHandlerMethodMapping.initHandlerMethods(AbstractHandlerMethodMapping.java:213) ~[spring-webmvc-4.2.6.RELEASE.jar:4.2.6.RELEASE]
	at org.springframework.web.servlet.handler.AbstractHandlerMethodMapping.afterPropertiesSet(AbstractHandlerMethodMapping.java:183) ~[spring-webmvc-4.2.6.RELEASE.jar:4.2.6.RELEASE]
	at org.springframework.web.servlet.mvc.method.annotation.RequestMappingHandlerMapping.afterPropertiesSet(RequestMappingHandlerMapping.java:125) ~[spring-webmvc-4.2.6.RELEASE.jar:4.2.6.RELEASE]
	at org.springframework.beans.factory.support.AbstractAutowireCapableBeanFactory.invokeInitMethods(AbstractAutowireCapableBeanFactory.java:1642) ~[spring-beans-4.3.3.RELEASE.jar:4.3.3.RELEASE]
	at org.springframework.beans.factory.support.AbstractAutowireCapableBeanFactory.initializeBean(AbstractAutowireCapableBeanFactory.java:1579) ~[spring-beans-4.3.3.RELEASE.jar:4.3.3.RELEASE]
	... 69 common frames omitted
