2016-11-10 08:57:00,479 [qtp1829496747-18] ERROR io.searchbox.client.AbstractJestClient - Exception occurred during the parsing result. Since http ok going to return isSucceed as a true
java.lang.NullPointerException: null
	at io.searchbox.client.AbstractJestClient.isOperationSucceed(AbstractJestClient.java:81) [jest-0.0.2.jar:na]
	at io.searchbox.client.AbstractJestClient.createNewElasticSearchResult(AbstractJestClient.java:62) [jest-0.0.2.jar:na]
	at io.searchbox.client.http.JestHttpClient.deserializeResponse(JestHttpClient.java:149) [jest-0.0.2.jar:na]
	at io.searchbox.client.http.JestHttpClient.execute(JestHttpClient.java:59) [jest-0.0.2.jar:na]
	at com.icinfo.springmvc.common.service.impl.EsActionServiceImpl.deleteArticle(EsActionServiceImpl.java:90) [classes/:na]
	at com.icinfo.springmvc.elasticsearch.controller.SearchController.deleteArticle(SearchController.java:59) [classes/:na]
	at sun.reflect.NativeMethodAccessorImpl.invoke0(Native Method) ~[na:1.8.0_65]
	at sun.reflect.NativeMethodAccessorImpl.invoke(NativeMethodAccessorImpl.java:62) ~[na:1.8.0_65]
	at sun.reflect.DelegatingMethodAccessorImpl.invoke(DelegatingMethodAccessorImpl.java:43) ~[na:1.8.0_65]
	at java.lang.reflect.Method.invoke(Method.java:497) ~[na:1.8.0_65]
	at org.springframework.web.method.support.InvocableHandlerMethod.doInvoke(InvocableHandlerMethod.java:221) [spring-web-4.2.6.RELEASE.jar:4.2.6.RELEASE]
	at org.springframework.web.method.support.InvocableHandlerMethod.invokeForRequest(InvocableHandlerMethod.java:136) [spring-web-4.2.6.RELEASE.jar:4.2.6.RELEASE]
	at org.springframework.web.servlet.mvc.method.annotation.ServletInvocableHandlerMethod.invokeAndHandle(ServletInvocableHandlerMethod.java:110) [spring-webmvc-4.2.6.RELEASE.jar:4.2.6.RELEASE]
	at org.springframework.web.servlet.mvc.method.annotation.RequestMappingHandlerAdapter.invokeHandlerMethod(RequestMappingHandlerAdapter.java:832) [spring-webmvc-4.2.6.RELEASE.jar:4.2.6.RELEASE]
	at org.springframework.web.servlet.mvc.method.annotation.RequestMappingHandlerAdapter.handleInternal(RequestMappingHandlerAdapter.java:743) [spring-webmvc-4.2.6.RELEASE.jar:4.2.6.RELEASE]
	at org.springframework.web.servlet.mvc.method.AbstractHandlerMethodAdapter.handle(AbstractHandlerMethodAdapter.java:85) [spring-webmvc-4.2.6.RELEASE.jar:4.2.6.RELEASE]
	at org.springframework.web.servlet.DispatcherServlet.doDispatch(DispatcherServlet.java:961) [spring-webmvc-4.2.6.RELEASE.jar:4.2.6.RELEASE]
	at org.springframework.web.servlet.DispatcherServlet.doService(DispatcherServlet.java:895) [spring-webmvc-4.2.6.RELEASE.jar:4.2.6.RELEASE]
	at org.springframework.web.servlet.FrameworkServlet.processRequest(FrameworkServlet.java:967) [spring-webmvc-4.2.6.RELEASE.jar:4.2.6.RELEASE]
	at org.springframework.web.servlet.FrameworkServlet.doGet(FrameworkServlet.java:858) [spring-webmvc-4.2.6.RELEASE.jar:4.2.6.RELEASE]
	at javax.servlet.http.HttpServlet.service(HttpServlet.java:687) [javax.servlet-api-3.1.0.jar:3.1.0]
	at org.springframework.web.servlet.FrameworkServlet.service(FrameworkServlet.java:843) [spring-webmvc-4.2.6.RELEASE.jar:4.2.6.RELEASE]
	at javax.servlet.http.HttpServlet.service(HttpServlet.java:790) [javax.servlet-api-3.1.0.jar:3.1.0]
	at org.eclipse.jetty.servlet.ServletHolder.handle(ServletHolder.java:837) [jetty-servlet-9.3.11.v20160721.jar:9.3.11.v20160721]
	at org.eclipse.jetty.servlet.ServletHandler.doHandle(ServletHandler.java:583) [jetty-servlet-9.3.11.v20160721.jar:9.3.11.v20160721]
	at org.eclipse.jetty.server.handler.ScopedHandler.handle(ScopedHandler.java:143) [jetty-server-9.3.11.v20160721.jar:9.3.11.v20160721]
	at org.eclipse.jetty.security.SecurityHandler.handle(SecurityHandler.java:548) [jetty-security-9.3.11.v20160721.jar:9.3.11.v20160721]
	at org.eclipse.jetty.server.session.SessionHandler.doHandle(SessionHandler.java:226) [jetty-server-9.3.11.v20160721.jar:9.3.11.v20160721]
	at org.eclipse.jetty.server.handler.ContextHandler.doHandle(ContextHandler.java:1180) [jetty-server-9.3.11.v20160721.jar:9.3.11.v20160721]
	at org.eclipse.jetty.servlet.ServletHandler.doScope(ServletHandler.java:511) [jetty-servlet-9.3.11.v20160721.jar:9.3.11.v20160721]
	at org.eclipse.jetty.server.session.SessionHandler.doScope(SessionHandler.java:185) [jetty-server-9.3.11.v20160721.jar:9.3.11.v20160721]
	at org.eclipse.jetty.server.handler.ContextHandler.doScope(ContextHandler.java:1112) [jetty-server-9.3.11.v20160721.jar:9.3.11.v20160721]
	at org.eclipse.jetty.server.handler.ScopedHandler.handle(ScopedHandler.java:141) [jetty-server-9.3.11.v20160721.jar:9.3.11.v20160721]
	at org.eclipse.jetty.server.handler.ContextHandlerCollection.handle(ContextHandlerCollection.java:213) [jetty-server-9.3.11.v20160721.jar:9.3.11.v20160721]
	at org.eclipse.jetty.server.handler.HandlerCollection.handle(HandlerCollection.java:119) [jetty-server-9.3.11.v20160721.jar:9.3.11.v20160721]
	at org.eclipse.jetty.server.handler.HandlerWrapper.handle(HandlerWrapper.java:134) [jetty-server-9.3.11.v20160721.jar:9.3.11.v20160721]
	at org.eclipse.jetty.server.Server.handle(Server.java:524) [jetty-server-9.3.11.v20160721.jar:9.3.11.v20160721]
	at org.eclipse.jetty.server.HttpChannel.handle(HttpChannel.java:319) [jetty-server-9.3.11.v20160721.jar:9.3.11.v20160721]
	at org.eclipse.jetty.server.HttpConnection.onFillable(HttpConnection.java:253) [jetty-server-9.3.11.v20160721.jar:9.3.11.v20160721]
	at org.eclipse.jetty.io.AbstractConnection$ReadCallback.succeeded(AbstractConnection.java:273) [jetty-io-9.3.11.v20160721.jar:9.3.11.v20160721]
	at org.eclipse.jetty.io.FillInterest.fillable(FillInterest.java:95) [jetty-io-9.3.11.v20160721.jar:9.3.11.v20160721]
	at org.eclipse.jetty.io.SelectChannelEndPoint$2.run(SelectChannelEndPoint.java:93) [jetty-io-9.3.11.v20160721.jar:9.3.11.v20160721]
	at org.eclipse.jetty.util.thread.strategy.ExecuteProduceConsume.executeProduceConsume(ExecuteProduceConsume.java:303) [jetty-util-9.3.11.v20160721.jar:9.3.11.v20160721]
	at org.eclipse.jetty.util.thread.strategy.ExecuteProduceConsume.produceConsume(ExecuteProduceConsume.java:148) [jetty-util-9.3.11.v20160721.jar:9.3.11.v20160721]
	at org.eclipse.jetty.util.thread.strategy.ExecuteProduceConsume.run(ExecuteProduceConsume.java:136) [jetty-util-9.3.11.v20160721.jar:9.3.11.v20160721]
	at org.eclipse.jetty.util.thread.QueuedThreadPool.runJob(QueuedThreadPool.java:671) [jetty-util-9.3.11.v20160721.jar:9.3.11.v20160721]
	at org.eclipse.jetty.util.thread.QueuedThreadPool$2.run(QueuedThreadPool.java:589) [jetty-util-9.3.11.v20160721.jar:9.3.11.v20160721]
	at java.lang.Thread.run(Thread.java:745) [na:1.8.0_65]
2016-11-10 09:22:31,713 [qtp243596165-17] ERROR io.searchbox.client.AbstractJestClient - Exception occurred during the parsing result. Since http ok going to return isSucceed as a true
java.lang.NullPointerException: null
	at io.searchbox.client.AbstractJestClient.isOperationSucceed(AbstractJestClient.java:79) [jest-0.0.2.jar:na]
	at io.searchbox.client.AbstractJestClient.createNewElasticSearchResult(AbstractJestClient.java:62) [jest-0.0.2.jar:na]
	at io.searchbox.client.http.JestHttpClient.deserializeResponse(JestHttpClient.java:149) [jest-0.0.2.jar:na]
	at io.searchbox.client.http.JestHttpClient.execute(JestHttpClient.java:59) [jest-0.0.2.jar:na]
	at com.icinfo.springmvc.common.service.impl.EsActionServiceImpl.updateArticle(EsActionServiceImpl.java:100) [classes/:na]
	at com.icinfo.springmvc.elasticsearch.controller.SearchController.updateArtcle(SearchController.java:91) [classes/:na]
	at sun.reflect.NativeMethodAccessorImpl.invoke0(Native Method) ~[na:1.8.0_65]
	at sun.reflect.NativeMethodAccessorImpl.invoke(NativeMethodAccessorImpl.java:62) ~[na:1.8.0_65]
	at sun.reflect.DelegatingMethodAccessorImpl.invoke(DelegatingMethodAccessorImpl.java:43) ~[na:1.8.0_65]
	at java.lang.reflect.Method.invoke(Method.java:497) ~[na:1.8.0_65]
	at org.springframework.web.method.support.InvocableHandlerMethod.doInvoke(InvocableHandlerMethod.java:221) [spring-web-4.2.6.RELEASE.jar:4.2.6.RELEASE]
	at org.springframework.web.method.support.InvocableHandlerMethod.invokeForRequest(InvocableHandlerMethod.java:136) [spring-web-4.2.6.RELEASE.jar:4.2.6.RELEASE]
	at org.springframework.web.servlet.mvc.method.annotation.ServletInvocableHandlerMethod.invokeAndHandle(ServletInvocableHandlerMethod.java:110) [spring-webmvc-4.2.6.RELEASE.jar:4.2.6.RELEASE]
	at org.springframework.web.servlet.mvc.method.annotation.RequestMappingHandlerAdapter.invokeHandlerMethod(RequestMappingHandlerAdapter.java:832) [spring-webmvc-4.2.6.RELEASE.jar:4.2.6.RELEASE]
	at org.springframework.web.servlet.mvc.method.annotation.RequestMappingHandlerAdapter.handleInternal(RequestMappingHandlerAdapter.java:743) [spring-webmvc-4.2.6.RELEASE.jar:4.2.6.RELEASE]
	at org.springframework.web.servlet.mvc.method.AbstractHandlerMethodAdapter.handle(AbstractHandlerMethodAdapter.java:85) [spring-webmvc-4.2.6.RELEASE.jar:4.2.6.RELEASE]
	at org.springframework.web.servlet.DispatcherServlet.doDispatch(DispatcherServlet.java:961) [spring-webmvc-4.2.6.RELEASE.jar:4.2.6.RELEASE]
	at org.springframework.web.servlet.DispatcherServlet.doService(DispatcherServlet.java:895) [spring-webmvc-4.2.6.RELEASE.jar:4.2.6.RELEASE]
	at org.springframework.web.servlet.FrameworkServlet.processRequest(FrameworkServlet.java:967) [spring-webmvc-4.2.6.RELEASE.jar:4.2.6.RELEASE]
	at org.springframework.web.servlet.FrameworkServlet.doGet(FrameworkServlet.java:858) [spring-webmvc-4.2.6.RELEASE.jar:4.2.6.RELEASE]
	at javax.servlet.http.HttpServlet.service(HttpServlet.java:687) [javax.servlet-api-3.1.0.jar:3.1.0]
	at org.springframework.web.servlet.FrameworkServlet.service(FrameworkServlet.java:843) [spring-webmvc-4.2.6.RELEASE.jar:4.2.6.RELEASE]
	at javax.servlet.http.HttpServlet.service(HttpServlet.java:790) [javax.servlet-api-3.1.0.jar:3.1.0]
	at org.eclipse.jetty.servlet.ServletHolder.handle(ServletHolder.java:837) [jetty-servlet-9.3.11.v20160721.jar:9.3.11.v20160721]
	at org.eclipse.jetty.servlet.ServletHandler.doHandle(ServletHandler.java:583) [jetty-servlet-9.3.11.v20160721.jar:9.3.11.v20160721]
	at org.eclipse.jetty.server.handler.ScopedHandler.handle(ScopedHandler.java:143) [jetty-server-9.3.11.v20160721.jar:9.3.11.v20160721]
	at org.eclipse.jetty.security.SecurityHandler.handle(SecurityHandler.java:548) [jetty-security-9.3.11.v20160721.jar:9.3.11.v20160721]
	at org.eclipse.jetty.server.session.SessionHandler.doHandle(SessionHandler.java:226) [jetty-server-9.3.11.v20160721.jar:9.3.11.v20160721]
	at org.eclipse.jetty.server.handler.ContextHandler.doHandle(ContextHandler.java:1180) [jetty-server-9.3.11.v20160721.jar:9.3.11.v20160721]
	at org.eclipse.jetty.servlet.ServletHandler.doScope(ServletHandler.java:511) [jetty-servlet-9.3.11.v20160721.jar:9.3.11.v20160721]
	at org.eclipse.jetty.server.session.SessionHandler.doScope(SessionHandler.java:185) [jetty-server-9.3.11.v20160721.jar:9.3.11.v20160721]
	at org.eclipse.jetty.server.handler.ContextHandler.doScope(ContextHandler.java:1112) [jetty-server-9.3.11.v20160721.jar:9.3.11.v20160721]
	at org.eclipse.jetty.server.handler.ScopedHandler.handle(ScopedHandler.java:141) [jetty-server-9.3.11.v20160721.jar:9.3.11.v20160721]
	at org.eclipse.jetty.server.handler.ContextHandlerCollection.handle(ContextHandlerCollection.java:213) [jetty-server-9.3.11.v20160721.jar:9.3.11.v20160721]
	at org.eclipse.jetty.server.handler.HandlerCollection.handle(HandlerCollection.java:119) [jetty-server-9.3.11.v20160721.jar:9.3.11.v20160721]
	at org.eclipse.jetty.server.handler.HandlerWrapper.handle(HandlerWrapper.java:134) [jetty-server-9.3.11.v20160721.jar:9.3.11.v20160721]
	at org.eclipse.jetty.server.Server.handle(Server.java:524) [jetty-server-9.3.11.v20160721.jar:9.3.11.v20160721]
	at org.eclipse.jetty.server.HttpChannel.handle(HttpChannel.java:319) [jetty-server-9.3.11.v20160721.jar:9.3.11.v20160721]
	at org.eclipse.jetty.server.HttpConnection.onFillable(HttpConnection.java:253) [jetty-server-9.3.11.v20160721.jar:9.3.11.v20160721]
	at org.eclipse.jetty.io.AbstractConnection$ReadCallback.succeeded(AbstractConnection.java:273) [jetty-io-9.3.11.v20160721.jar:9.3.11.v20160721]
	at org.eclipse.jetty.io.FillInterest.fillable(FillInterest.java:95) [jetty-io-9.3.11.v20160721.jar:9.3.11.v20160721]
	at org.eclipse.jetty.io.SelectChannelEndPoint$2.run(SelectChannelEndPoint.java:93) [jetty-io-9.3.11.v20160721.jar:9.3.11.v20160721]
	at org.eclipse.jetty.util.thread.strategy.ExecuteProduceConsume.executeProduceConsume(ExecuteProduceConsume.java:303) [jetty-util-9.3.11.v20160721.jar:9.3.11.v20160721]
	at org.eclipse.jetty.util.thread.strategy.ExecuteProduceConsume.produceConsume(ExecuteProduceConsume.java:148) [jetty-util-9.3.11.v20160721.jar:9.3.11.v20160721]
	at org.eclipse.jetty.util.thread.strategy.ExecuteProduceConsume.run(ExecuteProduceConsume.java:136) [jetty-util-9.3.11.v20160721.jar:9.3.11.v20160721]
	at org.eclipse.jetty.util.thread.QueuedThreadPool.runJob(QueuedThreadPool.java:671) [jetty-util-9.3.11.v20160721.jar:9.3.11.v20160721]
	at org.eclipse.jetty.util.thread.QueuedThreadPool$2.run(QueuedThreadPool.java:589) [jetty-util-9.3.11.v20160721.jar:9.3.11.v20160721]
	at java.lang.Thread.run(Thread.java:745) [na:1.8.0_65]
