2016-12-07 16:28:39,664 [main] INFO  org.springframework.web.context.ContextLoader - Root WebApplicationContext: initialization started
2016-12-07 16:28:40,346 [main] INFO  org.springframework.web.context.support.XmlWebApplicationContext - Refreshing Root WebApplicationContext: startup date [Wed Dec 07 16:28:40 CST 2016]; root of context hierarchy
2016-12-07 16:28:41,497 [main] INFO  org.springframework.beans.factory.xml.XmlBeanDefinitionReader - Loading XML bean definitions from class path resource [spring-mvc.xml]
2016-12-07 16:28:45,526 [main] INFO  org.springframework.beans.factory.config.PropertyPlaceholderConfigurer - Loading properties file from class path resource [config/paoding/paoding-analyzer.properties]
2016-12-07 16:28:45,527 [main] INFO  org.springframework.beans.factory.config.PropertyPlaceholderConfigurer - Loading properties file from class path resource [config/profile/config.properties]
2016-12-07 16:28:45,539 [main] INFO  org.springframework.beans.factory.annotation.AutowiredAnnotationBeanPostProcessor - JSR-330 'javax.inject.Inject' annotation found and supported for autowiring
2016-12-07 16:28:46,792 [main] INFO  io.searchbox.client.AbstractJestClient - Setting server pool to a list of 1 servers: [http://192.168.5.49:9200]
2016-12-07 16:28:46,797 [main] INFO  io.searchbox.client.JestClientFactory - Using multi thread/connection supporting pooling connection manager
2016-12-07 16:28:50,012 [main] INFO  io.searchbox.client.JestClientFactory - Using default GSON instance
2016-12-07 16:28:50,012 [main] INFO  io.searchbox.client.JestClientFactory - Node Discovery disabled...
2016-12-07 16:28:50,012 [main] INFO  io.searchbox.client.JestClientFactory - Idle connection reaping disabled...
2016-12-07 16:28:50,597 [main] INFO  org.springframework.web.servlet.mvc.method.annotation.RequestMappingHandlerMapping - Mapped "{[/page/{path}/{file}],methods=[GET]}" onto public java.lang.String com.icinfo.springmvc.common.controller.CommonController.toPage(java.lang.String,java.lang.String)
2016-12-07 16:28:50,602 [main] INFO  org.springframework.web.servlet.mvc.method.annotation.RequestMappingHandlerMapping - Mapped "{[/es/page],methods=[GET],produces=[text/html;charset=UTF-8]}" onto public java.lang.String com.icinfo.springmvc.elasticsearch.controller.EsController.page(java.lang.String,int,int) throws java.lang.Exception
2016-12-07 16:28:50,602 [main] INFO  org.springframework.web.servlet.mvc.method.annotation.RequestMappingHandlerMapping - Mapped "{[/es/getdocs],methods=[GET],produces=[text/html;charset=UTF-8]}" onto public java.lang.String com.icinfo.springmvc.elasticsearch.controller.EsController.getDocs(java.lang.String,java.lang.String,java.lang.String) throws java.lang.Exception
2016-12-07 16:28:50,606 [main] INFO  org.springframework.web.servlet.mvc.method.annotation.RequestMappingHandlerMapping - Mapped "{[/search],methods=[GET],produces=[text/html;charset=UTF-8]}" onto public java.lang.String com.icinfo.springmvc.elasticsearch.controller.JestClientController.search(java.lang.String) throws java.io.IOException
2016-12-07 16:28:50,607 [main] INFO  org.springframework.web.servlet.mvc.method.annotation.RequestMappingHandlerMapping - Mapped "{[/page],methods=[GET],produces=[text/html;charset=UTF-8]}" onto public java.lang.String com.icinfo.springmvc.elasticsearch.controller.JestClientController.page(java.lang.String,int,int) throws java.lang.Exception
2016-12-07 16:28:50,608 [main] INFO  org.springframework.web.servlet.mvc.method.annotation.RequestMappingHandlerMapping - Mapped "{[/createindex],methods=[GET]}" onto public void com.icinfo.springmvc.elasticsearch.controller.JestClientController.createIndex(java.lang.String,java.lang.String) throws java.lang.Exception
2016-12-07 16:28:50,608 [main] INFO  org.springframework.web.servlet.mvc.method.annotation.RequestMappingHandlerMapping - Mapped "{[/getarticle],methods=[GET],produces=[text/html;charset=UTF-8]}" onto public java.lang.String com.icinfo.springmvc.elasticsearch.controller.JestClientController.getArticle(java.lang.String) throws java.lang.Exception
2016-12-07 16:28:50,608 [main] INFO  org.springframework.web.servlet.mvc.method.annotation.RequestMappingHandlerMapping - Mapped "{[/updatearticle],methods=[GET],produces=[text/html;charset=UTF-8]}" onto public java.lang.String com.icinfo.springmvc.elasticsearch.controller.JestClientController.updateArtcle(java.lang.String,java.lang.String,java.lang.String) throws java.lang.Exception
2016-12-07 16:28:50,609 [main] INFO  org.springframework.web.servlet.mvc.method.annotation.RequestMappingHandlerMapping - Mapped "{[/deletearticle],methods=[GET],produces=[text/html;charset=UTF-8]}" onto public java.lang.String com.icinfo.springmvc.elasticsearch.controller.JestClientController.deleteArticle(java.lang.String,java.lang.String,java.lang.String) throws java.lang.Exception
2016-12-07 16:28:50,611 [main] INFO  org.springframework.web.servlet.mvc.method.annotation.RequestMappingHandlerMapping - Mapped "{[/file/upload],methods=[POST]}" onto public java.lang.String com.icinfo.springmvc.file.controller.UploadController.upload(org.springframework.web.multipart.MultipartFile,org.springframework.web.multipart.commons.CommonsMultipartFile,javax.servlet.http.HttpServletRequest,org.springframework.ui.Model)
2016-12-07 16:28:50,611 [main] INFO  org.springframework.web.servlet.mvc.method.annotation.RequestMappingHandlerMapping - Mapped "{[/file/toupload],methods=[GET]}" onto public java.lang.String com.icinfo.springmvc.file.controller.UploadController.toUpload()
2016-12-07 16:28:51,271 [main] INFO  org.springframework.web.servlet.mvc.method.annotation.RequestMappingHandlerAdapter - Looking for @ControllerAdvice: Root WebApplicationContext: startup date [Wed Dec 07 16:28:40 CST 2016]; root of context hierarchy
2016-12-07 16:28:51,353 [main] INFO  org.springframework.web.servlet.mvc.method.annotation.RequestMappingHandlerAdapter - Looking for @ControllerAdvice: Root WebApplicationContext: startup date [Wed Dec 07 16:28:40 CST 2016]; root of context hierarchy
2016-12-07 16:28:51,517 [main] INFO  org.springframework.web.servlet.handler.SimpleUrlHandlerMapping - Mapped URL path [/**] onto handler 'org.springframework.web.servlet.resource.DefaultServletHttpRequestHandler#0'
2016-12-07 16:28:51,562 [main] INFO  org.springframework.web.servlet.handler.SimpleUrlHandlerMapping - Mapped URL path [/css/**] onto handler 'org.springframework.web.servlet.resource.ResourceHttpRequestHandler#0'
2016-12-07 16:28:51,567 [main] INFO  org.springframework.web.servlet.handler.SimpleUrlHandlerMapping - Mapped URL path [/js/**] onto handler 'org.springframework.web.servlet.resource.ResourceHttpRequestHandler#1'
2016-12-07 16:28:51,929 [main] INFO  org.springframework.web.context.ContextLoader - Root WebApplicationContext: initialization completed in 12260 ms
2016-12-07 16:28:52,092 [main] INFO  org.elasticsearch.node - [Shatterfist] {0.19.11}[1252]: initializing ...
2016-12-07 16:28:52,103 [main] INFO  org.elasticsearch.plugins - [Shatterfist] loaded [], sites []
2016-12-07 16:28:54,719 [main] INFO  org.elasticsearch.node - [Shatterfist] {0.19.11}[1252]: initialized
2016-12-07 16:28:54,719 [main] INFO  org.elasticsearch.node - [Shatterfist] {0.19.11}[1252]: starting ...
2016-12-07 16:28:54,984 [main] INFO  org.elasticsearch.transport - [Shatterfist] bound_address {inet[/0:0:0:0:0:0:0:0:9301]}, publish_address {inet[/192.168.5.49:9301]}
2016-12-07 16:28:58,269 [elasticsearch[Shatterfist][clusterService#updateTask][T#1]] INFO  org.elasticsearch.cluster.service - [Shatterfist] new_master [Shatterfist][S5rv34rGTvylnMbaoKhPUQ][inet[/192.168.5.49:9301]], reason: zen-disco-join (elected_as_master)
2016-12-07 16:28:58,338 [main] INFO  org.elasticsearch.discovery - [Shatterfist] elasticsearch/S5rv34rGTvylnMbaoKhPUQ
2016-12-07 16:28:58,446 [main] INFO  org.elasticsearch.http - [Shatterfist] bound_address {inet[/0:0:0:0:0:0:0:0:9201]}, publish_address {inet[/192.168.5.49:9201]}
2016-12-07 16:28:58,446 [main] INFO  org.elasticsearch.node - [Shatterfist] {0.19.11}[1252]: started
2016-12-07 16:28:59,706 [elasticsearch[Shatterfist][clusterService#updateTask][T#1]] INFO  org.elasticsearch.gateway - [Shatterfist] recovered [1] indices into cluster_state
2016-12-07 16:55:22,127 [main] INFO  org.springframework.web.context.ContextLoader - Root WebApplicationContext: initialization started
2016-12-07 16:55:22,334 [main] INFO  org.springframework.web.context.support.XmlWebApplicationContext - Refreshing Root WebApplicationContext: startup date [Wed Dec 07 16:55:22 CST 2016]; root of context hierarchy
2016-12-07 16:55:22,662 [main] INFO  org.springframework.beans.factory.xml.XmlBeanDefinitionReader - Loading XML bean definitions from class path resource [spring-mvc.xml]
2016-12-07 16:55:24,249 [main] INFO  org.springframework.beans.factory.config.PropertyPlaceholderConfigurer - Loading properties file from class path resource [config/paoding/paoding-analyzer.properties]
2016-12-07 16:55:24,250 [main] INFO  org.springframework.beans.factory.config.PropertyPlaceholderConfigurer - Loading properties file from class path resource [config/profile/config.properties]
2016-12-07 16:55:24,265 [main] INFO  org.springframework.beans.factory.annotation.AutowiredAnnotationBeanPostProcessor - JSR-330 'javax.inject.Inject' annotation found and supported for autowiring
2016-12-07 16:55:24,916 [main] INFO  io.searchbox.client.AbstractJestClient - Setting server pool to a list of 1 servers: [http://192.168.5.49:9200]
2016-12-07 16:55:24,922 [main] INFO  io.searchbox.client.JestClientFactory - Using multi thread/connection supporting pooling connection manager
2016-12-07 16:55:25,380 [main] INFO  io.searchbox.client.JestClientFactory - Using default GSON instance
2016-12-07 16:55:25,380 [main] INFO  io.searchbox.client.JestClientFactory - Node Discovery disabled...
2016-12-07 16:55:25,380 [main] INFO  io.searchbox.client.JestClientFactory - Idle connection reaping disabled...
2016-12-07 16:55:25,991 [main] INFO  org.springframework.web.servlet.mvc.method.annotation.RequestMappingHandlerMapping - Mapped "{[/page/{path}/{file}],methods=[GET]}" onto public java.lang.String com.icinfo.springmvc.common.controller.CommonController.toPage(java.lang.String,java.lang.String)
2016-12-07 16:55:25,997 [main] INFO  org.springframework.web.servlet.mvc.method.annotation.RequestMappingHandlerMapping - Mapped "{[/es/page],methods=[GET],produces=[text/html;charset=UTF-8]}" onto public java.lang.String com.icinfo.springmvc.elasticsearch.controller.EsController.page(java.lang.String,int,int) throws java.lang.Exception
2016-12-07 16:55:25,997 [main] INFO  org.springframework.web.servlet.mvc.method.annotation.RequestMappingHandlerMapping - Mapped "{[/es/getdocs],methods=[GET],produces=[text/html;charset=UTF-8]}" onto public java.lang.String com.icinfo.springmvc.elasticsearch.controller.EsController.getDocs(java.lang.String,java.lang.String,java.lang.String) throws java.lang.Exception
2016-12-07 16:55:26,004 [main] INFO  org.springframework.web.servlet.mvc.method.annotation.RequestMappingHandlerMapping - Mapped "{[/search],methods=[GET],produces=[text/html;charset=UTF-8]}" onto public java.lang.String com.icinfo.springmvc.elasticsearch.controller.JestClientController.search(java.lang.String) throws java.io.IOException
2016-12-07 16:55:26,004 [main] INFO  org.springframework.web.servlet.mvc.method.annotation.RequestMappingHandlerMapping - Mapped "{[/page],methods=[GET],produces=[text/html;charset=UTF-8]}" onto public java.lang.String com.icinfo.springmvc.elasticsearch.controller.JestClientController.page(java.lang.String,int,int) throws java.lang.Exception
2016-12-07 16:55:26,005 [main] INFO  org.springframework.web.servlet.mvc.method.annotation.RequestMappingHandlerMapping - Mapped "{[/createindex],methods=[GET]}" onto public void com.icinfo.springmvc.elasticsearch.controller.JestClientController.createIndex(java.lang.String,java.lang.String) throws java.lang.Exception
2016-12-07 16:55:26,005 [main] INFO  org.springframework.web.servlet.mvc.method.annotation.RequestMappingHandlerMapping - Mapped "{[/getarticle],methods=[GET],produces=[text/html;charset=UTF-8]}" onto public java.lang.String com.icinfo.springmvc.elasticsearch.controller.JestClientController.getArticle(java.lang.String) throws java.lang.Exception
2016-12-07 16:55:26,006 [main] INFO  org.springframework.web.servlet.mvc.method.annotation.RequestMappingHandlerMapping - Mapped "{[/updatearticle],methods=[GET],produces=[text/html;charset=UTF-8]}" onto public java.lang.String com.icinfo.springmvc.elasticsearch.controller.JestClientController.updateArtcle(java.lang.String,java.lang.String,java.lang.String) throws java.lang.Exception
2016-12-07 16:55:26,006 [main] INFO  org.springframework.web.servlet.mvc.method.annotation.RequestMappingHandlerMapping - Mapped "{[/deletearticle],methods=[GET],produces=[text/html;charset=UTF-8]}" onto public java.lang.String com.icinfo.springmvc.elasticsearch.controller.JestClientController.deleteArticle(java.lang.String,java.lang.String,java.lang.String) throws java.lang.Exception
2016-12-07 16:55:26,008 [main] INFO  org.springframework.web.servlet.mvc.method.annotation.RequestMappingHandlerMapping - Mapped "{[/file/upload],methods=[POST]}" onto public java.lang.String com.icinfo.springmvc.file.controller.UploadController.upload(org.springframework.web.multipart.MultipartFile,org.springframework.web.multipart.commons.CommonsMultipartFile,javax.servlet.http.HttpServletRequest,org.springframework.ui.Model)
2016-12-07 16:55:26,009 [main] INFO  org.springframework.web.servlet.mvc.method.annotation.RequestMappingHandlerMapping - Mapped "{[/file/toupload],methods=[GET]}" onto public java.lang.String com.icinfo.springmvc.file.controller.UploadController.toUpload()
2016-12-07 16:55:26,708 [main] INFO  org.springframework.web.servlet.mvc.method.annotation.RequestMappingHandlerAdapter - Looking for @ControllerAdvice: Root WebApplicationContext: startup date [Wed Dec 07 16:55:22 CST 2016]; root of context hierarchy
2016-12-07 16:55:26,802 [main] INFO  org.springframework.web.servlet.mvc.method.annotation.RequestMappingHandlerAdapter - Looking for @ControllerAdvice: Root WebApplicationContext: startup date [Wed Dec 07 16:55:22 CST 2016]; root of context hierarchy
2016-12-07 16:55:26,952 [main] INFO  org.springframework.web.servlet.handler.SimpleUrlHandlerMapping - Mapped URL path [/**] onto handler 'org.springframework.web.servlet.resource.DefaultServletHttpRequestHandler#0'
2016-12-07 16:55:26,989 [main] INFO  org.springframework.web.servlet.handler.SimpleUrlHandlerMapping - Mapped URL path [/css/**] onto handler 'org.springframework.web.servlet.resource.ResourceHttpRequestHandler#0'
2016-12-07 16:55:26,994 [main] INFO  org.springframework.web.servlet.handler.SimpleUrlHandlerMapping - Mapped URL path [/js/**] onto handler 'org.springframework.web.servlet.resource.ResourceHttpRequestHandler#1'
2016-12-07 16:55:27,330 [main] INFO  org.springframework.web.context.ContextLoader - Root WebApplicationContext: initialization completed in 5182 ms
2016-12-07 16:55:27,461 [main] INFO  org.elasticsearch.node - [Hayden, Alex] {0.19.11}[5000]: initializing ...
2016-12-07 16:55:27,472 [main] INFO  org.elasticsearch.plugins - [Hayden, Alex] loaded [], sites []
2016-12-07 16:55:29,454 [main] INFO  org.elasticsearch.node - [Hayden, Alex] {0.19.11}[5000]: initialized
2016-12-07 16:55:29,454 [main] INFO  org.elasticsearch.node - [Hayden, Alex] {0.19.11}[5000]: starting ...
2016-12-07 16:55:29,639 [main] INFO  org.elasticsearch.transport - [Hayden, Alex] bound_address {inet[/0:0:0:0:0:0:0:0:9301]}, publish_address {inet[/192.168.5.49:9301]}
2016-12-07 16:55:32,849 [elasticsearch[Hayden, Alex][clusterService#updateTask][T#1]] INFO  org.elasticsearch.cluster.service - [Hayden, Alex] new_master [Hayden, Alex][sXRnZDzPRXaZEydKb7FhJA][inet[/192.168.5.49:9301]], reason: zen-disco-join (elected_as_master)
2016-12-07 16:55:32,893 [main] INFO  org.elasticsearch.discovery - [Hayden, Alex] elasticsearch/sXRnZDzPRXaZEydKb7FhJA
2016-12-07 16:55:33,008 [main] INFO  org.elasticsearch.http - [Hayden, Alex] bound_address {inet[/0:0:0:0:0:0:0:0:9201]}, publish_address {inet[/192.168.5.49:9201]}
2016-12-07 16:55:33,009 [main] INFO  org.elasticsearch.node - [Hayden, Alex] {0.19.11}[5000]: started
2016-12-07 16:55:34,098 [elasticsearch[Hayden, Alex][clusterService#updateTask][T#1]] INFO  org.elasticsearch.gateway - [Hayden, Alex] recovered [1] indices into cluster_state
